[2025-08-22 17:54:33] INFO: Usando ruta de credenciales de Google Vision: /home/alex1986/mix-rastros-de-esperanza/gastos_bot/backend/whatsapp/credentials/ocrTickets.json
[2025-08-22 17:54:33] INFO: 🚀 Servidor corriendo en http://localhost:3001
[2025-08-22 18:25:13] INFO: Usando ruta de credenciales de Google Vision: /home/alex1986/mix-rastros-de-esperanza/gastos_bot/backend/whatsapp/credentials/ocrTickets.json
[2025-08-22 18:25:13] INFO: 🚀 Servidor corriendo en http://localhost:3001
[2025-08-22 18:25:20] INFO: Usando ruta de credenciales de Google Vision: /home/alex1986/mix-rastros-de-esperanza/gastos_bot/backend/whatsapp/credentials/ocrTickets.json
[2025-08-22 18:25:20] INFO: 🚀 Servidor corriendo en http://localhost:3001
[2025-08-22 18:26:23] INFO: Usando ruta de credenciales de Google Vision: /home/alex1986/mix-rastros-de-esperanza/gastos_bot/backend/whatsapp/credentials/ocrTickets.json
[2025-08-22 18:26:24] ERROR: ❌ Error al iniciar la app: SQLITE_ERROR: Cannot add a UNIQUE column
[2025-08-22 18:29:27] INFO: Usando ruta de credenciales de Google Vision: /home/alex1986/mix-rastros-de-esperanza/gastos_bot/backend/whatsapp/credentials/ocrTickets.json
[2025-08-22 18:29:28] ERROR: ❌ Error al iniciar la app: SQLITE_ERROR: Cannot add a UNIQUE column
[2025-08-22 18:37:39] INFO: Usando ruta de credenciales de Google Vision: /home/alex1986/mix-rastros-de-esperanza/gastos_bot/backend/whatsapp/credentials/ocrTickets.json
[2025-08-22 18:37:40] ERROR: ❌ Error al iniciar la app: SQLITE_ERROR: Cannot add a UNIQUE column
[2025-08-22 18:38:21] INFO: Usando ruta de credenciales de Google Vision: /home/alex1986/mix-rastros-de-esperanza/gastos_bot/backend/whatsapp/credentials/ocrTickets.json
[2025-08-22 18:38:21] ERROR: ❌ Error al iniciar la app: SQLITE_ERROR: Cannot add a UNIQUE column
[2025-08-22 18:38:36] INFO: Usando ruta de credenciales de Google Vision: /home/alex1986/mix-rastros-de-esperanza/gastos_bot/backend/whatsapp/credentials/ocrTickets.json
[2025-08-22 18:38:37] ERROR: ❌ Error al iniciar la app: SQLITE_ERROR: Cannot add a UNIQUE column
[2025-08-22 18:39:57] INFO: Usando ruta de credenciales de Google Vision: /home/alex1986/mix-rastros-de-esperanza/gastos_bot/backend/whatsapp/credentials/ocrTickets.json
[2025-08-22 18:39:58] ERROR: ❌ Error al iniciar la app: SQLITE_ERROR: Cannot add a UNIQUE column
[2025-08-22 22:19:08] INFO: Usando ruta de credenciales de Google Vision: /home/alex1986/mix-rastros-de-esperanza/gastos_bot/backend/whatsapp/credentials/ocrTickets.json
[2025-08-22 22:19:09] ERROR: ❌ Error al iniciar la app: SQLITE_ERROR: Cannot add a UNIQUE column
[2025-08-22 22:21:59] INFO: Usando ruta de credenciales de Google Vision: /home/alex1986/mix-rastros-de-esperanza/gastos_bot/backend/whatsapp/credentials/ocrTickets.json
[2025-08-22 22:22:00] INFO: 🚀 Servidor corriendo en http://localhost:3001
[2025-08-22 22:22:15] INFO: Usando ruta de credenciales de Google Vision: /home/alex1986/mix-rastros-de-esperanza/gastos_bot/backend/whatsapp/credentials/ocrTickets.json
[2025-08-22 22:22:15] ERROR: ❌ Error al iniciar la app: Cannot access 'existingColumnNames' before initialization
[2025-08-22 22:22:21] INFO: Usando ruta de credenciales de Google Vision: /home/alex1986/mix-rastros-de-esperanza/gastos_bot/backend/whatsapp/credentials/ocrTickets.json
[2025-08-22 22:22:21] ERROR: ❌ Error al iniciar la app: Cannot access 'existingColumnNames' before initialization
[2025-08-22 22:23:37] INFO: Usando ruta de credenciales de Google Vision: /home/alex1986/mix-rastros-de-esperanza/gastos_bot/backend/whatsapp/credentials/ocrTickets.json
[2025-08-22 22:23:38] INFO: 🚀 Servidor corriendo en http://localhost:3001
[2025-08-22 22:24:18] INFO: Usando ruta de credenciales de Google Vision: /home/alex1986/mix-rastros-de-esperanza/gastos_bot/backend/whatsapp/credentials/ocrTickets.json
[2025-08-22 22:24:19] INFO: 🚀 Servidor corriendo en http://localhost:3001
[2025-08-22 22:24:39] INFO: Usando ruta de credenciales de Google Vision: /home/alex1986/mix-rastros-de-esperanza/gastos_bot/backend/whatsapp/credentials/ocrTickets.json
[2025-08-22 22:24:39] ERROR: ❌ Error al iniciar la app: userColNames is not defined
[2025-08-22 22:26:26] INFO: Usando ruta de credenciales de Google Vision: /home/alex1986/mix-rastros-de-esperanza/gastos_bot/backend/whatsapp/credentials/ocrTickets.json
[2025-08-22 22:26:27] INFO: 🚀 Servidor corriendo en http://localhost:3001
