[2025-09-06 08:01:59] INFO: → GET /api/hallazgos/?limit=10&offset=0
[2025-09-06 08:01:59] INFO: → GET /api/hallazgos/?limit=10&offset=0
[2025-09-06 08:01:59] INFO: 🚨 Solicitud en la ruta de hallazgos: GET /api/hallazgos/?limit=10&offset=0
[2025-09-06 08:01:59] INFO: 📦 Usuario encontrado y parseado:
[2025-09-06 08:01:59] INFO: → GET /api/hallazgos/?limit=10&offset=0
[2025-09-06 08:01:59] INFO: → GET /api/hallazgos/?limit=10&offset=0
[2025-09-06 08:01:59] INFO: 🚨 Solicitud en la ruta de hallazgos: GET /api/hallazgos/?limit=10&offset=0
[2025-09-06 08:01:59] INFO: 📦 Usuario encontrado y parseado:
[2025-09-06 08:02:02] INFO: → GET /api/hallazgos/feed/search?searchTerm=manuel&limit=10&offset=0
[2025-09-06 08:02:02] INFO: → GET /api/hallazgos/feed/search?searchTerm=manuel&limit=10&offset=0
[2025-09-06 08:02:02] INFO: 🚨 Solicitud en la ruta de hallazgos: GET /api/hallazgos/feed/search?searchTerm=manuel&limit=10&offset=0
[2025-09-06 08:02:02] INFO: 📦 Usuario encontrado y parseado:
[2025-09-06 08:02:09] INFO: → GET /api/hallazgos/feed/search?searchTerm=yamili&limit=10&offset=0
[2025-09-06 08:02:09] INFO: → GET /api/hallazgos/feed/search?searchTerm=yamili&limit=10&offset=0
[2025-09-06 08:02:09] INFO: 🚨 Solicitud en la ruta de hallazgos: GET /api/hallazgos/feed/search?searchTerm=yamili&limit=10&offset=0
[2025-09-06 08:02:09] INFO: 📦 Usuario encontrado y parseado:
[2025-09-06 08:11:32] INFO: 🚀 Servidor corriendo en http://localhost:3001
[2025-09-06 08:12:08] INFO: 🚀 Servidor corriendo en http://localhost:3001
[2025-09-06 08:12:11] INFO: → GET /api/hallazgos/?limit=10&offset=0
[2025-09-06 08:12:11] INFO: → GET /api/hallazgos/?limit=10&offset=0
[2025-09-06 08:12:11] INFO: 🚨 Solicitud en la ruta de hallazgos: GET /api/hallazgos/?limit=10&offset=0
[2025-09-06 08:12:11] INFO: 📦 Usuario encontrado y parseado:
[2025-09-06 08:12:13] INFO: → GET /api/hallazgos/feed/search?searchTerm=manuel&limit=10&offset=0
[2025-09-06 08:12:13] INFO: → GET /api/hallazgos/feed/search?searchTerm=manuel&limit=10&offset=0
[2025-09-06 08:12:13] INFO: 🚨 Solicitud en la ruta de hallazgos: GET /api/hallazgos/feed/search?searchTerm=manuel&limit=10&offset=0
[2025-09-06 08:12:13] INFO: 📦 Usuario encontrado y parseado:
[2025-09-06 08:13:45] INFO: → GET /api/hallazgos/feed/search?searchTerm=yamili&limit=10&offset=0
[2025-09-06 08:13:45] INFO: → GET /api/hallazgos/feed/search?searchTerm=yamili&limit=10&offset=0
[2025-09-06 08:13:45] INFO: 🚨 Solicitud en la ruta de hallazgos: GET /api/hallazgos/feed/search?searchTerm=yamili&limit=10&offset=0
[2025-09-06 08:13:45] INFO: 📦 Usuario encontrado y parseado:
[2025-09-06 08:14:59] INFO: → GET /api/hallazgos/feed/search?searchTerm=manuel&limit=10&offset=0
[2025-09-06 08:14:59] INFO: → GET /api/hallazgos/feed/search?searchTerm=manuel&limit=10&offset=0
[2025-09-06 08:14:59] INFO: 🚨 Solicitud en la ruta de hallazgos: GET /api/hallazgos/feed/search?searchTerm=manuel&limit=10&offset=0
[2025-09-06 08:14:59] INFO: 📦 Usuario encontrado y parseado:
[2025-09-06 08:19:26] INFO: 🚀 Servidor corriendo en http://localhost:3001
[2025-09-06 08:19:27] INFO: → GET /api/hallazgos/?limit=10&offset=0
[2025-09-06 08:19:27] INFO: → GET /api/hallazgos/?limit=10&offset=0
[2025-09-06 08:19:27] INFO: 🚨 Solicitud en la ruta de hallazgos: GET /api/hallazgos/?limit=10&offset=0
[2025-09-06 08:19:27] INFO: 📦 Usuario encontrado y parseado:
[2025-09-06 08:19:36] INFO: → GET /api/hallazgos/feed/search?searchTerm=manuel&limit=10&offset=0
[2025-09-06 08:19:36] INFO: → GET /api/hallazgos/feed/search?searchTerm=manuel&limit=10&offset=0
[2025-09-06 08:19:36] INFO: 🚨 Solicitud en la ruta de hallazgos: GET /api/hallazgos/feed/search?searchTerm=manuel&limit=10&offset=0
[2025-09-06 08:19:36] INFO: 📦 Usuario encontrado y parseado:
[2025-09-06 08:19:48] INFO: → GET /api/feed/dashboard
[2025-09-06 08:19:48] INFO: → GET /api/feed/dashboard
[2025-09-06 08:19:48] INFO: → GET /api/feed/dashboard
[2025-09-06 08:19:48] INFO: → GET /api/feed/dashboard
[2025-09-06 08:19:50] INFO: → GET /api/hallazgos/?limit=10&offset=0
[2025-09-06 08:19:50] INFO: → GET /api/hallazgos/?limit=10&offset=0
[2025-09-06 08:19:50] INFO: 🚨 Solicitud en la ruta de hallazgos: GET /api/hallazgos/?limit=10&offset=0
[2025-09-06 08:19:50] INFO: 📦 Usuario encontrado y parseado:
[2025-09-06 08:19:50] INFO: → GET /api/hallazgos/?limit=10&offset=0
[2025-09-06 08:19:50] INFO: → GET /api/hallazgos/?limit=10&offset=0
[2025-09-06 08:19:50] INFO: 🚨 Solicitud en la ruta de hallazgos: GET /api/hallazgos/?limit=10&offset=0
[2025-09-06 08:19:50] INFO: 📦 Usuario encontrado y parseado:
[2025-09-06 08:19:52] INFO: → GET /api/hallazgos/feed/search?searchTerm=vestido&limit=10&offset=0
[2025-09-06 08:19:52] INFO: → GET /api/hallazgos/feed/search?searchTerm=vestido&limit=10&offset=0
[2025-09-06 08:19:52] INFO: 🚨 Solicitud en la ruta de hallazgos: GET /api/hallazgos/feed/search?searchTerm=vestido&limit=10&offset=0
[2025-09-06 08:19:52] INFO: 📦 Usuario encontrado y parseado:
[2025-09-06 08:19:54] INFO: → GET /api/hallazgos/?limit=10&offset=0
[2025-09-06 08:19:54] INFO: → GET /api/hallazgos/?limit=10&offset=0
[2025-09-06 08:19:54] INFO: 🚨 Solicitud en la ruta de hallazgos: GET /api/hallazgos/?limit=10&offset=0
[2025-09-06 08:19:54] INFO: 📦 Usuario encontrado y parseado:
[2025-09-06 08:19:56] INFO: → GET /api/hallazgos/3
[2025-09-06 08:19:56] INFO: → GET /api/hallazgos/3
[2025-09-06 08:19:56] INFO: 🚨 Solicitud en la ruta de hallazgos: GET /api/hallazgos/3
[2025-09-06 08:19:56] INFO: 📦 Usuario encontrado y parseado:
[2025-09-06 08:19:56] INFO: → GET /api/hallazgos/3
[2025-09-06 08:19:56] INFO: → GET /api/hallazgos/3
[2025-09-06 08:19:56] INFO: 🚨 Solicitud en la ruta de hallazgos: GET /api/hallazgos/3
[2025-09-06 08:19:56] INFO: 📦 Usuario encontrado y parseado:
[2025-09-06 08:20:00] INFO: → GET /api/hallazgos/?limit=10&offset=0
[2025-09-06 08:20:00] INFO: → GET /api/hallazgos/?limit=10&offset=0
[2025-09-06 08:20:00] INFO: 🚨 Solicitud en la ruta de hallazgos: GET /api/hallazgos/?limit=10&offset=0
[2025-09-06 08:20:00] INFO: 📦 Usuario encontrado y parseado:
[2025-09-06 08:20:00] INFO: → GET /api/hallazgos/?limit=10&offset=0
[2025-09-06 08:20:00] INFO: → GET /api/hallazgos/?limit=10&offset=0
[2025-09-06 08:20:00] INFO: 🚨 Solicitud en la ruta de hallazgos: GET /api/hallazgos/?limit=10&offset=0
[2025-09-06 08:20:00] INFO: 📦 Usuario encontrado y parseado:
[2025-09-06 08:20:02] INFO: → GET /api/hallazgos/feed/search?searchTerm=negro&limit=10&offset=0
[2025-09-06 08:20:02] INFO: → GET /api/hallazgos/feed/search?searchTerm=negro&limit=10&offset=0
[2025-09-06 08:20:02] INFO: 🚨 Solicitud en la ruta de hallazgos: GET /api/hallazgos/feed/search?searchTerm=negro&limit=10&offset=0
[2025-09-06 08:20:02] INFO: 📦 Usuario encontrado y parseado:
[2025-09-06 08:20:04] INFO: → GET /api/hallazgos/?limit=10&offset=0
[2025-09-06 08:20:04] INFO: → GET /api/hallazgos/?limit=10&offset=0
[2025-09-06 08:20:04] INFO: 🚨 Solicitud en la ruta de hallazgos: GET /api/hallazgos/?limit=10&offset=0
[2025-09-06 08:20:04] INFO: 📦 Usuario encontrado y parseado:
[2025-09-06 08:20:05] INFO: → GET /api/hallazgos/3
[2025-09-06 08:20:05] INFO: → GET /api/hallazgos/3
[2025-09-06 08:20:05] INFO: 🚨 Solicitud en la ruta de hallazgos: GET /api/hallazgos/3
[2025-09-06 08:20:05] INFO: 📦 Usuario encontrado y parseado:
[2025-09-06 08:20:06] INFO: → GET /api/hallazgos/3
[2025-09-06 08:20:06] INFO: → GET /api/hallazgos/3
[2025-09-06 08:20:06] INFO: 🚨 Solicitud en la ruta de hallazgos: GET /api/hallazgos/3
[2025-09-06 08:20:06] INFO: 📦 Usuario encontrado y parseado:
[2025-09-06 08:20:11] INFO: → GET /api/hallazgos/?limit=10&offset=0
[2025-09-06 08:20:11] INFO: → GET /api/hallazgos/?limit=10&offset=0
[2025-09-06 08:20:11] INFO: 🚨 Solicitud en la ruta de hallazgos: GET /api/hallazgos/?limit=10&offset=0
[2025-09-06 08:20:11] INFO: 📦 Usuario encontrado y parseado:
[2025-09-06 08:20:11] INFO: → GET /api/hallazgos/?limit=10&offset=0
[2025-09-06 08:20:11] INFO: → GET /api/hallazgos/?limit=10&offset=0
[2025-09-06 08:20:11] INFO: 🚨 Solicitud en la ruta de hallazgos: GET /api/hallazgos/?limit=10&offset=0
[2025-09-06 08:20:11] INFO: 📦 Usuario encontrado y parseado:
[2025-09-06 08:20:13] INFO: → GET /api/hallazgos/?limit=10&offset=0
[2025-09-06 08:20:13] INFO: → GET /api/hallazgos/?limit=10&offset=0
[2025-09-06 08:20:13] INFO: 🚨 Solicitud en la ruta de hallazgos: GET /api/hallazgos/?limit=10&offset=0
[2025-09-06 08:20:13] INFO: 📦 Usuario encontrado y parseado:
[2025-09-06 08:20:14] INFO: → GET /api/hallazgos/feed/search?searchTerm=femenino&limit=10&offset=0
[2025-09-06 08:20:14] INFO: → GET /api/hallazgos/feed/search?searchTerm=femenino&limit=10&offset=0
[2025-09-06 08:20:14] INFO: 🚨 Solicitud en la ruta de hallazgos: GET /api/hallazgos/feed/search?searchTerm=femenino&limit=10&offset=0
[2025-09-06 08:20:14] INFO: 📦 Usuario encontrado y parseado:
[2025-09-06 08:20:16] INFO: → GET /api/hallazgos/?limit=10&offset=0
[2025-09-06 08:20:16] INFO: → GET /api/hallazgos/?limit=10&offset=0
[2025-09-06 08:20:16] INFO: 🚨 Solicitud en la ruta de hallazgos: GET /api/hallazgos/?limit=10&offset=0
[2025-09-06 08:20:16] INFO: 📦 Usuario encontrado y parseado:
[2025-09-06 08:20:19] INFO: → GET /api/hallazgos/feed/search?searchTerm=jimenez&limit=10&offset=0
[2025-09-06 08:20:19] INFO: → GET /api/hallazgos/feed/search?searchTerm=jimenez&limit=10&offset=0
[2025-09-06 08:20:19] INFO: 🚨 Solicitud en la ruta de hallazgos: GET /api/hallazgos/feed/search?searchTerm=jimenez&limit=10&offset=0
[2025-09-06 08:20:19] INFO: 📦 Usuario encontrado y parseado:
[2025-09-06 08:20:31] INFO: → GET /api/feed/dashboard
[2025-09-06 08:20:31] INFO: → GET /api/feed/dashboard
[2025-09-06 08:20:31] INFO: → GET /api/feed/dashboard
[2025-09-06 08:20:31] INFO: → GET /api/feed/dashboard
[2025-09-06 08:20:32] INFO: → GET /api/hallazgos/?limit=10&offset=0
[2025-09-06 08:20:32] INFO: → GET /api/hallazgos/?limit=10&offset=0
[2025-09-06 08:20:32] INFO: 🚨 Solicitud en la ruta de hallazgos: GET /api/hallazgos/?limit=10&offset=0
[2025-09-06 08:20:32] INFO: 📦 Usuario encontrado y parseado:
[2025-09-06 08:20:32] INFO: → GET /api/hallazgos/?limit=10&offset=0
[2025-09-06 08:20:32] INFO: → GET /api/hallazgos/?limit=10&offset=0
[2025-09-06 08:20:32] INFO: 🚨 Solicitud en la ruta de hallazgos: GET /api/hallazgos/?limit=10&offset=0
[2025-09-06 08:20:32] INFO: 📦 Usuario encontrado y parseado:
[2025-09-06 08:20:35] INFO: → GET /api/hallazgos/feed/search?searchTerm=perez&limit=10&offset=0
[2025-09-06 08:20:35] INFO: → GET /api/hallazgos/feed/search?searchTerm=perez&limit=10&offset=0
[2025-09-06 08:20:35] INFO: 🚨 Solicitud en la ruta de hallazgos: GET /api/hallazgos/feed/search?searchTerm=perez&limit=10&offset=0
[2025-09-06 08:20:35] INFO: 📦 Usuario encontrado y parseado:
[2025-09-06 08:20:37] INFO: → GET /api/feed/dashboard
[2025-09-06 08:20:37] INFO: → GET /api/feed/dashboard
[2025-09-06 08:20:37] INFO: → GET /api/feed/dashboard
[2025-09-06 08:20:37] INFO: → GET /api/feed/dashboard
[2025-09-06 08:21:59] INFO: → GET /api/hallazgos/?limit=10&offset=0
[2025-09-06 08:21:59] INFO: → GET /api/hallazgos/?limit=10&offset=0
[2025-09-06 08:21:59] INFO: 🚨 Solicitud en la ruta de hallazgos: GET /api/hallazgos/?limit=10&offset=0
[2025-09-06 08:21:59] INFO: 📦 Usuario encontrado y parseado:
[2025-09-06 08:21:59] INFO: → GET /api/hallazgos/?limit=10&offset=0
[2025-09-06 08:21:59] INFO: → GET /api/hallazgos/?limit=10&offset=0
[2025-09-06 08:21:59] INFO: 🚨 Solicitud en la ruta de hallazgos: GET /api/hallazgos/?limit=10&offset=0
[2025-09-06 08:21:59] INFO: 📦 Usuario encontrado y parseado:
[2025-09-06 08:22:00] INFO: → GET /api/hallazgos/3
[2025-09-06 08:22:00] INFO: → GET /api/hallazgos/3
[2025-09-06 08:22:00] INFO: 🚨 Solicitud en la ruta de hallazgos: GET /api/hallazgos/3
[2025-09-06 08:22:00] INFO: 📦 Usuario encontrado y parseado:
[2025-09-06 08:22:00] INFO: → GET /api/hallazgos/3
[2025-09-06 08:22:00] INFO: → GET /api/hallazgos/3
[2025-09-06 08:22:00] INFO: 🚨 Solicitud en la ruta de hallazgos: GET /api/hallazgos/3
[2025-09-06 08:22:00] INFO: 📦 Usuario encontrado y parseado:
[2025-09-06 08:22:07] INFO: → GET /api/fichas/catalogos/partes-cuerpo
[2025-09-06 08:22:07] INFO: → GET /api/fichas/catalogos/partes-cuerpo
[2025-09-06 08:22:07] INFO: 🚨 Solicitud en la ruta de fichas: GET /api/fichas/catalogos/partes-cuerpo
[2025-09-06 08:22:07] INFO: → GET /api/fichas/catalogos/tipos-lugar
[2025-09-06 08:22:07] INFO: → GET /api/fichas/catalogos/tipos-lugar
[2025-09-06 08:22:07] INFO: 🚨 Solicitud en la ruta de fichas: GET /api/fichas/catalogos/tipos-lugar
[2025-09-06 08:22:07] INFO: → GET /api/fichas/catalogos/prendas
[2025-09-06 08:22:07] INFO: → GET /api/fichas/catalogos/prendas
[2025-09-06 08:22:07] INFO: 🚨 Solicitud en la ruta de fichas: GET /api/fichas/catalogos/prendas
[2025-09-06 08:22:07] INFO: → GET /api/fichas/catalogos/partes-cuerpo
[2025-09-06 08:22:07] INFO: → GET /api/fichas/catalogos/partes-cuerpo
[2025-09-06 08:22:07] INFO: 🚨 Solicitud en la ruta de fichas: GET /api/fichas/catalogos/partes-cuerpo
[2025-09-06 08:22:07] INFO: → GET /api/fichas/catalogos/tipos-lugar
[2025-09-06 08:22:07] INFO: → GET /api/fichas/catalogos/tipos-lugar
[2025-09-06 08:22:07] INFO: 🚨 Solicitud en la ruta de fichas: GET /api/fichas/catalogos/tipos-lugar
[2025-09-06 08:22:07] INFO: → GET /api/fichas/catalogos/prendas
[2025-09-06 08:22:07] INFO: → GET /api/fichas/catalogos/prendas
[2025-09-06 08:22:07] INFO: 🚨 Solicitud en la ruta de fichas: GET /api/fichas/catalogos/prendas
[2025-09-06 08:22:07] INFO: → GET /api/fichas/catalogos/partes-cuerpo
[2025-09-06 08:22:07] INFO: → GET /api/fichas/catalogos/partes-cuerpo
[2025-09-06 08:22:07] INFO: 🚨 Solicitud en la ruta de fichas: GET /api/fichas/catalogos/partes-cuerpo
[2025-09-06 08:22:07] INFO: → GET /api/fichas/catalogos/tipos-lugar
[2025-09-06 08:22:07] INFO: → GET /api/fichas/catalogos/tipos-lugar
[2025-09-06 08:22:07] INFO: 🚨 Solicitud en la ruta de fichas: GET /api/fichas/catalogos/tipos-lugar
[2025-09-06 08:22:07] INFO: → GET /api/fichas/catalogos/prendas
[2025-09-06 08:22:07] INFO: → GET /api/fichas/catalogos/prendas
[2025-09-06 08:22:07] INFO: 🚨 Solicitud en la ruta de fichas: GET /api/fichas/catalogos/prendas
[2025-09-06 08:22:07] INFO: → GET /api/fichas/catalogos/partes-cuerpo
[2025-09-06 08:22:07] INFO: → GET /api/fichas/catalogos/partes-cuerpo
[2025-09-06 08:22:07] INFO: 🚨 Solicitud en la ruta de fichas: GET /api/fichas/catalogos/partes-cuerpo
[2025-09-06 08:22:07] INFO: → GET /api/fichas/catalogos/tipos-lugar
[2025-09-06 08:22:07] INFO: → GET /api/fichas/catalogos/tipos-lugar
[2025-09-06 08:22:07] INFO: 🚨 Solicitud en la ruta de fichas: GET /api/fichas/catalogos/tipos-lugar
[2025-09-06 08:22:07] INFO: → GET /api/fichas/catalogos/prendas
[2025-09-06 08:22:07] INFO: → GET /api/fichas/catalogos/prendas
[2025-09-06 08:22:07] INFO: 🚨 Solicitud en la ruta de fichas: GET /api/fichas/catalogos/prendas
[2025-09-06 08:22:07] INFO: → GET /api/fichas/catalogos/partes-cuerpo
[2025-09-06 08:22:07] INFO: → GET /api/fichas/catalogos/partes-cuerpo
[2025-09-06 08:22:07] INFO: 🚨 Solicitud en la ruta de fichas: GET /api/fichas/catalogos/partes-cuerpo
[2025-09-06 08:22:07] INFO: → GET /api/fichas/catalogos/tipos-lugar
[2025-09-06 08:22:07] INFO: → GET /api/fichas/catalogos/tipos-lugar
[2025-09-06 08:22:07] INFO: 🚨 Solicitud en la ruta de fichas: GET /api/fichas/catalogos/tipos-lugar
[2025-09-06 08:22:07] INFO: → GET /api/fichas/catalogos/prendas
[2025-09-06 08:22:07] INFO: → GET /api/fichas/catalogos/prendas
[2025-09-06 08:22:07] INFO: 🚨 Solicitud en la ruta de fichas: GET /api/fichas/catalogos/prendas
[2025-09-06 08:22:07] INFO: → GET /api/fichas/catalogos/partes-cuerpo
[2025-09-06 08:22:07] INFO: → GET /api/fichas/catalogos/partes-cuerpo
[2025-09-06 08:22:07] INFO: 🚨 Solicitud en la ruta de fichas: GET /api/fichas/catalogos/partes-cuerpo
[2025-09-06 08:22:07] INFO: → GET /api/fichas/catalogos/tipos-lugar
[2025-09-06 08:22:07] INFO: → GET /api/fichas/catalogos/tipos-lugar
[2025-09-06 08:22:07] INFO: 🚨 Solicitud en la ruta de fichas: GET /api/fichas/catalogos/tipos-lugar
[2025-09-06 08:22:07] INFO: → GET /api/fichas/catalogos/prendas
[2025-09-06 08:22:07] INFO: → GET /api/fichas/catalogos/prendas
[2025-09-06 08:22:07] INFO: 🚨 Solicitud en la ruta de fichas: GET /api/fichas/catalogos/prendas
[2025-09-06 08:25:30] INFO: 🚀 Servidor corriendo en http://localhost:3001
[2025-09-06 08:25:33] INFO: → GET /api/feed/dashboard
[2025-09-06 08:25:33] INFO: → GET /api/feed/dashboard
[2025-09-06 08:25:33] INFO: → GET /api/feed/dashboard
[2025-09-06 08:25:33] INFO: → GET /api/feed/dashboard
[2025-09-06 08:25:34] INFO: → GET /api/hallazgos/?limit=10&offset=0
[2025-09-06 08:25:34] INFO: → GET /api/hallazgos/?limit=10&offset=0
[2025-09-06 08:25:34] INFO: 🚨 Solicitud en la ruta de hallazgos: GET /api/hallazgos/?limit=10&offset=0
[2025-09-06 08:25:34] INFO: 📦 Usuario encontrado y parseado:
[2025-09-06 08:25:34] INFO: → GET /api/hallazgos/?limit=10&offset=0
[2025-09-06 08:25:34] INFO: → GET /api/hallazgos/?limit=10&offset=0
[2025-09-06 08:25:34] INFO: 🚨 Solicitud en la ruta de hallazgos: GET /api/hallazgos/?limit=10&offset=0
[2025-09-06 08:25:34] INFO: 📦 Usuario encontrado y parseado:
[2025-09-06 08:25:37] INFO: → GET /api/hallazgos/feed/search?searchTerm=negro&limit=10&offset=0
[2025-09-06 08:25:37] INFO: → GET /api/hallazgos/feed/search?searchTerm=negro&limit=10&offset=0
[2025-09-06 08:25:37] INFO: 🚨 Solicitud en la ruta de hallazgos: GET /api/hallazgos/feed/search?searchTerm=negro&limit=10&offset=0
[2025-09-06 08:25:37] INFO: 📦 Usuario encontrado y parseado:
[2025-09-06 08:25:46] INFO: → GET /api/feed/dashboard
[2025-09-06 08:25:46] INFO: → GET /api/feed/dashboard
[2025-09-06 08:25:46] INFO: → GET /api/feed/dashboard
[2025-09-06 08:25:46] INFO: → GET /api/feed/dashboard
[2025-09-06 08:25:47] INFO: → GET /api/hallazgos/?limit=10&offset=0
[2025-09-06 08:25:47] INFO: → GET /api/hallazgos/?limit=10&offset=0
[2025-09-06 08:25:47] INFO: 🚨 Solicitud en la ruta de hallazgos: GET /api/hallazgos/?limit=10&offset=0
[2025-09-06 08:25:47] INFO: 📦 Usuario encontrado y parseado:
[2025-09-06 08:25:47] INFO: → GET /api/hallazgos/?limit=10&offset=0
[2025-09-06 08:25:47] INFO: → GET /api/hallazgos/?limit=10&offset=0
[2025-09-06 08:25:47] INFO: 🚨 Solicitud en la ruta de hallazgos: GET /api/hallazgos/?limit=10&offset=0
[2025-09-06 08:25:47] INFO: 📦 Usuario encontrado y parseado:
[2025-09-06 08:25:49] INFO: → GET /api/hallazgos/feed/search?searchTerm=vestido&limit=10&offset=0
[2025-09-06 08:25:49] INFO: → GET /api/hallazgos/feed/search?searchTerm=vestido&limit=10&offset=0
[2025-09-06 08:25:49] INFO: 🚨 Solicitud en la ruta de hallazgos: GET /api/hallazgos/feed/search?searchTerm=vestido&limit=10&offset=0
[2025-09-06 08:25:49] INFO: 📦 Usuario encontrado y parseado:
[2025-09-06 08:25:57] INFO: → GET /api/feed/dashboard
[2025-09-06 08:25:57] INFO: → GET /api/feed/dashboard
[2025-09-06 08:25:57] INFO: → GET /api/feed/dashboard
[2025-09-06 08:25:57] INFO: → GET /api/feed/dashboard
[2025-09-06 08:25:58] INFO: → GET /api/hallazgos/?limit=10&offset=0
[2025-09-06 08:25:58] INFO: → GET /api/hallazgos/?limit=10&offset=0
[2025-09-06 08:25:58] INFO: 🚨 Solicitud en la ruta de hallazgos: GET /api/hallazgos/?limit=10&offset=0
[2025-09-06 08:25:58] INFO: 📦 Usuario encontrado y parseado:
[2025-09-06 08:25:58] INFO: → GET /api/hallazgos/?limit=10&offset=0
[2025-09-06 08:25:58] INFO: → GET /api/hallazgos/?limit=10&offset=0
[2025-09-06 08:25:58] INFO: 🚨 Solicitud en la ruta de hallazgos: GET /api/hallazgos/?limit=10&offset=0
[2025-09-06 08:25:58] INFO: 📦 Usuario encontrado y parseado:
[2025-09-06 08:26:00] INFO: → GET /api/hallazgos/1
[2025-09-06 08:26:00] INFO: → GET /api/hallazgos/1
[2025-09-06 08:26:00] INFO: 🚨 Solicitud en la ruta de hallazgos: GET /api/hallazgos/1
[2025-09-06 08:26:00] INFO: 📦 Usuario encontrado y parseado:
[2025-09-06 08:26:00] INFO: → GET /api/hallazgos/1
[2025-09-06 08:26:00] INFO: → GET /api/hallazgos/1
[2025-09-06 08:26:00] INFO: 🚨 Solicitud en la ruta de hallazgos: GET /api/hallazgos/1
[2025-09-06 08:26:00] INFO: 📦 Usuario encontrado y parseado:
[2025-09-06 08:26:03] INFO: → GET /api/hallazgos/?limit=10&offset=0
[2025-09-06 08:26:03] INFO: → GET /api/hallazgos/?limit=10&offset=0
[2025-09-06 08:26:03] INFO: 🚨 Solicitud en la ruta de hallazgos: GET /api/hallazgos/?limit=10&offset=0
[2025-09-06 08:26:03] INFO: 📦 Usuario encontrado y parseado:
[2025-09-06 08:26:03] INFO: → GET /api/hallazgos/?limit=10&offset=0
[2025-09-06 08:26:03] INFO: → GET /api/hallazgos/?limit=10&offset=0
[2025-09-06 08:26:03] INFO: 🚨 Solicitud en la ruta de hallazgos: GET /api/hallazgos/?limit=10&offset=0
[2025-09-06 08:26:03] INFO: 📦 Usuario encontrado y parseado:
[2025-09-06 08:26:06] INFO: → GET /api/hallazgos/feed/search?searchTerm=ondulado&limit=10&offset=0
[2025-09-06 08:26:06] INFO: → GET /api/hallazgos/feed/search?searchTerm=ondulado&limit=10&offset=0
[2025-09-06 08:26:06] INFO: 🚨 Solicitud en la ruta de hallazgos: GET /api/hallazgos/feed/search?searchTerm=ondulado&limit=10&offset=0
[2025-09-06 08:26:06] INFO: 📦 Usuario encontrado y parseado:
[2025-09-06 08:26:08] INFO: → GET /api/feed/dashboard
[2025-09-06 08:26:08] INFO: → GET /api/feed/dashboard
[2025-09-06 08:26:08] INFO: → GET /api/feed/dashboard
[2025-09-06 08:26:08] INFO: → GET /api/feed/dashboard
[2025-09-06 08:26:09] INFO: → GET /api/hallazgos/?limit=10&offset=0
[2025-09-06 08:26:09] INFO: → GET /api/hallazgos/?limit=10&offset=0
[2025-09-06 08:26:09] INFO: 🚨 Solicitud en la ruta de hallazgos: GET /api/hallazgos/?limit=10&offset=0
[2025-09-06 08:26:09] INFO: 📦 Usuario encontrado y parseado:
[2025-09-06 08:26:09] INFO: → GET /api/hallazgos/?limit=10&offset=0
[2025-09-06 08:26:09] INFO: → GET /api/hallazgos/?limit=10&offset=0
[2025-09-06 08:26:09] INFO: 🚨 Solicitud en la ruta de hallazgos: GET /api/hallazgos/?limit=10&offset=0
[2025-09-06 08:26:09] INFO: 📦 Usuario encontrado y parseado:
[2025-09-06 08:26:11] INFO: → GET /api/hallazgos/1
[2025-09-06 08:26:11] INFO: → GET /api/hallazgos/1
[2025-09-06 08:26:11] INFO: 🚨 Solicitud en la ruta de hallazgos: GET /api/hallazgos/1
[2025-09-06 08:26:11] INFO: 📦 Usuario encontrado y parseado:
[2025-09-06 08:26:11] INFO: → GET /api/hallazgos/1
[2025-09-06 08:26:11] INFO: → GET /api/hallazgos/1
[2025-09-06 08:26:11] INFO: 🚨 Solicitud en la ruta de hallazgos: GET /api/hallazgos/1
[2025-09-06 08:26:11] INFO: 📦 Usuario encontrado y parseado:
[2025-09-06 08:26:18] INFO: → GET /api/hallazgos/?limit=10&offset=0
[2025-09-06 08:26:18] INFO: → GET /api/hallazgos/?limit=10&offset=0
[2025-09-06 08:26:18] INFO: 🚨 Solicitud en la ruta de hallazgos: GET /api/hallazgos/?limit=10&offset=0
[2025-09-06 08:26:18] INFO: 📦 Usuario encontrado y parseado:
[2025-09-06 08:26:18] INFO: → GET /api/hallazgos/?limit=10&offset=0
[2025-09-06 08:26:18] INFO: → GET /api/hallazgos/?limit=10&offset=0
[2025-09-06 08:26:18] INFO: 🚨 Solicitud en la ruta de hallazgos: GET /api/hallazgos/?limit=10&offset=0
[2025-09-06 08:26:18] INFO: 📦 Usuario encontrado y parseado:
[2025-09-06 08:26:19] INFO: → GET /api/hallazgos/3
[2025-09-06 08:26:19] INFO: → GET /api/hallazgos/3
[2025-09-06 08:26:19] INFO: 🚨 Solicitud en la ruta de hallazgos: GET /api/hallazgos/3
[2025-09-06 08:26:19] INFO: 📦 Usuario encontrado y parseado:
[2025-09-06 08:26:19] INFO: → GET /api/hallazgos/3
[2025-09-06 08:26:19] INFO: → GET /api/hallazgos/3
[2025-09-06 08:26:19] INFO: 🚨 Solicitud en la ruta de hallazgos: GET /api/hallazgos/3
[2025-09-06 08:26:19] INFO: 📦 Usuario encontrado y parseado:
[2025-09-06 08:26:25] INFO: → GET /api/hallazgos/?limit=10&offset=0
[2025-09-06 08:26:25] INFO: → GET /api/hallazgos/?limit=10&offset=0
[2025-09-06 08:26:25] INFO: 🚨 Solicitud en la ruta de hallazgos: GET /api/hallazgos/?limit=10&offset=0
[2025-09-06 08:26:25] INFO: 📦 Usuario encontrado y parseado:
[2025-09-06 08:26:25] INFO: → GET /api/hallazgos/?limit=10&offset=0
[2025-09-06 08:26:25] INFO: → GET /api/hallazgos/?limit=10&offset=0
[2025-09-06 08:26:25] INFO: 🚨 Solicitud en la ruta de hallazgos: GET /api/hallazgos/?limit=10&offset=0
[2025-09-06 08:26:25] INFO: 📦 Usuario encontrado y parseado:
[2025-09-06 08:26:26] INFO: → GET /api/hallazgos/feed/search?searchTerm=pelo&limit=10&offset=0
[2025-09-06 08:26:26] INFO: → GET /api/hallazgos/feed/search?searchTerm=pelo&limit=10&offset=0
[2025-09-06 08:26:26] INFO: 🚨 Solicitud en la ruta de hallazgos: GET /api/hallazgos/feed/search?searchTerm=pelo&limit=10&offset=0
[2025-09-06 08:26:26] INFO: 📦 Usuario encontrado y parseado:
[2025-09-06 08:26:28] INFO: → GET /api/hallazgos/?limit=10&offset=0
[2025-09-06 08:26:28] INFO: → GET /api/hallazgos/?limit=10&offset=0
[2025-09-06 08:26:28] INFO: 🚨 Solicitud en la ruta de hallazgos: GET /api/hallazgos/?limit=10&offset=0
[2025-09-06 08:26:28] INFO: 📦 Usuario encontrado y parseado:
[2025-09-06 08:26:31] INFO: → GET /api/hallazgos/1
[2025-09-06 08:26:31] INFO: → GET /api/hallazgos/1
[2025-09-06 08:26:31] INFO: 🚨 Solicitud en la ruta de hallazgos: GET /api/hallazgos/1
[2025-09-06 08:26:31] INFO: 📦 Usuario encontrado y parseado:
[2025-09-06 08:26:31] INFO: → GET /api/hallazgos/1
[2025-09-06 08:26:31] INFO: → GET /api/hallazgos/1
[2025-09-06 08:26:31] INFO: 🚨 Solicitud en la ruta de hallazgos: GET /api/hallazgos/1
[2025-09-06 08:26:31] INFO: 📦 Usuario encontrado y parseado:
[2025-09-06 08:26:35] INFO: → GET /api/hallazgos/?limit=10&offset=0
[2025-09-06 08:26:35] INFO: → GET /api/hallazgos/?limit=10&offset=0
[2025-09-06 08:26:35] INFO: 🚨 Solicitud en la ruta de hallazgos: GET /api/hallazgos/?limit=10&offset=0
[2025-09-06 08:26:35] INFO: 📦 Usuario encontrado y parseado:
[2025-09-06 08:26:35] INFO: → GET /api/hallazgos/?limit=10&offset=0
[2025-09-06 08:26:35] INFO: → GET /api/hallazgos/?limit=10&offset=0
[2025-09-06 08:26:35] INFO: 🚨 Solicitud en la ruta de hallazgos: GET /api/hallazgos/?limit=10&offset=0
[2025-09-06 08:26:35] INFO: 📦 Usuario encontrado y parseado:
[2025-09-06 08:26:37] INFO: → GET /api/hallazgos/feed/search?searchTerm=raras&limit=10&offset=0
[2025-09-06 08:26:37] INFO: → GET /api/hallazgos/feed/search?searchTerm=raras&limit=10&offset=0
[2025-09-06 08:26:37] INFO: 🚨 Solicitud en la ruta de hallazgos: GET /api/hallazgos/feed/search?searchTerm=raras&limit=10&offset=0
[2025-09-06 08:26:37] INFO: 📦 Usuario encontrado y parseado:
[2025-09-06 08:26:39] INFO: → GET /api/feed/dashboard
[2025-09-06 08:26:39] INFO: → GET /api/feed/dashboard
[2025-09-06 08:26:39] INFO: → GET /api/feed/dashboard
[2025-09-06 08:26:39] INFO: → GET /api/feed/dashboard
[2025-09-06 08:27:02] INFO: → GET /api/fichas/catalogos/prendas
[2025-09-06 08:27:02] INFO: → GET /api/fichas/catalogos/prendas
[2025-09-06 08:27:02] INFO: 🚨 Solicitud en la ruta de fichas: GET /api/fichas/catalogos/prendas
[2025-09-06 08:27:02] INFO: → GET /api/fichas/catalogos/tipos-lugar
[2025-09-06 08:27:02] INFO: → GET /api/fichas/catalogos/tipos-lugar
[2025-09-06 08:27:02] INFO: 🚨 Solicitud en la ruta de fichas: GET /api/fichas/catalogos/tipos-lugar
[2025-09-06 08:27:02] INFO: → GET /api/fichas/catalogos/partes-cuerpo
[2025-09-06 08:27:02] INFO: → GET /api/fichas/catalogos/partes-cuerpo
[2025-09-06 08:27:02] INFO: 🚨 Solicitud en la ruta de fichas: GET /api/fichas/catalogos/partes-cuerpo
[2025-09-06 08:27:02] INFO: → GET /api/fichas/catalogos/prendas
[2025-09-06 08:27:02] INFO: → GET /api/fichas/catalogos/prendas
[2025-09-06 08:27:02] INFO: 🚨 Solicitud en la ruta de fichas: GET /api/fichas/catalogos/prendas
[2025-09-06 08:27:02] INFO: → GET /api/fichas/catalogos/tipos-lugar
[2025-09-06 08:27:02] INFO: → GET /api/fichas/catalogos/tipos-lugar
[2025-09-06 08:27:02] INFO: 🚨 Solicitud en la ruta de fichas: GET /api/fichas/catalogos/tipos-lugar
[2025-09-06 08:27:02] INFO: → GET /api/fichas/catalogos/partes-cuerpo
[2025-09-06 08:27:02] INFO: → GET /api/fichas/catalogos/partes-cuerpo
[2025-09-06 08:27:02] INFO: 🚨 Solicitud en la ruta de fichas: GET /api/fichas/catalogos/partes-cuerpo
[2025-09-06 08:27:02] INFO: → GET /api/fichas/catalogos/prendas
[2025-09-06 08:27:02] INFO: → GET /api/fichas/catalogos/prendas
[2025-09-06 08:27:02] INFO: 🚨 Solicitud en la ruta de fichas: GET /api/fichas/catalogos/prendas
[2025-09-06 08:27:02] INFO: → GET /api/fichas/catalogos/tipos-lugar
[2025-09-06 08:27:02] INFO: → GET /api/fichas/catalogos/tipos-lugar
[2025-09-06 08:27:02] INFO: 🚨 Solicitud en la ruta de fichas: GET /api/fichas/catalogos/tipos-lugar
[2025-09-06 08:27:02] INFO: → GET /api/fichas/catalogos/partes-cuerpo
[2025-09-06 08:27:02] INFO: → GET /api/fichas/catalogos/partes-cuerpo
[2025-09-06 08:27:02] INFO: 🚨 Solicitud en la ruta de fichas: GET /api/fichas/catalogos/partes-cuerpo
[2025-09-06 08:27:02] INFO: → GET /api/fichas/catalogos/prendas
[2025-09-06 08:27:02] INFO: → GET /api/fichas/catalogos/prendas
[2025-09-06 08:27:02] INFO: 🚨 Solicitud en la ruta de fichas: GET /api/fichas/catalogos/prendas
[2025-09-06 08:27:02] INFO: → GET /api/fichas/catalogos/tipos-lugar
[2025-09-06 08:27:02] INFO: → GET /api/fichas/catalogos/tipos-lugar
[2025-09-06 08:27:02] INFO: 🚨 Solicitud en la ruta de fichas: GET /api/fichas/catalogos/tipos-lugar
[2025-09-06 08:27:02] INFO: → GET /api/fichas/catalogos/partes-cuerpo
[2025-09-06 08:27:02] INFO: → GET /api/fichas/catalogos/partes-cuerpo
[2025-09-06 08:27:02] INFO: 🚨 Solicitud en la ruta de fichas: GET /api/fichas/catalogos/partes-cuerpo
[2025-09-06 08:27:02] INFO: → GET /api/fichas/catalogos/prendas
[2025-09-06 08:27:02] INFO: → GET /api/fichas/catalogos/prendas
[2025-09-06 08:27:02] INFO: 🚨 Solicitud en la ruta de fichas: GET /api/fichas/catalogos/prendas
[2025-09-06 08:27:02] INFO: → GET /api/fichas/catalogos/tipos-lugar
[2025-09-06 08:27:02] INFO: → GET /api/fichas/catalogos/tipos-lugar
[2025-09-06 08:27:02] INFO: 🚨 Solicitud en la ruta de fichas: GET /api/fichas/catalogos/tipos-lugar
[2025-09-06 08:27:02] INFO: → GET /api/fichas/catalogos/partes-cuerpo
[2025-09-06 08:27:02] INFO: → GET /api/fichas/catalogos/partes-cuerpo
[2025-09-06 08:27:02] INFO: 🚨 Solicitud en la ruta de fichas: GET /api/fichas/catalogos/partes-cuerpo
[2025-09-06 08:27:02] INFO: → GET /api/fichas/catalogos/prendas
[2025-09-06 08:27:02] INFO: → GET /api/fichas/catalogos/prendas
[2025-09-06 08:27:02] INFO: 🚨 Solicitud en la ruta de fichas: GET /api/fichas/catalogos/prendas
[2025-09-06 08:27:02] INFO: → GET /api/fichas/catalogos/tipos-lugar
[2025-09-06 08:27:02] INFO: → GET /api/fichas/catalogos/tipos-lugar
[2025-09-06 08:27:02] INFO: 🚨 Solicitud en la ruta de fichas: GET /api/fichas/catalogos/tipos-lugar
[2025-09-06 08:27:02] INFO: → GET /api/fichas/catalogos/partes-cuerpo
[2025-09-06 08:27:02] INFO: → GET /api/fichas/catalogos/partes-cuerpo
[2025-09-06 08:27:02] INFO: 🚨 Solicitud en la ruta de fichas: GET /api/fichas/catalogos/partes-cuerpo
[2025-09-06 08:35:23] INFO: 🚀 Servidor corriendo en http://localhost:3001
[2025-09-06 08:35:32] INFO: → GET /api/feed/dashboard
[2025-09-06 08:35:32] INFO: → GET /api/feed/dashboard
[2025-09-06 08:35:32] INFO: → GET /api/feed/dashboard
[2025-09-06 08:35:32] INFO: → GET /api/feed/dashboard
[2025-09-06 08:35:33] INFO: → GET /api/hallazgos/?limit=10&offset=0
[2025-09-06 08:35:33] INFO: → GET /api/hallazgos/?limit=10&offset=0
[2025-09-06 08:35:33] INFO: 🚨 Solicitud en la ruta de hallazgos: GET /api/hallazgos/?limit=10&offset=0
[2025-09-06 08:35:33] INFO: 📦 Usuario encontrado y parseado:
[2025-09-06 08:35:33] INFO: → GET /api/hallazgos/?limit=10&offset=0
[2025-09-06 08:35:33] INFO: → GET /api/hallazgos/?limit=10&offset=0
[2025-09-06 08:35:33] INFO: 🚨 Solicitud en la ruta de hallazgos: GET /api/hallazgos/?limit=10&offset=0
[2025-09-06 08:35:33] INFO: 📦 Usuario encontrado y parseado:
[2025-09-06 08:35:35] INFO: → GET /api/hallazgos/feed/search?searchTerm=vestido&limit=10&offset=0
[2025-09-06 08:35:35] INFO: → GET /api/hallazgos/feed/search?searchTerm=vestido&limit=10&offset=0
[2025-09-06 08:35:35] INFO: 🚨 Solicitud en la ruta de hallazgos: GET /api/hallazgos/feed/search?searchTerm=vestido&limit=10&offset=0
[2025-09-06 08:35:35] INFO: 📦 Usuario encontrado y parseado:
[2025-09-06 08:35:41] INFO: → GET /api/feed/dashboard
[2025-09-06 08:35:41] INFO: → GET /api/feed/dashboard
[2025-09-06 08:35:41] INFO: → GET /api/feed/dashboard
[2025-09-06 08:35:41] INFO: → GET /api/feed/dashboard
[2025-09-06 08:35:42] INFO: → GET /api/hallazgos/?limit=10&offset=0
[2025-09-06 08:35:42] INFO: → GET /api/hallazgos/?limit=10&offset=0
[2025-09-06 08:35:42] INFO: 🚨 Solicitud en la ruta de hallazgos: GET /api/hallazgos/?limit=10&offset=0
[2025-09-06 08:35:42] INFO: 📦 Usuario encontrado y parseado:
[2025-09-06 08:35:42] INFO: → GET /api/hallazgos/?limit=10&offset=0
[2025-09-06 08:35:42] INFO: → GET /api/hallazgos/?limit=10&offset=0
[2025-09-06 08:35:42] INFO: 🚨 Solicitud en la ruta de hallazgos: GET /api/hallazgos/?limit=10&offset=0
[2025-09-06 08:35:42] INFO: 📦 Usuario encontrado y parseado:
[2025-09-06 08:35:43] INFO: → GET /api/hallazgos/feed/search?searchTerm=rara&limit=10&offset=0
[2025-09-06 08:35:43] INFO: → GET /api/hallazgos/feed/search?searchTerm=rara&limit=10&offset=0
[2025-09-06 08:35:43] INFO: 🚨 Solicitud en la ruta de hallazgos: GET /api/hallazgos/feed/search?searchTerm=rara&limit=10&offset=0
[2025-09-06 08:35:43] INFO: 📦 Usuario encontrado y parseado:
[2025-09-06 08:35:45] INFO: → GET /api/hallazgos/1
[2025-09-06 08:35:45] INFO: → GET /api/hallazgos/1
[2025-09-06 08:35:45] INFO: 🚨 Solicitud en la ruta de hallazgos: GET /api/hallazgos/1
[2025-09-06 08:35:45] INFO: 📦 Usuario encontrado y parseado:
[2025-09-06 08:35:45] INFO: → GET /api/hallazgos/1
[2025-09-06 08:35:45] INFO: → GET /api/hallazgos/1
[2025-09-06 08:35:45] INFO: 🚨 Solicitud en la ruta de hallazgos: GET /api/hallazgos/1
[2025-09-06 08:35:45] INFO: 📦 Usuario encontrado y parseado:
[2025-09-06 08:35:52] INFO: → GET /api/feed/dashboard
[2025-09-06 08:35:52] INFO: → GET /api/feed/dashboard
[2025-09-06 08:35:52] INFO: → GET /api/feed/dashboard
[2025-09-06 08:35:52] INFO: → GET /api/feed/dashboard
[2025-09-06 08:35:52] INFO: → GET /api/hallazgos/?limit=10&offset=0
[2025-09-06 08:35:52] INFO: → GET /api/hallazgos/?limit=10&offset=0
[2025-09-06 08:35:52] INFO: 🚨 Solicitud en la ruta de hallazgos: GET /api/hallazgos/?limit=10&offset=0
[2025-09-06 08:35:52] INFO: 📦 Usuario encontrado y parseado:
[2025-09-06 08:35:52] INFO: → GET /api/hallazgos/?limit=10&offset=0
[2025-09-06 08:35:52] INFO: → GET /api/hallazgos/?limit=10&offset=0
[2025-09-06 08:35:52] INFO: 🚨 Solicitud en la ruta de hallazgos: GET /api/hallazgos/?limit=10&offset=0
[2025-09-06 08:35:53] INFO: 📦 Usuario encontrado y parseado:
[2025-09-06 08:35:54] INFO: → GET /api/hallazgos/feed/search?searchTerm=pelo&limit=10&offset=0
[2025-09-06 08:35:54] INFO: → GET /api/hallazgos/feed/search?searchTerm=pelo&limit=10&offset=0
[2025-09-06 08:35:54] INFO: 🚨 Solicitud en la ruta de hallazgos: GET /api/hallazgos/feed/search?searchTerm=pelo&limit=10&offset=0
[2025-09-06 08:35:54] INFO: 📦 Usuario encontrado y parseado:
[2025-09-06 08:35:57] INFO: → GET /api/feed/dashboard
[2025-09-06 08:35:57] INFO: → GET /api/feed/dashboard
[2025-09-06 08:35:57] INFO: → GET /api/feed/dashboard
[2025-09-06 08:35:57] INFO: → GET /api/feed/dashboard
[2025-09-06 08:35:58] INFO: → GET /api/hallazgos/?limit=10&offset=0
[2025-09-06 08:35:58] INFO: → GET /api/hallazgos/?limit=10&offset=0
[2025-09-06 08:35:58] INFO: 🚨 Solicitud en la ruta de hallazgos: GET /api/hallazgos/?limit=10&offset=0
[2025-09-06 08:35:58] INFO: 📦 Usuario encontrado y parseado:
[2025-09-06 08:35:58] INFO: → GET /api/hallazgos/?limit=10&offset=0
[2025-09-06 08:35:58] INFO: → GET /api/hallazgos/?limit=10&offset=0
[2025-09-06 08:35:58] INFO: 🚨 Solicitud en la ruta de hallazgos: GET /api/hallazgos/?limit=10&offset=0
[2025-09-06 08:35:58] INFO: 📦 Usuario encontrado y parseado:
[2025-09-06 08:35:59] INFO: → GET /api/hallazgos/1
[2025-09-06 08:35:59] INFO: → GET /api/hallazgos/1
[2025-09-06 08:35:59] INFO: 🚨 Solicitud en la ruta de hallazgos: GET /api/hallazgos/1
[2025-09-06 08:35:59] INFO: 📦 Usuario encontrado y parseado:
[2025-09-06 08:35:59] INFO: → GET /api/hallazgos/1
[2025-09-06 08:35:59] INFO: → GET /api/hallazgos/1
[2025-09-06 08:35:59] INFO: 🚨 Solicitud en la ruta de hallazgos: GET /api/hallazgos/1
[2025-09-06 08:35:59] INFO: 📦 Usuario encontrado y parseado:
[2025-09-06 08:36:04] INFO: → GET /api/hallazgos/?limit=10&offset=0
[2025-09-06 08:36:04] INFO: → GET /api/hallazgos/?limit=10&offset=0
[2025-09-06 08:36:04] INFO: 🚨 Solicitud en la ruta de hallazgos: GET /api/hallazgos/?limit=10&offset=0
[2025-09-06 08:36:04] INFO: 📦 Usuario encontrado y parseado:
[2025-09-06 08:36:04] INFO: → GET /api/hallazgos/?limit=10&offset=0
[2025-09-06 08:36:04] INFO: → GET /api/hallazgos/?limit=10&offset=0
[2025-09-06 08:36:04] INFO: 🚨 Solicitud en la ruta de hallazgos: GET /api/hallazgos/?limit=10&offset=0
[2025-09-06 08:36:04] INFO: 📦 Usuario encontrado y parseado:
[2025-09-06 08:36:07] INFO: → GET /api/hallazgos/feed/search?searchTerm=plaa&limit=10&offset=0
[2025-09-06 08:36:07] INFO: → GET /api/hallazgos/feed/search?searchTerm=plaa&limit=10&offset=0
[2025-09-06 08:36:07] INFO: 🚨 Solicitud en la ruta de hallazgos: GET /api/hallazgos/feed/search?searchTerm=plaa&limit=10&offset=0
[2025-09-06 08:36:07] INFO: 📦 Usuario encontrado y parseado:
[2025-09-06 08:36:08] INFO: → GET /api/hallazgos/feed/search?searchTerm=plaza&limit=10&offset=0
[2025-09-06 08:36:08] INFO: → GET /api/hallazgos/feed/search?searchTerm=plaza&limit=10&offset=0
[2025-09-06 08:36:08] INFO: 🚨 Solicitud en la ruta de hallazgos: GET /api/hallazgos/feed/search?searchTerm=plaza&limit=10&offset=0
[2025-09-06 08:36:08] INFO: 📦 Usuario encontrado y parseado:
[2025-09-06 08:36:09] INFO: → GET /api/feed/dashboard
[2025-09-06 08:36:09] INFO: → GET /api/feed/dashboard
[2025-09-06 08:36:09] INFO: → GET /api/feed/dashboard
[2025-09-06 08:36:09] INFO: → GET /api/feed/dashboard
[2025-09-06 08:44:28] INFO: → GET /api/hallazgos/?limit=10&offset=0
[2025-09-06 08:44:28] INFO: → GET /api/hallazgos/?limit=10&offset=0
[2025-09-06 08:44:28] INFO: 🚨 Solicitud en la ruta de hallazgos: GET /api/hallazgos/?limit=10&offset=0
[2025-09-06 08:44:28] INFO: 📦 Usuario encontrado y parseado:
[2025-09-06 08:44:28] INFO: → GET /api/hallazgos/?limit=10&offset=0
[2025-09-06 08:44:28] INFO: → GET /api/hallazgos/?limit=10&offset=0
[2025-09-06 08:44:28] INFO: 🚨 Solicitud en la ruta de hallazgos: GET /api/hallazgos/?limit=10&offset=0
[2025-09-06 08:44:28] INFO: 📦 Usuario encontrado y parseado:
[2025-09-06 08:47:21] INFO: → GET /api/hallazgos/?limit=10&offset=0
[2025-09-06 08:47:21] INFO: → GET /api/hallazgos/?limit=10&offset=0
[2025-09-06 08:47:21] INFO: 🚨 Solicitud en la ruta de hallazgos: GET /api/hallazgos/?limit=10&offset=0
[2025-09-06 08:47:21] INFO: 📦 Usuario encontrado y parseado:
[2025-09-06 08:47:25] INFO: → GET /api/hallazgos/feed/search?searchTerm=manuel&limit=10&offset=0
[2025-09-06 08:47:25] INFO: → GET /api/hallazgos/feed/search?searchTerm=manuel&limit=10&offset=0
[2025-09-06 08:47:25] INFO: 🚨 Solicitud en la ruta de hallazgos: GET /api/hallazgos/feed/search?searchTerm=manuel&limit=10&offset=0
[2025-09-06 08:47:25] INFO: 📦 Usuario encontrado y parseado:
[2025-09-06 08:47:27] INFO: → GET /api/hallazgos/?limit=10&offset=0
[2025-09-06 08:47:27] INFO: → GET /api/hallazgos/?limit=10&offset=0
[2025-09-06 08:47:27] INFO: 🚨 Solicitud en la ruta de hallazgos: GET /api/hallazgos/?limit=10&offset=0
[2025-09-06 08:47:27] INFO: 📦 Usuario encontrado y parseado:
[2025-09-06 08:47:29] INFO: → GET /api/hallazgos/feed/search?searchTerm=yamili&limit=10&offset=0
[2025-09-06 08:47:29] INFO: → GET /api/hallazgos/feed/search?searchTerm=yamili&limit=10&offset=0
[2025-09-06 08:47:29] INFO: 🚨 Solicitud en la ruta de hallazgos: GET /api/hallazgos/feed/search?searchTerm=yamili&limit=10&offset=0
[2025-09-06 08:47:29] INFO: 📦 Usuario encontrado y parseado:
[2025-09-06 08:47:31] INFO: → GET /api/hallazgos/?limit=10&offset=0
[2025-09-06 08:47:31] INFO: → GET /api/hallazgos/?limit=10&offset=0
[2025-09-06 08:47:31] INFO: 🚨 Solicitud en la ruta de hallazgos: GET /api/hallazgos/?limit=10&offset=0
[2025-09-06 08:47:31] INFO: 📦 Usuario encontrado y parseado:
[2025-09-06 08:47:32] INFO: → GET /api/hallazgos/feed/search?searchTerm=rara&limit=10&offset=0
[2025-09-06 08:47:32] INFO: → GET /api/hallazgos/feed/search?searchTerm=rara&limit=10&offset=0
[2025-09-06 08:47:32] INFO: 🚨 Solicitud en la ruta de hallazgos: GET /api/hallazgos/feed/search?searchTerm=rara&limit=10&offset=0
[2025-09-06 08:47:32] INFO: 📦 Usuario encontrado y parseado:
[2025-09-06 08:47:36] INFO: → GET /api/hallazgos/feed/search?searchTerm=negro&limit=10&offset=0
[2025-09-06 08:47:36] INFO: → GET /api/hallazgos/feed/search?searchTerm=negro&limit=10&offset=0
[2025-09-06 08:47:36] INFO: 🚨 Solicitud en la ruta de hallazgos: GET /api/hallazgos/feed/search?searchTerm=negro&limit=10&offset=0
[2025-09-06 08:47:36] INFO: 📦 Usuario encontrado y parseado:
[2025-09-06 08:47:40] INFO: → GET /api/hallazgos/feed/search?searchTerm=ondulado&limit=10&offset=0
[2025-09-06 08:47:40] INFO: → GET /api/hallazgos/feed/search?searchTerm=ondulado&limit=10&offset=0
[2025-09-06 08:47:40] INFO: 🚨 Solicitud en la ruta de hallazgos: GET /api/hallazgos/feed/search?searchTerm=ondulado&limit=10&offset=0
[2025-09-06 08:47:40] INFO: 📦 Usuario encontrado y parseado:
[2025-09-06 08:47:42] INFO: → GET /api/hallazgos/?limit=10&offset=0
[2025-09-06 08:47:42] INFO: → GET /api/hallazgos/?limit=10&offset=0
[2025-09-06 08:47:42] INFO: 🚨 Solicitud en la ruta de hallazgos: GET /api/hallazgos/?limit=10&offset=0
[2025-09-06 08:47:42] INFO: 📦 Usuario encontrado y parseado:
[2025-09-06 08:55:59] INFO: → GET /api/fichas/catalogos/tipos-lugar
[2025-09-06 08:55:59] INFO: → GET /api/fichas/catalogos/tipos-lugar
[2025-09-06 08:55:59] INFO: 🚨 Solicitud en la ruta de fichas: GET /api/fichas/catalogos/tipos-lugar
[2025-09-06 08:55:59] INFO: → GET /api/fichas/catalogos/partes-cuerpo
[2025-09-06 08:55:59] INFO: → GET /api/fichas/catalogos/partes-cuerpo
[2025-09-06 08:55:59] INFO: 🚨 Solicitud en la ruta de fichas: GET /api/fichas/catalogos/partes-cuerpo
[2025-09-06 08:55:59] INFO: → GET /api/fichas/catalogos/prendas
[2025-09-06 08:55:59] INFO: → GET /api/fichas/catalogos/prendas
[2025-09-06 08:55:59] INFO: 🚨 Solicitud en la ruta de fichas: GET /api/fichas/catalogos/prendas
[2025-09-06 08:55:59] INFO: → GET /api/hallazgos/by-user
[2025-09-06 08:55:59] INFO: → GET /api/hallazgos/by-user
[2025-09-06 08:55:59] INFO: 🚨 Solicitud en la ruta de hallazgos: GET /api/hallazgos/by-user
[2025-09-06 08:55:59] INFO: 📦 Usuario encontrado y parseado:
[2025-09-06 08:55:59] INFO: → GET /api/fichas/catalogos/tipos-lugar
[2025-09-06 08:55:59] INFO: → GET /api/fichas/catalogos/tipos-lugar
[2025-09-06 08:55:59] INFO: 🚨 Solicitud en la ruta de fichas: GET /api/fichas/catalogos/tipos-lugar
[2025-09-06 08:55:59] INFO: → GET /api/fichas/catalogos/partes-cuerpo
[2025-09-06 08:55:59] INFO: → GET /api/fichas/catalogos/partes-cuerpo
[2025-09-06 08:55:59] INFO: 🚨 Solicitud en la ruta de fichas: GET /api/fichas/catalogos/partes-cuerpo
[2025-09-06 08:55:59] INFO: → GET /api/fichas/catalogos/prendas
[2025-09-06 08:55:59] INFO: → GET /api/fichas/catalogos/prendas
[2025-09-06 08:55:59] INFO: 🚨 Solicitud en la ruta de fichas: GET /api/fichas/catalogos/prendas
[2025-09-06 08:55:59] INFO: → GET /api/hallazgos/by-user
[2025-09-06 08:55:59] INFO: → GET /api/hallazgos/by-user
[2025-09-06 08:55:59] INFO: 🚨 Solicitud en la ruta de hallazgos: GET /api/hallazgos/by-user
[2025-09-06 08:55:59] INFO: → GET /api/fichas/catalogos/tipos-lugar
[2025-09-06 08:55:59] INFO: → GET /api/fichas/catalogos/tipos-lugar
[2025-09-06 08:55:59] INFO: 🚨 Solicitud en la ruta de fichas: GET /api/fichas/catalogos/tipos-lugar
[2025-09-06 08:55:59] INFO: → GET /api/fichas/catalogos/partes-cuerpo
[2025-09-06 08:55:59] INFO: → GET /api/fichas/catalogos/partes-cuerpo
[2025-09-06 08:55:59] INFO: 🚨 Solicitud en la ruta de fichas: GET /api/fichas/catalogos/partes-cuerpo
[2025-09-06 08:55:59] INFO: → GET /api/fichas/catalogos/prendas
[2025-09-06 08:55:59] INFO: → GET /api/fichas/catalogos/prendas
[2025-09-06 08:55:59] INFO: 🚨 Solicitud en la ruta de fichas: GET /api/fichas/catalogos/prendas
[2025-09-06 08:55:59] INFO: 📦 Usuario encontrado y parseado:
[2025-09-06 08:55:59] INFO: → GET /api/fichas/catalogos/tipos-lugar
[2025-09-06 08:55:59] INFO: → GET /api/fichas/catalogos/tipos-lugar
[2025-09-06 08:55:59] INFO: 🚨 Solicitud en la ruta de fichas: GET /api/fichas/catalogos/tipos-lugar
[2025-09-06 08:55:59] INFO: → GET /api/fichas/catalogos/partes-cuerpo
[2025-09-06 08:55:59] INFO: → GET /api/fichas/catalogos/partes-cuerpo
[2025-09-06 08:55:59] INFO: 🚨 Solicitud en la ruta de fichas: GET /api/fichas/catalogos/partes-cuerpo
[2025-09-06 08:55:59] INFO: → GET /api/fichas/catalogos/prendas
[2025-09-06 08:55:59] INFO: → GET /api/fichas/catalogos/prendas
[2025-09-06 08:55:59] INFO: 🚨 Solicitud en la ruta de fichas: GET /api/fichas/catalogos/prendas
[2025-09-06 08:55:59] INFO: → GET /api/fichas/catalogos/tipos-lugar
[2025-09-06 08:55:59] INFO: → GET /api/fichas/catalogos/tipos-lugar
[2025-09-06 08:55:59] INFO: 🚨 Solicitud en la ruta de fichas: GET /api/fichas/catalogos/tipos-lugar
[2025-09-06 08:55:59] INFO: → GET /api/fichas/catalogos/partes-cuerpo
[2025-09-06 08:55:59] INFO: → GET /api/fichas/catalogos/partes-cuerpo
[2025-09-06 08:55:59] INFO: 🚨 Solicitud en la ruta de fichas: GET /api/fichas/catalogos/partes-cuerpo
[2025-09-06 08:55:59] INFO: → GET /api/fichas/catalogos/prendas
[2025-09-06 08:55:59] INFO: → GET /api/fichas/catalogos/prendas
[2025-09-06 08:55:59] INFO: 🚨 Solicitud en la ruta de fichas: GET /api/fichas/catalogos/prendas
[2025-09-06 08:55:59] INFO: → GET /api/fichas/catalogos/tipos-lugar
[2025-09-06 08:55:59] INFO: → GET /api/fichas/catalogos/tipos-lugar
[2025-09-06 08:55:59] INFO: 🚨 Solicitud en la ruta de fichas: GET /api/fichas/catalogos/tipos-lugar
[2025-09-06 08:55:59] INFO: → GET /api/fichas/catalogos/partes-cuerpo
[2025-09-06 08:55:59] INFO: → GET /api/fichas/catalogos/partes-cuerpo
[2025-09-06 08:55:59] INFO: 🚨 Solicitud en la ruta de fichas: GET /api/fichas/catalogos/partes-cuerpo
[2025-09-06 08:55:59] INFO: → GET /api/fichas/catalogos/prendas
[2025-09-06 08:55:59] INFO: → GET /api/fichas/catalogos/prendas
[2025-09-06 08:55:59] INFO: 🚨 Solicitud en la ruta de fichas: GET /api/fichas/catalogos/prendas
[2025-09-06 08:55:59] INFO: → GET /api/hallazgos/by-user
[2025-09-06 08:55:59] INFO: → GET /api/hallazgos/by-user
[2025-09-06 08:55:59] INFO: 🚨 Solicitud en la ruta de hallazgos: GET /api/hallazgos/by-user
[2025-09-06 08:56:00] INFO: 📦 Usuario encontrado y parseado:
[2025-09-06 08:56:00] INFO: → GET /api/hallazgos/by-user
[2025-09-06 08:56:00] INFO: → GET /api/hallazgos/by-user
[2025-09-06 08:56:00] INFO: 🚨 Solicitud en la ruta de hallazgos: GET /api/hallazgos/by-user
[2025-09-06 08:56:00] INFO: 📦 Usuario encontrado y parseado:
[2025-09-06 08:56:01] INFO: → GET /api/hallazgos/by-user
[2025-09-06 08:56:01] INFO: → GET /api/hallazgos/by-user
[2025-09-06 08:56:01] INFO: 🚨 Solicitud en la ruta de hallazgos: GET /api/hallazgos/by-user
[2025-09-06 08:56:01] INFO: → GET /api/hallazgos/3
[2025-09-06 08:56:01] INFO: → GET /api/hallazgos/3
[2025-09-06 08:56:01] INFO: 🚨 Solicitud en la ruta de hallazgos: GET /api/hallazgos/3
[2025-09-06 08:56:01] INFO: 📦 Usuario encontrado y parseado:
[2025-09-06 08:56:01] INFO: 📦 Usuario encontrado y parseado:
[2025-09-06 08:56:01] INFO: → GET /api/hallazgos/by-user
[2025-09-06 08:56:01] INFO: → GET /api/hallazgos/by-user
[2025-09-06 08:56:01] INFO: 🚨 Solicitud en la ruta de hallazgos: GET /api/hallazgos/by-user
[2025-09-06 08:56:01] INFO: → GET /api/hallazgos/3
[2025-09-06 08:56:01] INFO: → GET /api/hallazgos/3
[2025-09-06 08:56:01] INFO: 🚨 Solicitud en la ruta de hallazgos: GET /api/hallazgos/3
[2025-09-06 08:56:01] INFO: 📦 Usuario encontrado y parseado:
[2025-09-06 08:56:01] INFO: 📦 Usuario encontrado y parseado:
[2025-09-06 08:56:01] INFO: → GET /api/fichas/catalogos/tipos-lugar
[2025-09-06 08:56:01] INFO: → GET /api/fichas/catalogos/tipos-lugar
[2025-09-06 08:56:01] INFO: 🚨 Solicitud en la ruta de fichas: GET /api/fichas/catalogos/tipos-lugar
[2025-09-06 08:56:01] INFO: → GET /api/fichas/catalogos/partes-cuerpo
[2025-09-06 08:56:01] INFO: → GET /api/fichas/catalogos/partes-cuerpo
[2025-09-06 08:56:01] INFO: 🚨 Solicitud en la ruta de fichas: GET /api/fichas/catalogos/partes-cuerpo
[2025-09-06 08:56:01] INFO: → GET /api/fichas/catalogos/prendas
[2025-09-06 08:56:01] INFO: → GET /api/fichas/catalogos/prendas
[2025-09-06 08:56:01] INFO: 🚨 Solicitud en la ruta de fichas: GET /api/fichas/catalogos/prendas
[2025-09-06 08:56:01] INFO: → GET /api/fichas/catalogos/tipos-lugar
[2025-09-06 08:56:01] INFO: → GET /api/fichas/catalogos/tipos-lugar
[2025-09-06 08:56:01] INFO: 🚨 Solicitud en la ruta de fichas: GET /api/fichas/catalogos/tipos-lugar
[2025-09-06 08:56:01] INFO: → GET /api/fichas/catalogos/partes-cuerpo
[2025-09-06 08:56:01] INFO: → GET /api/fichas/catalogos/partes-cuerpo
[2025-09-06 08:56:01] INFO: 🚨 Solicitud en la ruta de fichas: GET /api/fichas/catalogos/partes-cuerpo
[2025-09-06 08:56:01] INFO: → GET /api/fichas/catalogos/prendas
[2025-09-06 08:56:01] INFO: → GET /api/fichas/catalogos/prendas
[2025-09-06 08:56:01] INFO: 🚨 Solicitud en la ruta de fichas: GET /api/fichas/catalogos/prendas
[2025-09-06 08:56:01] INFO: → GET /api/fichas/catalogos/tipos-lugar
[2025-09-06 08:56:01] INFO: → GET /api/fichas/catalogos/tipos-lugar
[2025-09-06 08:56:01] INFO: 🚨 Solicitud en la ruta de fichas: GET /api/fichas/catalogos/tipos-lugar
[2025-09-06 08:56:01] INFO: → GET /api/fichas/catalogos/partes-cuerpo
[2025-09-06 08:56:01] INFO: → GET /api/fichas/catalogos/partes-cuerpo
[2025-09-06 08:56:01] INFO: 🚨 Solicitud en la ruta de fichas: GET /api/fichas/catalogos/partes-cuerpo
[2025-09-06 08:56:01] INFO: → GET /api/fichas/catalogos/prendas
[2025-09-06 08:56:01] INFO: → GET /api/fichas/catalogos/prendas
[2025-09-06 08:56:01] INFO: 🚨 Solicitud en la ruta de fichas: GET /api/fichas/catalogos/prendas
[2025-09-06 08:56:01] INFO: → GET /api/fichas/catalogos/tipos-lugar
[2025-09-06 08:56:01] INFO: → GET /api/fichas/catalogos/tipos-lugar
[2025-09-06 08:56:01] INFO: 🚨 Solicitud en la ruta de fichas: GET /api/fichas/catalogos/tipos-lugar
[2025-09-06 08:56:01] INFO: → GET /api/fichas/catalogos/partes-cuerpo
[2025-09-06 08:56:01] INFO: → GET /api/fichas/catalogos/partes-cuerpo
[2025-09-06 08:56:01] INFO: 🚨 Solicitud en la ruta de fichas: GET /api/fichas/catalogos/partes-cuerpo
[2025-09-06 08:56:01] INFO: → GET /api/fichas/catalogos/prendas
[2025-09-06 08:56:01] INFO: → GET /api/fichas/catalogos/prendas
[2025-09-06 08:56:01] INFO: 🚨 Solicitud en la ruta de fichas: GET /api/fichas/catalogos/prendas
[2025-09-06 08:56:01] INFO: → GET /api/fichas/catalogos/tipos-lugar
[2025-09-06 08:56:01] INFO: → GET /api/fichas/catalogos/tipos-lugar
[2025-09-06 08:56:01] INFO: 🚨 Solicitud en la ruta de fichas: GET /api/fichas/catalogos/tipos-lugar
[2025-09-06 08:56:01] INFO: → GET /api/fichas/catalogos/partes-cuerpo
[2025-09-06 08:56:01] INFO: → GET /api/fichas/catalogos/partes-cuerpo
[2025-09-06 08:56:01] INFO: 🚨 Solicitud en la ruta de fichas: GET /api/fichas/catalogos/partes-cuerpo
[2025-09-06 08:56:01] INFO: → GET /api/fichas/catalogos/prendas
[2025-09-06 08:56:01] INFO: → GET /api/fichas/catalogos/prendas
[2025-09-06 08:56:01] INFO: 🚨 Solicitud en la ruta de fichas: GET /api/fichas/catalogos/prendas
[2025-09-06 08:56:02] INFO: → GET /api/fichas/catalogos/tipos-lugar
[2025-09-06 08:56:02] INFO: → GET /api/fichas/catalogos/tipos-lugar
[2025-09-06 08:56:02] INFO: 🚨 Solicitud en la ruta de fichas: GET /api/fichas/catalogos/tipos-lugar
[2025-09-06 08:56:02] INFO: → GET /api/fichas/catalogos/partes-cuerpo
[2025-09-06 08:56:02] INFO: → GET /api/fichas/catalogos/partes-cuerpo
[2025-09-06 08:56:02] INFO: 🚨 Solicitud en la ruta de fichas: GET /api/fichas/catalogos/partes-cuerpo
[2025-09-06 08:56:02] INFO: → GET /api/fichas/catalogos/prendas
[2025-09-06 08:56:02] INFO: → GET /api/fichas/catalogos/prendas
[2025-09-06 08:56:02] INFO: 🚨 Solicitud en la ruta de fichas: GET /api/fichas/catalogos/prendas
[2025-09-06 08:56:06] INFO: → GET /api/feed/dashboard
[2025-09-06 08:56:06] INFO: → GET /api/feed/dashboard
[2025-09-06 08:56:06] INFO: → GET /api/feed/dashboard
[2025-09-06 08:56:06] INFO: → GET /api/feed/dashboard
[2025-09-06 09:15:09] INFO: 🚀 Servidor corriendo en http://localhost:3001
[2025-09-06 09:15:30] INFO: 🚀 Servidor corriendo en http://localhost:3001
[2025-09-06 09:15:37] INFO: 🚀 Servidor corriendo en http://localhost:3001
[2025-09-06 09:15:51] INFO: 🚀 Servidor corriendo en http://localhost:3001
[2025-09-06 09:15:57] INFO: 🚀 Servidor corriendo en http://localhost:3001
[2025-09-06 09:16:58] INFO: 🚀 Servidor corriendo en http://localhost:3001
[2025-09-06 09:17:19] INFO: 🚀 Servidor corriendo en http://localhost:3001
[2025-09-06 09:27:27] INFO: → GET /api/fichas/publicas?limit=12&offset=0
[2025-09-06 09:27:27] INFO: → GET /api/fichas/publicas?limit=12&offset=0
[2025-09-06 09:27:27] INFO: 🚨 Solicitud en la ruta de fichas: GET /api/fichas/publicas?limit=12&offset=0
[2025-09-06 09:27:27] INFO: → GET /api/fichas/publicas?limit=12&offset=0
[2025-09-06 09:27:27] INFO: → GET /api/fichas/publicas?limit=12&offset=0
[2025-09-06 09:27:27] INFO: 🚨 Solicitud en la ruta de fichas: GET /api/fichas/publicas?limit=12&offset=0
[2025-09-06 09:27:29] INFO: → GET /api/feed/dashboard
[2025-09-06 09:27:29] INFO: → GET /api/feed/dashboard
[2025-09-06 09:27:29] INFO: → GET /api/feed/dashboard
[2025-09-06 09:27:29] INFO: → GET /api/feed/dashboard
[2025-09-06 09:27:52] INFO: → GET /api/fichas/publicas?limit=12&offset=0
[2025-09-06 09:27:52] INFO: → GET /api/fichas/publicas?limit=12&offset=0
[2025-09-06 09:27:52] INFO: 🚨 Solicitud en la ruta de fichas: GET /api/fichas/publicas?limit=12&offset=0
[2025-09-06 09:27:52] INFO: → GET /api/fichas/publicas?limit=12&offset=0
[2025-09-06 09:27:52] INFO: → GET /api/fichas/publicas?limit=12&offset=0
[2025-09-06 09:27:52] INFO: 🚨 Solicitud en la ruta de fichas: GET /api/fichas/publicas?limit=12&offset=0
[2025-09-06 09:27:54] INFO: → GET /api/feed/dashboard
[2025-09-06 09:27:54] INFO: → GET /api/feed/dashboard
[2025-09-06 09:27:54] INFO: → GET /api/feed/dashboard
[2025-09-06 09:27:54] INFO: → GET /api/feed/dashboard
[2025-09-06 09:49:22] INFO: → GET /api/feed/dashboard
[2025-09-06 09:49:22] INFO: → GET /api/feed/dashboard
[2025-09-06 09:49:22] INFO: → GET /api/feed/dashboard
[2025-09-06 09:49:22] INFO: → GET /api/feed/dashboard
[2025-09-06 09:49:50] INFO: → GET /api/fichas/publicas?limit=12&offset=0
[2025-09-06 09:49:50] INFO: → GET /api/fichas/publicas?limit=12&offset=0
[2025-09-06 09:49:50] INFO: 🚨 Solicitud en la ruta de fichas: GET /api/fichas/publicas?limit=12&offset=0
[2025-09-06 09:49:50] INFO: → GET /api/fichas/publicas?limit=12&offset=0
[2025-09-06 09:49:50] INFO: → GET /api/fichas/publicas?limit=12&offset=0
[2025-09-06 09:49:50] INFO: 🚨 Solicitud en la ruta de fichas: GET /api/fichas/publicas?limit=12&offset=0
[2025-09-06 09:51:22] INFO: → GET /api/feed/dashboard
[2025-09-06 09:51:22] INFO: → GET /api/feed/dashboard
[2025-09-06 09:51:22] INFO: → GET /api/feed/dashboard
[2025-09-06 09:51:22] INFO: → GET /api/feed/dashboard
[2025-09-06 09:52:40] INFO: → GET /api/hallazgos/?limit=10&offset=0
[2025-09-06 09:52:40] INFO: → GET /api/hallazgos/?limit=10&offset=0
[2025-09-06 09:52:40] INFO: 🚨 Solicitud en la ruta de hallazgos: GET /api/hallazgos/?limit=10&offset=0
[2025-09-06 09:52:40] INFO: 📦 Usuario encontrado y parseado:
[2025-09-06 09:52:40] INFO: → GET /api/hallazgos/?limit=10&offset=0
[2025-09-06 09:52:40] INFO: → GET /api/hallazgos/?limit=10&offset=0
[2025-09-06 09:52:40] INFO: 🚨 Solicitud en la ruta de hallazgos: GET /api/hallazgos/?limit=10&offset=0
[2025-09-06 09:52:40] INFO: 📦 Usuario encontrado y parseado:
[2025-09-06 09:52:44] INFO: → GET /api/feed/dashboard
[2025-09-06 09:52:44] INFO: → GET /api/feed/dashboard
[2025-09-06 09:52:44] INFO: → GET /api/feed/dashboard
[2025-09-06 09:52:44] INFO: → GET /api/feed/dashboard
[2025-09-06 09:52:45] INFO: → GET /api/fichas/publicas?limit=12&offset=0
[2025-09-06 09:52:45] INFO: → GET /api/fichas/publicas?limit=12&offset=0
[2025-09-06 09:52:45] INFO: 🚨 Solicitud en la ruta de fichas: GET /api/fichas/publicas?limit=12&offset=0
[2025-09-06 09:52:45] INFO: → GET /api/fichas/publicas?limit=12&offset=0
[2025-09-06 09:52:45] INFO: → GET /api/fichas/publicas?limit=12&offset=0
[2025-09-06 09:52:45] INFO: 🚨 Solicitud en la ruta de fichas: GET /api/fichas/publicas?limit=12&offset=0
[2025-09-06 10:53:47] INFO: 🚀 Servidor corriendo en http://localhost:3001
[2025-09-06 10:53:49] INFO: → GET /api/feed/dashboard
[2025-09-06 10:53:49] INFO: → GET /api/feed/dashboard
[2025-09-06 10:53:49] INFO: → GET /api/feed/dashboard
[2025-09-06 10:53:49] INFO: → GET /api/feed/dashboard
[2025-09-06 10:53:51] INFO: → GET /api/fichas/publicas?limit=12&offset=0
[2025-09-06 10:53:51] INFO: → GET /api/fichas/publicas?limit=12&offset=0
[2025-09-06 10:53:51] INFO: 🚨 Solicitud en la ruta de fichas: GET /api/fichas/publicas?limit=12&offset=0
[2025-09-06 10:53:51] INFO: → GET /api/fichas/publicas?limit=12&offset=0
[2025-09-06 10:53:51] INFO: → GET /api/fichas/publicas?limit=12&offset=0
[2025-09-06 10:53:51] INFO: 🚨 Solicitud en la ruta de fichas: GET /api/fichas/publicas?limit=12&offset=0
[2025-09-06 10:53:53] INFO: → GET /api/feed/dashboard
[2025-09-06 10:53:53] INFO: → GET /api/feed/dashboard
[2025-09-06 10:53:53] INFO: → GET /api/feed/dashboard
[2025-09-06 10:53:53] INFO: → GET /api/feed/dashboard
[2025-09-06 10:53:55] INFO: → GET /api/fichas/publicas?limit=12&offset=0
[2025-09-06 10:53:55] INFO: → GET /api/fichas/publicas?limit=12&offset=0
[2025-09-06 10:53:55] INFO: 🚨 Solicitud en la ruta de fichas: GET /api/fichas/publicas?limit=12&offset=0
[2025-09-06 10:53:55] INFO: → GET /api/fichas/publicas?limit=12&offset=0
[2025-09-06 10:53:55] INFO: → GET /api/fichas/publicas?limit=12&offset=0
[2025-09-06 10:53:55] INFO: 🚨 Solicitud en la ruta de fichas: GET /api/fichas/publicas?limit=12&offset=0
[2025-09-06 10:54:00] INFO: → GET /api/feed/dashboard
[2025-09-06 10:54:00] INFO: → GET /api/feed/dashboard
[2025-09-06 10:54:00] INFO: → GET /api/feed/dashboard
[2025-09-06 10:54:00] INFO: → GET /api/feed/dashboard
[2025-09-06 10:58:44] INFO: 🚀 Servidor corriendo en http://localhost:3001
[2025-09-06 10:58:52] INFO: 🚀 Servidor corriendo en http://localhost:3001
[2025-09-06 10:58:55] INFO: 🚀 Servidor corriendo en http://localhost:3001
[2025-09-06 10:59:09] INFO: 🚀 Servidor corriendo en http://localhost:3001
[2025-09-06 11:00:54] INFO: → GET /api/feed/dashboard
[2025-09-06 11:00:54] INFO: → GET /api/feed/dashboard
[2025-09-06 11:00:54] INFO: → GET /api/feed/dashboard
[2025-09-06 11:00:54] INFO: → GET /api/feed/dashboard
[2025-09-06 11:00:56] INFO: → GET /api/fichas/publicas?limit=12&offset=0
[2025-09-06 11:00:56] INFO: → GET /api/fichas/publicas?limit=12&offset=0
[2025-09-06 11:00:56] INFO: 🚨 Solicitud en la ruta de fichas: GET /api/fichas/publicas?limit=12&offset=0
[2025-09-06 11:00:56] INFO: → GET /api/fichas/publicas?limit=12&offset=0
[2025-09-06 11:00:56] INFO: → GET /api/fichas/publicas?limit=12&offset=0
[2025-09-06 11:00:56] INFO: 🚨 Solicitud en la ruta de fichas: GET /api/fichas/publicas?limit=12&offset=0
[2025-09-06 11:00:57] INFO: → GET /api/feed/dashboard
[2025-09-06 11:00:57] INFO: → GET /api/feed/dashboard
[2025-09-06 11:00:57] INFO: → GET /api/feed/dashboard
[2025-09-06 11:00:57] INFO: → GET /api/feed/dashboard
[2025-09-06 11:00:58] INFO: → GET /api/hallazgos/?limit=10&offset=0
[2025-09-06 11:00:58] INFO: → GET /api/hallazgos/?limit=10&offset=0
[2025-09-06 11:00:58] INFO: 🚨 Solicitud en la ruta de hallazgos: GET /api/hallazgos/?limit=10&offset=0
[2025-09-06 11:00:58] INFO: 📦 Usuario encontrado y parseado:
[2025-09-06 11:00:58] INFO: → GET /api/hallazgos/?limit=10&offset=0
[2025-09-06 11:00:58] INFO: → GET /api/hallazgos/?limit=10&offset=0
[2025-09-06 11:00:58] INFO: 🚨 Solicitud en la ruta de hallazgos: GET /api/hallazgos/?limit=10&offset=0
[2025-09-06 11:00:58] INFO: 📦 Usuario encontrado y parseado:
[2025-09-06 11:01:00] INFO: → GET /api/feed/dashboard
[2025-09-06 11:01:00] INFO: → GET /api/feed/dashboard
[2025-09-06 11:01:00] INFO: → GET /api/feed/dashboard
[2025-09-06 11:01:00] INFO: → GET /api/feed/dashboard
[2025-09-06 11:03:16] INFO: → GET /api/feed/dashboard
[2025-09-06 11:03:16] INFO: → GET /api/feed/dashboard
[2025-09-06 11:03:16] INFO: → GET /api/feed/dashboard
[2025-09-06 11:03:16] INFO: → GET /api/feed/dashboard
[2025-09-06 11:03:32] INFO: → GET /api/feed/dashboard
[2025-09-06 11:03:32] INFO: → GET /api/feed/dashboard
[2025-09-06 11:03:32] INFO: → GET /api/feed/dashboard
[2025-09-06 11:03:32] INFO: → GET /api/feed/dashboard
[2025-09-06 11:03:46] INFO: → GET /api/feed/dashboard
[2025-09-06 11:03:46] INFO: → GET /api/feed/dashboard
[2025-09-06 11:03:46] INFO: → GET /api/feed/dashboard
[2025-09-06 11:03:46] INFO: → GET /api/feed/dashboard
[2025-09-06 11:04:05] INFO: → GET /api/feed/dashboard
[2025-09-06 11:04:05] INFO: → GET /api/feed/dashboard
[2025-09-06 11:04:05] INFO: → GET /api/feed/dashboard
[2025-09-06 11:04:05] INFO: → GET /api/feed/dashboard
[2025-09-06 11:04:50] INFO: → GET /api/feed/dashboard
[2025-09-06 11:04:50] INFO: → GET /api/feed/dashboard
[2025-09-06 11:04:50] INFO: → GET /api/feed/dashboard
[2025-09-06 11:04:50] INFO: → GET /api/feed/dashboard
[2025-09-06 11:06:31] INFO: → GET /api/feed/dashboard
[2025-09-06 11:06:31] INFO: → GET /api/feed/dashboard
[2025-09-06 11:06:31] INFO: → GET /api/feed/dashboard
[2025-09-06 11:06:31] INFO: → GET /api/feed/dashboard
[2025-09-06 11:07:20] INFO: → GET /api/feed/dashboard
[2025-09-06 11:07:20] INFO: → GET /api/feed/dashboard
[2025-09-06 11:07:20] INFO: → GET /api/feed/dashboard
[2025-09-06 11:07:20] INFO: → GET /api/feed/dashboard
[2025-09-06 11:10:07] INFO: → GET /api/feed/dashboard
[2025-09-06 11:10:07] INFO: → GET /api/feed/dashboard
[2025-09-06 11:10:07] INFO: → GET /api/feed/dashboard
[2025-09-06 11:10:07] INFO: → GET /api/feed/dashboard
[2025-09-06 11:14:22] INFO: → GET /api/feed/dashboard
[2025-09-06 11:14:22] INFO: → GET /api/feed/dashboard
[2025-09-06 11:14:22] INFO: → GET /api/fichas/publicas?limit=5&offset=0
[2025-09-06 11:14:22] INFO: → GET /api/fichas/publicas?limit=5&offset=0
[2025-09-06 11:14:22] INFO: 🚨 Solicitud en la ruta de fichas: GET /api/fichas/publicas?limit=5&offset=0
[2025-09-06 11:14:22] INFO: → GET /api/feed/dashboard
[2025-09-06 11:14:22] INFO: → GET /api/feed/dashboard
[2025-09-06 11:15:03] INFO: → GET /api/feed/dashboard
[2025-09-06 11:15:03] INFO: → GET /api/feed/dashboard
[2025-09-06 11:15:03] INFO: → GET /api/fichas/publicas?limit=5&offset=0
[2025-09-06 11:15:03] INFO: → GET /api/fichas/publicas?limit=5&offset=0
[2025-09-06 11:15:03] INFO: 🚨 Solicitud en la ruta de fichas: GET /api/fichas/publicas?limit=5&offset=0
[2025-09-06 11:15:03] INFO: → GET /api/feed/dashboard
[2025-09-06 11:15:03] INFO: → GET /api/feed/dashboard
[2025-09-06 11:15:03] INFO: → GET /api/fichas/publicas?limit=5&offset=0
[2025-09-06 11:15:03] INFO: → GET /api/fichas/publicas?limit=5&offset=0
[2025-09-06 11:15:03] INFO: 🚨 Solicitud en la ruta de fichas: GET /api/fichas/publicas?limit=5&offset=0
[2025-09-06 11:15:03] INFO: → GET /api/feed/dashboard
[2025-09-06 11:15:03] INFO: → GET /api/feed/dashboard
[2025-09-06 11:15:03] INFO: → GET /api/feed/dashboard
[2025-09-06 11:15:03] INFO: → GET /api/feed/dashboard
[2025-09-06 11:16:53] INFO: → GET /api/feed/dashboard
[2025-09-06 11:16:53] INFO: → GET /api/feed/dashboard
[2025-09-06 11:16:53] INFO: → GET /api/fichas/publicas?limit=5&offset=0
[2025-09-06 11:16:53] INFO: → GET /api/fichas/publicas?limit=5&offset=0
[2025-09-06 11:16:53] INFO: 🚨 Solicitud en la ruta de fichas: GET /api/fichas/publicas?limit=5&offset=0
[2025-09-06 11:16:53] INFO: → GET /api/fichas/publicas?limit=5&offset=0
[2025-09-06 11:16:53] INFO: → GET /api/fichas/publicas?limit=5&offset=0
[2025-09-06 11:16:53] INFO: 🚨 Solicitud en la ruta de fichas: GET /api/fichas/publicas?limit=5&offset=0
[2025-09-06 11:16:53] INFO: → GET /api/feed/dashboard
[2025-09-06 11:16:53] INFO: → GET /api/feed/dashboard
[2025-09-06 11:16:53] INFO: → GET /api/feed/dashboard
[2025-09-06 11:16:53] INFO: → GET /api/feed/dashboard
[2025-09-06 11:16:53] INFO: → GET /api/feed/dashboard
[2025-09-06 11:16:53] INFO: → GET /api/feed/dashboard
[2025-09-06 11:17:55] INFO: → GET /api/feed/dashboard
[2025-09-06 11:17:55] INFO: → GET /api/feed/dashboard
[2025-09-06 11:17:55] INFO: → GET /api/fichas/publicas?limit=5&offset=0
[2025-09-06 11:17:55] INFO: → GET /api/fichas/publicas?limit=5&offset=0
[2025-09-06 11:17:55] INFO: 🚨 Solicitud en la ruta de fichas: GET /api/fichas/publicas?limit=5&offset=0
[2025-09-06 11:17:55] INFO: → GET /api/fichas/publicas?limit=5&offset=0
[2025-09-06 11:17:55] INFO: → GET /api/fichas/publicas?limit=5&offset=0
[2025-09-06 11:17:55] INFO: 🚨 Solicitud en la ruta de fichas: GET /api/fichas/publicas?limit=5&offset=0
[2025-09-06 11:17:55] INFO: → GET /api/feed/dashboard
[2025-09-06 11:17:55] INFO: → GET /api/feed/dashboard
[2025-09-06 11:17:55] INFO: → GET /api/feed/dashboard
[2025-09-06 11:17:55] INFO: → GET /api/feed/dashboard
[2025-09-06 11:17:55] INFO: → GET /api/feed/dashboard
[2025-09-06 11:17:55] INFO: → GET /api/feed/dashboard
[2025-09-06 11:17:58] INFO: → GET /api/feed/dashboard
[2025-09-06 11:17:58] INFO: → GET /api/feed/dashboard
[2025-09-06 11:17:58] INFO: → GET /api/fichas/publicas?limit=5&offset=0
[2025-09-06 11:17:58] INFO: → GET /api/fichas/publicas?limit=5&offset=0
[2025-09-06 11:17:58] INFO: 🚨 Solicitud en la ruta de fichas: GET /api/fichas/publicas?limit=5&offset=0
[2025-09-06 11:17:59] INFO: → GET /api/fichas/publicas?limit=5&offset=0
[2025-09-06 11:17:59] INFO: → GET /api/fichas/publicas?limit=5&offset=0
[2025-09-06 11:17:59] INFO: 🚨 Solicitud en la ruta de fichas: GET /api/fichas/publicas?limit=5&offset=0
[2025-09-06 11:17:59] INFO: → GET /api/feed/dashboard
[2025-09-06 11:17:59] INFO: → GET /api/feed/dashboard
[2025-09-06 11:17:59] INFO: → GET /api/feed/dashboard
[2025-09-06 11:17:59] INFO: → GET /api/feed/dashboard
[2025-09-06 11:17:59] INFO: → GET /api/feed/dashboard
[2025-09-06 11:17:59] INFO: → GET /api/feed/dashboard
[2025-09-06 11:23:31] INFO: → GET /api/feed/dashboard
[2025-09-06 11:23:31] INFO: → GET /api/feed/dashboard
[2025-09-06 11:23:31] INFO: → GET /api/fichas/publicas?limit=5&offset=0
[2025-09-06 11:23:31] INFO: → GET /api/fichas/publicas?limit=5&offset=0
[2025-09-06 11:23:31] INFO: 🚨 Solicitud en la ruta de fichas: GET /api/fichas/publicas?limit=5&offset=0
[2025-09-06 11:23:31] INFO: → GET /api/feed/dashboard
[2025-09-06 11:23:31] INFO: → GET /api/feed/dashboard
[2025-09-06 11:23:31] INFO: → GET /api/fichas/publicas?limit=5&offset=0
[2025-09-06 11:23:31] INFO: → GET /api/fichas/publicas?limit=5&offset=0
[2025-09-06 11:23:31] INFO: 🚨 Solicitud en la ruta de fichas: GET /api/fichas/publicas?limit=5&offset=0
[2025-09-06 11:23:31] INFO: → GET /api/feed/dashboard
[2025-09-06 11:23:31] INFO: → GET /api/feed/dashboard
[2025-09-06 11:23:31] INFO: → GET /api/feed/dashboard
[2025-09-06 11:23:31] INFO: → GET /api/feed/dashboard
[2025-09-06 11:24:06] INFO: → GET /api/feed/dashboard
[2025-09-06 11:24:06] INFO: → GET /api/feed/dashboard
[2025-09-06 11:24:06] INFO: → GET /api/fichas/publicas?limit=5&offset=0
[2025-09-06 11:24:06] INFO: → GET /api/fichas/publicas?limit=5&offset=0
[2025-09-06 11:24:06] INFO: 🚨 Solicitud en la ruta de fichas: GET /api/fichas/publicas?limit=5&offset=0
[2025-09-06 11:24:06] INFO: → GET /api/fichas/publicas?limit=5&offset=0
[2025-09-06 11:24:06] INFO: → GET /api/fichas/publicas?limit=5&offset=0
[2025-09-06 11:24:06] INFO: 🚨 Solicitud en la ruta de fichas: GET /api/fichas/publicas?limit=5&offset=0
[2025-09-06 11:24:06] INFO: → GET /api/feed/dashboard
[2025-09-06 11:24:06] INFO: → GET /api/feed/dashboard
[2025-09-06 11:24:06] INFO: → GET /api/feed/dashboard
[2025-09-06 11:24:06] INFO: → GET /api/feed/dashboard
[2025-09-06 11:24:06] INFO: → GET /api/feed/dashboard
[2025-09-06 11:24:06] INFO: → GET /api/feed/dashboard
[2025-09-06 11:24:33] INFO: → GET /api/feed/dashboard
[2025-09-06 11:24:33] INFO: → GET /api/feed/dashboard
[2025-09-06 11:24:33] INFO: → GET /api/fichas/publicas?limit=5&offset=0
[2025-09-06 11:24:33] INFO: → GET /api/fichas/publicas?limit=5&offset=0
[2025-09-06 11:24:33] INFO: 🚨 Solicitud en la ruta de fichas: GET /api/fichas/publicas?limit=5&offset=0
[2025-09-06 11:24:33] INFO: → GET /api/fichas/publicas?limit=5&offset=0
[2025-09-06 11:24:33] INFO: → GET /api/fichas/publicas?limit=5&offset=0
[2025-09-06 11:24:33] INFO: 🚨 Solicitud en la ruta de fichas: GET /api/fichas/publicas?limit=5&offset=0
[2025-09-06 11:24:33] INFO: → GET /api/feed/dashboard
[2025-09-06 11:24:33] INFO: → GET /api/feed/dashboard
[2025-09-06 11:24:33] INFO: → GET /api/feed/dashboard
[2025-09-06 11:24:33] INFO: → GET /api/feed/dashboard
[2025-09-06 11:24:33] INFO: → GET /api/feed/dashboard
[2025-09-06 11:24:33] INFO: → GET /api/feed/dashboard
[2025-09-06 11:24:36] INFO: → GET /api/feed/dashboard
[2025-09-06 11:24:36] INFO: → GET /api/feed/dashboard
[2025-09-06 11:24:36] INFO: → GET /api/fichas/publicas?limit=5&offset=0
[2025-09-06 11:24:36] INFO: → GET /api/fichas/publicas?limit=5&offset=0
[2025-09-06 11:24:36] INFO: 🚨 Solicitud en la ruta de fichas: GET /api/fichas/publicas?limit=5&offset=0
[2025-09-06 11:24:36] INFO: → GET /api/fichas/publicas?limit=5&offset=0
[2025-09-06 11:24:36] INFO: → GET /api/fichas/publicas?limit=5&offset=0
[2025-09-06 11:24:36] INFO: 🚨 Solicitud en la ruta de fichas: GET /api/fichas/publicas?limit=5&offset=0
[2025-09-06 11:24:36] INFO: → GET /api/feed/dashboard
[2025-09-06 11:24:36] INFO: → GET /api/feed/dashboard
[2025-09-06 11:24:36] INFO: → GET /api/feed/dashboard
[2025-09-06 11:24:36] INFO: → GET /api/feed/dashboard
[2025-09-06 11:24:36] INFO: → GET /api/feed/dashboard
[2025-09-06 11:24:36] INFO: → GET /api/feed/dashboard
[2025-09-06 11:25:11] INFO: → GET /api/feed/dashboard
[2025-09-06 11:25:11] INFO: → GET /api/feed/dashboard
[2025-09-06 11:25:11] INFO: → GET /api/fichas/publicas?limit=5&offset=0
[2025-09-06 11:25:11] INFO: → GET /api/fichas/publicas?limit=5&offset=0
[2025-09-06 11:25:11] INFO: 🚨 Solicitud en la ruta de fichas: GET /api/fichas/publicas?limit=5&offset=0
[2025-09-06 11:25:11] INFO: → GET /api/fichas/publicas?limit=5&offset=0
[2025-09-06 11:25:11] INFO: → GET /api/fichas/publicas?limit=5&offset=0
[2025-09-06 11:25:11] INFO: 🚨 Solicitud en la ruta de fichas: GET /api/fichas/publicas?limit=5&offset=0
[2025-09-06 11:25:11] INFO: → GET /api/feed/dashboard
[2025-09-06 11:25:11] INFO: → GET /api/feed/dashboard
[2025-09-06 11:25:11] INFO: → GET /api/feed/dashboard
[2025-09-06 11:25:11] INFO: → GET /api/feed/dashboard
[2025-09-06 11:25:11] INFO: → GET /api/feed/dashboard
[2025-09-06 11:25:11] INFO: → GET /api/feed/dashboard
[2025-09-06 11:25:13] INFO: → GET /api/feed/dashboard
[2025-09-06 11:25:13] INFO: → GET /api/feed/dashboard
[2025-09-06 11:25:13] INFO: → GET /api/fichas/publicas?limit=5&offset=0
[2025-09-06 11:25:13] INFO: → GET /api/fichas/publicas?limit=5&offset=0
[2025-09-06 11:25:13] INFO: 🚨 Solicitud en la ruta de fichas: GET /api/fichas/publicas?limit=5&offset=0
[2025-09-06 11:25:13] INFO: → GET /api/fichas/publicas?limit=5&offset=0
[2025-09-06 11:25:13] INFO: → GET /api/fichas/publicas?limit=5&offset=0
[2025-09-06 11:25:14] INFO: 🚨 Solicitud en la ruta de fichas: GET /api/fichas/publicas?limit=5&offset=0
[2025-09-06 11:25:14] INFO: → GET /api/feed/dashboard
[2025-09-06 11:25:14] INFO: → GET /api/feed/dashboard
[2025-09-06 11:25:14] INFO: → GET /api/feed/dashboard
[2025-09-06 11:25:14] INFO: → GET /api/feed/dashboard
[2025-09-06 11:25:14] INFO: → GET /api/feed/dashboard
[2025-09-06 11:25:14] INFO: → GET /api/feed/dashboard
[2025-09-06 11:25:33] INFO: → GET /api/feed/dashboard
[2025-09-06 11:25:33] INFO: → GET /api/feed/dashboard
[2025-09-06 11:25:33] INFO: → GET /api/fichas/publicas?limit=5&offset=0
[2025-09-06 11:25:33] INFO: → GET /api/fichas/publicas?limit=5&offset=0
[2025-09-06 11:25:33] INFO: 🚨 Solicitud en la ruta de fichas: GET /api/fichas/publicas?limit=5&offset=0
[2025-09-06 11:25:33] INFO: → GET /api/fichas/publicas?limit=5&offset=0
[2025-09-06 11:25:33] INFO: → GET /api/fichas/publicas?limit=5&offset=0
[2025-09-06 11:25:33] INFO: 🚨 Solicitud en la ruta de fichas: GET /api/fichas/publicas?limit=5&offset=0
[2025-09-06 11:25:33] INFO: → GET /api/feed/dashboard
[2025-09-06 11:25:33] INFO: → GET /api/feed/dashboard
[2025-09-06 11:25:33] INFO: → GET /api/feed/dashboard
[2025-09-06 11:25:33] INFO: → GET /api/feed/dashboard
[2025-09-06 11:25:33] INFO: → GET /api/feed/dashboard
[2025-09-06 11:25:33] INFO: → GET /api/feed/dashboard
[2025-09-06 11:25:45] INFO: → GET /api/fichas/publicas?limit=12&offset=0
[2025-09-06 11:25:45] INFO: → GET /api/fichas/publicas?limit=12&offset=0
[2025-09-06 11:25:45] INFO: 🚨 Solicitud en la ruta de fichas: GET /api/fichas/publicas?limit=12&offset=0
[2025-09-06 11:25:45] INFO: → GET /api/fichas/publicas?limit=12&offset=0
[2025-09-06 11:25:45] INFO: → GET /api/fichas/publicas?limit=12&offset=0
[2025-09-06 11:25:45] INFO: 🚨 Solicitud en la ruta de fichas: GET /api/fichas/publicas?limit=12&offset=0
[2025-09-06 11:26:05] INFO: → GET /api/feed/dashboard
[2025-09-06 11:26:05] INFO: → GET /api/feed/dashboard
[2025-09-06 11:26:05] INFO: → GET /api/fichas/publicas?limit=5&offset=0
[2025-09-06 11:26:05] INFO: → GET /api/fichas/publicas?limit=5&offset=0
[2025-09-06 11:26:05] INFO: 🚨 Solicitud en la ruta de fichas: GET /api/fichas/publicas?limit=5&offset=0
[2025-09-06 11:26:05] INFO: → GET /api/fichas/publicas?limit=5&offset=0
[2025-09-06 11:26:05] INFO: → GET /api/fichas/publicas?limit=5&offset=0
[2025-09-06 11:26:05] INFO: 🚨 Solicitud en la ruta de fichas: GET /api/fichas/publicas?limit=5&offset=0
[2025-09-06 11:26:05] INFO: → GET /api/feed/dashboard
[2025-09-06 11:26:05] INFO: → GET /api/feed/dashboard
[2025-09-06 11:26:05] INFO: → GET /api/feed/dashboard
[2025-09-06 11:26:05] INFO: → GET /api/feed/dashboard
[2025-09-06 11:26:05] INFO: → GET /api/feed/dashboard
[2025-09-06 11:26:05] INFO: → GET /api/feed/dashboard
[2025-09-06 11:26:32] INFO: → GET /api/fichas/publicas?limit=12&offset=0
[2025-09-06 11:26:32] INFO: → GET /api/fichas/publicas?limit=12&offset=0
[2025-09-06 11:26:32] INFO: 🚨 Solicitud en la ruta de fichas: GET /api/fichas/publicas?limit=12&offset=0
[2025-09-06 11:26:32] INFO: → GET /api/fichas/publicas?limit=12&offset=0
[2025-09-06 11:26:32] INFO: → GET /api/fichas/publicas?limit=12&offset=0
[2025-09-06 11:26:32] INFO: 🚨 Solicitud en la ruta de fichas: GET /api/fichas/publicas?limit=12&offset=0
[2025-09-06 11:29:57] INFO: → GET /api/feed/dashboard
[2025-09-06 11:29:57] INFO: → GET /api/feed/dashboard
[2025-09-06 11:29:57] INFO: → GET /api/fichas/publicas?limit=5&offset=0
[2025-09-06 11:29:57] INFO: → GET /api/fichas/publicas?limit=5&offset=0
[2025-09-06 11:29:57] INFO: 🚨 Solicitud en la ruta de fichas: GET /api/fichas/publicas?limit=5&offset=0
[2025-09-06 11:29:57] INFO: → GET /api/fichas/publicas?limit=5&offset=0
[2025-09-06 11:29:57] INFO: → GET /api/fichas/publicas?limit=5&offset=0
[2025-09-06 11:29:57] INFO: 🚨 Solicitud en la ruta de fichas: GET /api/fichas/publicas?limit=5&offset=0
[2025-09-06 11:29:57] INFO: → GET /api/feed/dashboard
[2025-09-06 11:29:57] INFO: → GET /api/feed/dashboard
[2025-09-06 11:29:57] INFO: → GET /api/feed/dashboard
[2025-09-06 11:29:57] INFO: → GET /api/feed/dashboard
[2025-09-06 11:29:57] INFO: → GET /api/feed/dashboard
[2025-09-06 11:29:57] INFO: → GET /api/feed/dashboard
[2025-09-06 11:31:37] INFO: → GET /api/fichas/publicas?limit=12&offset=0
[2025-09-06 11:31:37] INFO: → GET /api/fichas/publicas?limit=12&offset=0
[2025-09-06 11:31:37] INFO: 🚨 Solicitud en la ruta de fichas: GET /api/fichas/publicas?limit=12&offset=0
[2025-09-06 11:31:37] INFO: → GET /api/fichas/publicas?limit=12&offset=0
[2025-09-06 11:31:37] INFO: → GET /api/fichas/publicas?limit=12&offset=0
[2025-09-06 11:31:37] INFO: 🚨 Solicitud en la ruta de fichas: GET /api/fichas/publicas?limit=12&offset=0
[2025-09-06 11:31:38] INFO: → GET /api/fichas/1
[2025-09-06 11:31:38] INFO: → GET /api/fichas/1
[2025-09-06 11:31:38] INFO: 🚨 Solicitud en la ruta de fichas: GET /api/fichas/1
[2025-09-06 11:31:38] INFO: 📦 Usuario encontrado y parseado:
[2025-09-06 11:31:38] INFO: → GET /api/fichas/1
[2025-09-06 11:31:38] INFO: → GET /api/fichas/1
[2025-09-06 11:31:38] INFO: 🚨 Solicitud en la ruta de fichas: GET /api/fichas/1
[2025-09-06 11:31:38] INFO: 📦 Usuario encontrado y parseado:
[2025-09-06 11:31:51] INFO: → POST /api/messaging/conversations
[2025-09-06 11:31:51] INFO: → POST /api/messaging/conversations
[2025-09-06 11:31:51] INFO: 📦 Usuario encontrado y parseado:
[2025-09-06 11:31:51] INFO: → GET /api/feed/dashboard
[2025-09-06 11:31:51] INFO: → GET /api/feed/dashboard
[2025-09-06 11:31:51] INFO: → GET /api/fichas/publicas?limit=5&offset=0
[2025-09-06 11:31:51] INFO: → GET /api/fichas/publicas?limit=5&offset=0
[2025-09-06 11:31:51] INFO: 🚨 Solicitud en la ruta de fichas: GET /api/fichas/publicas?limit=5&offset=0
[2025-09-06 11:31:51] INFO: → GET /api/fichas/publicas?limit=5&offset=0
[2025-09-06 11:31:51] INFO: → GET /api/fichas/publicas?limit=5&offset=0
[2025-09-06 11:31:51] INFO: 🚨 Solicitud en la ruta de fichas: GET /api/fichas/publicas?limit=5&offset=0
[2025-09-06 11:31:51] INFO: → GET /api/feed/dashboard
[2025-09-06 11:31:51] INFO: → GET /api/feed/dashboard
[2025-09-06 11:31:51] INFO: → GET /api/feed/dashboard
[2025-09-06 11:31:51] INFO: → GET /api/feed/dashboard
[2025-09-06 11:31:51] INFO: → GET /api/feed/dashboard
[2025-09-06 11:31:51] INFO: → GET /api/feed/dashboard
[2025-09-06 11:31:52] INFO: → GET /api/messaging/conversations
[2025-09-06 11:31:52] INFO: → GET /api/messaging/conversations
[2025-09-06 11:31:52] INFO: 📦 Usuario encontrado y parseado:
[2025-09-06 11:31:52] INFO: → GET /api/messaging/conversations
[2025-09-06 11:31:52] INFO: → GET /api/messaging/conversations
[2025-09-06 11:31:52] INFO: 📦 Usuario encontrado y parseado:
[2025-09-06 11:31:54] INFO: → GET /api/feed/dashboard
[2025-09-06 11:31:54] INFO: → GET /api/feed/dashboard
[2025-09-06 11:31:54] INFO: → GET /api/fichas/publicas?limit=5&offset=0
[2025-09-06 11:31:54] INFO: → GET /api/fichas/publicas?limit=5&offset=0
[2025-09-06 11:31:54] INFO: 🚨 Solicitud en la ruta de fichas: GET /api/fichas/publicas?limit=5&offset=0
[2025-09-06 11:31:54] INFO: → GET /api/feed/dashboard
[2025-09-06 11:31:54] INFO: → GET /api/feed/dashboard
[2025-09-06 11:31:54] INFO: → GET /api/fichas/publicas?limit=5&offset=0
[2025-09-06 11:31:54] INFO: → GET /api/fichas/publicas?limit=5&offset=0
[2025-09-06 11:31:54] INFO: 🚨 Solicitud en la ruta de fichas: GET /api/fichas/publicas?limit=5&offset=0
[2025-09-06 11:31:54] INFO: → GET /api/feed/dashboard
[2025-09-06 11:31:54] INFO: → GET /api/feed/dashboard
[2025-09-06 11:31:54] INFO: → GET /api/feed/dashboard
[2025-09-06 11:31:54] INFO: → GET /api/feed/dashboard
