[2025-09-10 11:00:58] INFO: 🚀 Servidor corriendo en http://localhost:3001
[2025-09-10 12:12:43] INFO: 🚀 Servidor corriendo en http://localhost:3001
[2025-09-10 12:13:09] INFO: 🚀 Servidor corriendo en http://localhost:3001
[2025-09-10 12:14:34] INFO: 🚀 Servidor corriendo en http://localhost:3001
[2025-09-10 12:14:51] INFO: 🚀 Servidor corriendo en http://localhost:3001
[2025-09-10 12:16:50] INFO: → GET /api/admin/estadisticas
[2025-09-10 12:16:50] INFO: → GET /api/admin/estadisticas
[2025-09-10 12:16:50] INFO: → GET /api/admin/estadisticas
[2025-09-10 12:16:50] INFO: → GET /api/admin/estadisticas
[2025-09-10 12:16:52] INFO: → GET /api/admin/usuarios
[2025-09-10 12:16:52] INFO: → GET /api/admin/usuarios
[2025-09-10 12:16:52] INFO: → GET /api/admin/usuarios
[2025-09-10 12:16:52] INFO: → GET /api/admin/usuarios
[2025-09-10 12:16:58] INFO: → GET /api/admin/estadisticas
[2025-09-10 12:16:58] INFO: → GET /api/admin/estadisticas
[2025-09-10 12:16:58] INFO: → GET /api/admin/estadisticas
[2025-09-10 12:16:58] INFO: → GET /api/admin/estadisticas
[2025-09-10 12:17:01] INFO: → POST /api/admin/login
[2025-09-10 12:17:01] INFO: → POST /api/admin/login
[2025-09-10 12:17:01] INFO: → GET /api/admin/estadisticas
[2025-09-10 12:17:01] INFO: → GET /api/admin/estadisticas
[2025-09-10 12:17:01] INFO: → GET /api/admin/estadisticas
[2025-09-10 12:17:01] INFO: → GET /api/admin/estadisticas
[2025-09-10 12:17:03] INFO: → GET /api/admin/usuarios
[2025-09-10 12:17:03] INFO: → GET /api/admin/usuarios
[2025-09-10 12:17:03] INFO: → GET /api/admin/usuarios
[2025-09-10 12:17:03] INFO: → GET /api/admin/usuarios
[2025-09-10 12:17:06] INFO: → GET /api/admin/fichas?searchTerm=
[2025-09-10 12:17:06] INFO: → GET /api/admin/fichas?searchTerm=
[2025-09-10 12:17:06] INFO: → GET /api/admin/fichas?searchTerm=
[2025-09-10 12:17:06] INFO: → GET /api/admin/fichas?searchTerm=
[2025-09-10 12:17:08] INFO: → GET /api/admin/hallazgos?searchTerm=
[2025-09-10 12:17:08] INFO: → GET /api/admin/hallazgos?searchTerm=
[2025-09-10 12:17:08] INFO: → GET /api/admin/hallazgos?searchTerm=
[2025-09-10 12:17:08] INFO: → GET /api/admin/hallazgos?searchTerm=
[2025-09-10 12:17:10] INFO: → GET /api/admin/pagos-pendientes
[2025-09-10 12:17:10] INFO: → GET /api/admin/pagos-pendientes
[2025-09-10 12:17:10] INFO: → GET /api/admin/pagos-recientes
[2025-09-10 12:17:10] INFO: → GET /api/admin/pagos-recientes
[2025-09-10 12:17:10] INFO: → GET /api/admin/pagos-pendientes
[2025-09-10 12:17:10] INFO: → GET /api/admin/pagos-pendientes
[2025-09-10 12:17:10] INFO: → GET /api/admin/pagos-recientes
[2025-09-10 12:17:10] INFO: → GET /api/admin/pagos-recientes
[2025-09-10 12:17:14] INFO: → GET /api/admin/matches?page=1&limit=10&status=all
[2025-09-10 12:17:14] INFO: → GET /api/admin/matches?page=1&limit=10&status=all
[2025-09-10 12:17:14] INFO: → GET /api/admin/matches?page=1&limit=10&status=all
[2025-09-10 12:17:14] INFO: → GET /api/admin/matches?page=1&limit=10&status=all
[2025-09-10 12:17:18] INFO: → GET /api/admin/estadisticas
[2025-09-10 12:17:18] INFO: → GET /api/admin/estadisticas
[2025-09-10 12:17:18] INFO: → GET /api/admin/estadisticas
[2025-09-10 12:17:18] INFO: → GET /api/admin/estadisticas
