[2025-07-04 10:43:19] ERROR: ❌ Error en registro: Missing credentials for "PLAIN"
[2025-07-10 20:19:29] ERROR: ❌ Error en registro: Missing credentials for "PLAIN"
[2025-07-13 21:19:30] ERROR: GET /api/usuarios/debug/usuarios - openDb is not defined
[2025-07-14 15:33:09] ERROR: ❌ Error en registro: planes is not defined
[2025-07-20 19:33:24] ERROR: POST /api/gastos - Cannot destructure property 'descripcion' of 'req.body' as it is undefined.
[2025-07-20 19:43:15] ERROR: POST /api/gastos - Cannot destructure property 'descripcion' of 'req.body' as it is undefined.
[2025-07-20 19:44:29] ERROR: POST /api/gastos - Cannot destructure property 'descripcion' of 'req.body' as it is undefined.
[2025-07-20 19:54:59] ERROR: POST /api/gastos - Cannot destructure property 'descripcion' of 'req.body' as it is undefined.
[2025-07-22 11:35:33] ERROR: ❌ Error al iniciar la app: SQLITE_ERROR: near ")": syntax error
[2025-07-23 18:53:02] ERROR: ❌ Error al iniciar la app: SQLITE_MISUSE: Database handle is closed
[2025-07-23 18:53:06] ERROR: ❌ Error al iniciar la app: SQLITE_MISUSE: Database handle is closed
[2025-07-23 18:53:09] ERROR: ❌ Error al iniciar la app: SQLITE_MISUSE: Database is closed
[2025-07-23 19:10:41] ERROR: ❌ Error al iniciar la app: SQLITE_MISUSE: Database is closed
[2025-07-25 20:45:12] ERROR: POST /api/cancelaciones - cancelarPlan is not defined
[2025-07-25 20:46:59] ERROR: POST /api/cancelaciones - cancelarPlan is not defined
[2025-07-25 21:25:03] ERROR: POST /api/cancelaciones - cancelarPlan is not defined
[2025-07-28 18:46:41] ERROR: ❌ Error al iniciar la app: SQLITE_ERROR: near "DROP": syntax error
[2025-08-01 07:45:45] ERROR: ❌ Error al iniciar la app: SQLITE_ERROR: near " ": syntax error
[2025-08-03 12:48:41] ERROR: [fiscalesController] Error al actualizar datos fiscales: enviarNotificacion is not defined enviarNotificacion is not defined
[2025-08-03 12:48:47] ERROR: [fiscalesController] Error al actualizar datos fiscales: enviarNotificacion is not defined enviarNotificacion is not defined
[2025-08-04 13:19:07] ERROR: ❌ Error al iniciar la app: Cannot find package 'bcryptjs' imported from /home/alex1986/test_gastos_bot/gastos_bot/backend/db/users/initDb.js
[2025-08-04 13:23:50] ERROR: ❌ Error al iniciar la app: Cannot find package 'bcryptjs' imported from /home/alex1986/test_gastos_bot/gastos_bot/backend/db/users/initDb.js
[2025-08-04 13:24:31] ERROR: ❌ Error al iniciar la app: Cannot find package 'bcryptjs' imported from /home/alex1986/test_gastos_bot/gastos_bot/backend/db/users/initDb.js
[2025-08-04 13:26:31] ERROR: ❌ Error al iniciar la app: Cannot find package 'bcryptjs' imported from /home/alex1986/test_gastos_bot/gastos_bot/backend/db/users/initDb.js
[2025-08-04 13:29:14] ERROR: ❌ Error al iniciar la app: Cannot find package 'bcryptjs' imported from /home/alex1986/test_gastos_bot/gastos_bot/backend/db/users/initDb.js
[2025-08-07 11:59:40] ERROR: ❌ Error al iniciar la app: SQLITE_ERROR: near " ": syntax error
[2025-08-07 12:00:18] ERROR: ❌ Error al iniciar la app: SQLITE_ERROR: near " ": syntax error
[2025-08-07 12:00:24] ERROR: ❌ Error al iniciar la app: SQLITE_ERROR: near " ": syntax error
[2025-08-07 12:01:01] ERROR: ❌ Error al iniciar la app: SQLITE_ERROR: near " ": syntax error
[2025-08-07 12:01:10] ERROR: ❌ Error al iniciar la app: SQLITE_ERROR: near " ": syntax error
[2025-08-07 12:01:49] ERROR: ❌ Error al iniciar la app: SQLITE_ERROR: near " ": syntax error
[2025-08-08 11:27:52] ERROR: ❌ Error inesperado en el flujo principal para 5215526689188: "[object Object]" is not valid JSON
[2025-08-08 11:28:06] ERROR: ❌ Error inesperado en el flujo principal para 5215526689188: "[object Object]" is not valid JSON
[2025-08-08 11:30:08] ERROR: ❌ Error inesperado en el flujo principal para 5215526689188: "[object Object]" is not valid JSON
[2025-08-08 11:53:26] ERROR: ❌ Error inesperado en el flujo principal para 5215526689188: Cannot read properties of null (reading 'storeName')
[2025-08-08 11:53:26] ERROR: unhandledRejection: ENOENT: no such file or directory, open '/home/alex1986/test_gastos_bot/gastos_bot/backend/src/credentials/ocrTickets.json'
Error: ENOENT: no such file or directory, open '/home/alex1986/test_gastos_bot/gastos_bot/backend/src/credentials/ocrTickets.json'
[2025-08-08 11:57:55] ERROR: ❌ Error inesperado en el flujo principal para 5215526689188: message is not defined
[2025-08-08 18:39:00] ERROR: ❌ Error inesperado en el flujo principal para 5215526689188: message is not defined
[2025-08-08 18:40:51] ERROR: ❌ Error inesperado en el flujo principal para 5215526689188: message is not defined
[2025-08-08 18:41:17] ERROR: ❌ Error inesperado en el flujo principal para 5215526689188: message is not defined
[2025-08-08 18:41:51] ERROR: ❌ Error inesperado en el flujo principal para 5215526689188: message is not defined
[2025-08-08 18:47:33] ERROR: [handleGastoFlow] ❌ Error en el procesamiento de OCR. OCRResult:
[2025-08-08 18:47:33] ERROR: unhandledRejection: ENOENT: no such file or directory, open '/home/alex1986/test_gastos_bot/gastos_bot/backend/src/credentials/ocrTickets.json'
Error: ENOENT: no such file or directory, open '/home/alex1986/test_gastos_bot/gastos_bot/backend/src/credentials/ocrTickets.json'
[2025-08-08 19:03:45] ERROR: ⚠️ Error al subir la imagen a Supabase Storage: Bucket not found
[2025-08-09 12:07:02] ERROR: [handleGastoFlow] ❌ Error al enviar mensaje a 5215526689188: Request failed with status code 401
[2025-08-09 12:08:19] ERROR: 💥 Error en Google Vision API: ENOENT: no such file or directory, open '/home/alex1986/test_gastos_bot/gastos_bot/backend/src/credentials/ocrTickets.json'
[2025-08-09 12:08:19] ERROR: [handleGastoFlow] ❌ Error en el procesamiento de OCR. OCRResult:
[2025-08-09 12:08:19] ERROR: unhandledRejection: ENOENT: no such file or directory, open '/home/alex1986/test_gastos_bot/gastos_bot/backend/src/credentials/ocrTickets.json'
Error: ENOENT: no such file or directory, open '/home/alex1986/test_gastos_bot/gastos_bot/backend/src/credentials/ocrTickets.json'
[2025-08-09 12:08:51] ERROR: ⚠️ Error al subir la imagen a Supabase Storage: Bucket not found
[2025-08-09 12:49:08] ERROR: ⚠️ Error al subir la imagen a Supabase Storage: Bucket not found
[2025-08-09 13:15:37] ERROR: ⚠️ Error al subir la imagen a Supabase Storage: Bucket not found
[2025-08-09 13:20:05] ERROR: ⚠️ Error al subir la imagen a Supabase Storage: Bucket not found
[2025-08-09 13:28:24] ERROR: ⚠️ Error al subir la imagen a Supabase Storage: Bucket not found
[2025-08-09 13:30:39] ERROR: ⚠️ Error al subir la imagen a Supabase Storage: Bucket not found
[2025-08-09 13:32:59] ERROR: ⚠️ Error al subir la imagen a Supabase Storage: Bucket not found
[2025-08-09 13:37:46] ERROR: ⚠️ Error al subir la imagen a Supabase Storage: new row violates row-level security policy
[2025-08-09 13:58:22] ERROR: ❌ Error inesperado en el flujo principal para 5215526689188: SQLITE_CONSTRAINT: NOT NULL constraint failed: gastos.user_id
[2025-08-09 14:04:01] ERROR: [handleGastoFlow] ❌ Error al enviar mensaje a 5215526689188: Request failed with status code 401
[2025-08-15 11:20:37] ERROR: ❌ Error en flujo de registro para 16465894168: Request failed with status code 401
[2025-08-15 11:20:37] ERROR: ❌ Error inesperado en el flujo principal para 16465894168: Request failed with status code 401
[2025-08-15 11:20:37] ERROR: ❌ Error al enviar mensaje a 16465894168: Request failed with status code 401
[2025-08-15 13:11:56] ERROR: ❌ Error al enviar mensaje a 5215526689188: Request failed with status code 401
[2025-08-15 13:11:56] ERROR: ❌ Error inesperado en el flujo principal para 5215526689188: Request failed with status code 401
[2025-08-15 13:11:56] ERROR: ❌ Error al enviar mensaje a 5215526689188: Request failed with status code 401
[2025-08-15 13:16:16] ERROR: [handleTicketFlow] ❌ Error en el procesamiento del ticket: Invalid URL
[2025-08-15 13:26:09] ERROR: [db/gastos] ❌ Fallo en la función createGasto: SQLITE_CONSTRAINT: NOT NULL constraint failed: gastos.descripcion
[2025-08-15 13:26:09] ERROR: [handleConfirmationFlow] ❌ Error al guardar el gasto: SQLITE_CONSTRAINT: NOT NULL constraint failed: gastos.descripcion
[2025-08-15 13:31:31] ERROR: [db/gastos] ❌ Fallo en la función createGasto: SQLITE_CONSTRAINT: NOT NULL constraint failed: gastos.monto
[2025-08-15 13:31:31] ERROR: [handleConfirmationFlow] ❌ Error al guardar el gasto: SQLITE_CONSTRAINT: NOT NULL constraint failed: gastos.monto
[2025-08-15 13:37:30] ERROR: [db/gastos] ❌ Fallo en la función createGasto: SQLITE_CONSTRAINT: NOT NULL constraint failed: gastos.fecha
[2025-08-15 13:37:30] ERROR: [handleConfirmationFlow] ❌ Error al guardar el gasto: SQLITE_CONSTRAINT: NOT NULL constraint failed: gastos.fecha
[2025-08-15 16:48:46] ERROR: ❌ Error al enviar mensaje a 525539727009: Request failed with status code 401
[2025-08-15 16:48:46] ERROR: ❌ Error inesperado en el flujo principal para 525539727009: Request failed with status code 401
[2025-08-15 16:48:46] ERROR: ❌ Error al enviar mensaje a 525539727009: Request failed with status code 401
[2025-08-15 16:52:16] ERROR: ❌ Error al enviar mensaje a 525539727009: Request failed with status code 400
[2025-08-15 16:52:16] ERROR: ❌ Error inesperado en el flujo principal para 525539727009: Request failed with status code 400
[2025-08-15 16:52:16] ERROR: ❌ Error al enviar mensaje a 525539727009: Request failed with status code 400
[2025-08-15 16:55:17] ERROR: ❌ Error al enviar mensaje a 525539727009: Request failed with status code 400
[2025-08-15 16:55:17] ERROR: ❌ Error inesperado en el flujo principal para 525539727009: Request failed with status code 400
[2025-08-15 16:55:17] ERROR: ❌ Error al enviar mensaje a 525539727009: Request failed with status code 400
[2025-08-15 16:57:25] ERROR: ❌ Error al enviar mensaje a 525539727009: Request failed with status code 400
[2025-08-15 16:57:25] ERROR: ❌ Error inesperado en el flujo principal para 525539727009: Request failed with status code 400
[2025-08-15 16:57:25] ERROR: ❌ Error al enviar mensaje a 525539727009: Request failed with status code 400
[2025-08-15 17:08:17] ERROR: ❌ Error al enviar mensaje a 525539727009: Request failed with status code 400
[2025-08-15 17:08:17] ERROR: ❌ Error inesperado en el flujo principal para 525539727009: Request failed with status code 400
[2025-08-15 17:08:17] ERROR: ❌ Error al enviar mensaje a 525539727009: Request failed with status code 400
[2025-08-15 17:09:59] ERROR: ❌ Error al enviar mensaje a 525539727009: Request failed with status code 400
[2025-08-15 17:10:00] ERROR: ❌ Error inesperado en el flujo principal para 525539727009: Request failed with status code 400
[2025-08-15 17:10:00] ERROR: ❌ Error al enviar mensaje a 525539727009: Request failed with status code 400
[2025-08-15 17:11:28] ERROR: [db/gastos] ❌ Fallo en la función createGasto: SQLITE_CONSTRAINT: NOT NULL constraint failed: gastos.descripcion
[2025-08-15 17:11:28] ERROR: [handleManualFlow] ❌ Error al guardar el gasto manual: SQLITE_CONSTRAINT: NOT NULL constraint failed: gastos.descripcion
[2025-08-15 17:11:49] ERROR: ❌ Error al enviar mensaje a 525539727009: Request failed with status code 400
[2025-08-15 17:11:50] ERROR: ❌ Error inesperado en el flujo principal para 525539727009: Request failed with status code 400
[2025-08-15 17:11:50] ERROR: ❌ Error al enviar mensaje a 525539727009: Request failed with status code 400
[2025-08-15 17:13:29] ERROR: ❌ Error al enviar mensaje a 525539727009: Request failed with status code 400
[2025-08-15 17:13:30] ERROR: ❌ Error inesperado en el flujo principal para 525539727009: Request failed with status code 400
[2025-08-15 17:13:30] ERROR: ❌ Error al enviar mensaje a 525539727009: Request failed with status code 400
[2025-08-15 17:17:12] ERROR: ❌ Error al enviar mensaje a 525539727009: Request failed with status code 400
[2025-08-15 17:17:12] ERROR: ❌ Error inesperado en el flujo principal para 525539727009: Request failed with status code 400
[2025-08-15 17:17:13] ERROR: ❌ Error al enviar mensaje a 525539727009: Request failed with status code 400
[2025-08-15 17:19:43] ERROR: ❌ Error al enviar mensaje a 525539727009: Request failed with status code 400
[2025-08-15 17:19:44] ERROR: ❌ Error inesperado en el flujo principal para 525539727009: Request failed with status code 400
[2025-08-15 17:19:44] ERROR: ❌ Error al enviar mensaje a 525539727009: Request failed with status code 400
[2025-08-15 17:26:39] ERROR: ❌ Error al enviar mensaje a 525539727009: Request failed with status code 400
[2025-08-15 17:26:40] ERROR: ❌ Error inesperado en el flujo principal para 525539727009: Request failed with status code 400
[2025-08-15 17:26:40] ERROR: ❌ Error al enviar mensaje a 525539727009: Request failed with status code 400
[2025-08-15 18:55:15] ERROR: ❌ Error al enviar mensaje a 525539727009: Request failed with status code 400
[2025-08-15 18:55:15] ERROR: ❌ Error inesperado en el flujo principal para 525539727009: Request failed with status code 400
[2025-08-15 18:55:16] ERROR: ❌ Error al enviar mensaje a 525539727009: Request failed with status code 400
[2025-08-15 18:55:35] ERROR: ❌ Error al enviar mensaje a 525539727009: Request failed with status code 400
[2025-08-15 18:55:36] ERROR: ❌ Error inesperado en el flujo principal para 525539727009: Request failed with status code 400
[2025-08-15 18:55:36] ERROR: ❌ Error al enviar mensaje a 525539727009: Request failed with status code 400
[2025-08-22 18:26:24] ERROR: ❌ Error al iniciar la app: SQLITE_ERROR: Cannot add a UNIQUE column
[2025-08-22 18:29:28] ERROR: ❌ Error al iniciar la app: SQLITE_ERROR: Cannot add a UNIQUE column
[2025-08-22 18:37:40] ERROR: ❌ Error al iniciar la app: SQLITE_ERROR: Cannot add a UNIQUE column
[2025-08-22 18:38:21] ERROR: ❌ Error al iniciar la app: SQLITE_ERROR: Cannot add a UNIQUE column
[2025-08-22 18:38:37] ERROR: ❌ Error al iniciar la app: SQLITE_ERROR: Cannot add a UNIQUE column
[2025-08-22 18:39:58] ERROR: ❌ Error al iniciar la app: SQLITE_ERROR: Cannot add a UNIQUE column
[2025-08-22 22:19:09] ERROR: ❌ Error al iniciar la app: SQLITE_ERROR: Cannot add a UNIQUE column
[2025-08-22 22:22:15] ERROR: ❌ Error al iniciar la app: Cannot access 'existingColumnNames' before initialization
[2025-08-22 22:22:21] ERROR: ❌ Error al iniciar la app: Cannot access 'existingColumnNames' before initialization
[2025-08-22 22:24:39] ERROR: ❌ Error al iniciar la app: userColNames is not defined
[2025-08-24 16:25:11] ERROR: POST /api/auth/register - Assignment to constant variable.
[2025-08-24 16:25:18] ERROR: POST /api/auth/register - Assignment to constant variable.
[2025-08-25 19:00:44] ERROR: ❌ Error al obtener catálogo de tipos de lugar: Cannot read properties of undefined (reading 'json')
[2025-08-25 19:00:44] ERROR: ❌ Error al obtener catálogo de partes del cuerpo: Cannot read properties of undefined (reading 'json')
[2025-08-25 19:00:44] ERROR: ❌ Error al obtener catálogo de prendas: Cannot read properties of undefined (reading 'json')
[2025-08-25 19:00:44] ERROR: ❌ Error al obtener catálogo de tipos de lugar: Cannot read properties of undefined (reading 'json')
[2025-08-25 19:00:44] ERROR: ❌ Error al obtener catálogo de partes del cuerpo: Cannot read properties of undefined (reading 'json')
[2025-08-25 19:00:44] ERROR: ❌ Error al obtener catálogo de prendas: Cannot read properties of undefined (reading 'json')
[2025-08-25 19:05:24] ERROR: ❌ Error al obtener catálogo de tipos de lugar: Cannot read properties of undefined (reading 'json')
[2025-08-25 19:05:24] ERROR: ❌ Error al obtener catálogo de partes del cuerpo: Cannot read properties of undefined (reading 'json')
[2025-08-25 19:05:24] ERROR: ❌ Error al obtener catálogo de prendas: Cannot read properties of undefined (reading 'json')
[2025-08-25 19:05:24] ERROR: ❌ Error al obtener catálogo de tipos de lugar: Cannot read properties of undefined (reading 'json')
[2025-08-25 19:05:24] ERROR: ❌ Error al obtener catálogo de partes del cuerpo: Cannot read properties of undefined (reading 'json')
[2025-08-25 19:05:24] ERROR: ❌ Error al obtener catálogo de prendas: Cannot read properties of undefined (reading 'json')
[2025-08-25 19:20:28] ERROR: ❌ Error al iniciar la app: SQLITE_RANGE: column index out of range
[2025-08-25 19:24:05] ERROR: ❌ Error al obtener catálogo de tipos de lugar: Cannot read properties of undefined (reading 'json')
[2025-08-25 19:24:05] ERROR: ❌ Error al obtener catálogo de partes del cuerpo: Cannot read properties of undefined (reading 'json')
[2025-08-25 19:24:05] ERROR: ❌ Error al obtener catálogo de prendas: Cannot read properties of undefined (reading 'json')
[2025-08-25 19:24:05] ERROR: ❌ Error al obtener catálogo de tipos de lugar: Cannot read properties of undefined (reading 'json')
[2025-08-25 19:24:05] ERROR: ❌ Error al obtener catálogo de partes del cuerpo: Cannot read properties of undefined (reading 'json')
[2025-08-25 19:24:05] ERROR: ❌ Error al obtener catálogo de prendas: Cannot read properties of undefined (reading 'json')
[2025-08-26 07:56:45] ERROR: ❌ Error al crear ficha: Cannot destructure property 'nombre' of 'req.body' as it is undefined.
[2025-08-26 07:57:04] ERROR: ❌ Error al crear ficha: Cannot destructure property 'nombre' of 'req.body' as it is undefined.
[2025-08-26 08:13:43] ERROR: ❌ Error al obtener catálogo de tipos de lugar: Cannot read properties of undefined (reading 'json')
[2025-08-26 08:13:43] ERROR: ❌ Error en ruta /tipos-lugar: Cannot read properties of undefined (reading 'status')
[2025-08-26 08:13:43] ERROR: ❌ Error al obtener catálogo de partes del cuerpo: Cannot read properties of undefined (reading 'json')
[2025-08-26 08:13:43] ERROR: ❌ Error en ruta /partes-cuerpo: Cannot read properties of undefined (reading 'status')
[2025-08-26 08:13:43] ERROR: ❌ Error al obtener catálogo de prendas: Cannot read properties of undefined (reading 'json')
[2025-08-26 08:13:43] ERROR: ❌ Error en ruta /prendas: Cannot read properties of undefined (reading 'status')
[2025-08-26 08:13:43] ERROR: ❌ Error al obtener catálogo de tipos de lugar: Cannot read properties of undefined (reading 'json')
[2025-08-26 08:13:43] ERROR: ❌ Error en ruta /tipos-lugar: Cannot read properties of undefined (reading 'status')
[2025-08-26 08:13:43] ERROR: ❌ Error al obtener catálogo de partes del cuerpo: Cannot read properties of undefined (reading 'json')
[2025-08-26 08:13:43] ERROR: ❌ Error en ruta /partes-cuerpo: Cannot read properties of undefined (reading 'status')
[2025-08-26 08:13:43] ERROR: ❌ Error al obtener catálogo de prendas: Cannot read properties of undefined (reading 'json')
[2025-08-26 08:13:43] ERROR: ❌ Error en ruta /prendas: Cannot read properties of undefined (reading 'status')
[2025-08-26 08:13:43] ERROR: ❌ Error al obtener catálogo de tipos de lugar: Cannot read properties of undefined (reading 'json')
[2025-08-26 08:13:43] ERROR: ❌ Error en ruta /tipos-lugar: Cannot read properties of undefined (reading 'status')
[2025-08-26 08:13:43] ERROR: ❌ Error al obtener catálogo de partes del cuerpo: Cannot read properties of undefined (reading 'json')
[2025-08-26 08:13:43] ERROR: ❌ Error en ruta /partes-cuerpo: Cannot read properties of undefined (reading 'status')
[2025-08-26 08:13:43] ERROR: ❌ Error al obtener catálogo de prendas: Cannot read properties of undefined (reading 'json')
[2025-08-26 08:13:43] ERROR: ❌ Error en ruta /prendas: Cannot read properties of undefined (reading 'status')
[2025-08-26 08:13:43] ERROR: ❌ Error al obtener catálogo de tipos de lugar: Cannot read properties of undefined (reading 'json')
[2025-08-26 08:13:43] ERROR: ❌ Error en ruta /tipos-lugar: Cannot read properties of undefined (reading 'status')
[2025-08-26 08:13:43] ERROR: ❌ Error al obtener catálogo de partes del cuerpo: Cannot read properties of undefined (reading 'json')
[2025-08-26 08:13:43] ERROR: ❌ Error en ruta /partes-cuerpo: Cannot read properties of undefined (reading 'status')
[2025-08-26 08:13:43] ERROR: ❌ Error al obtener catálogo de prendas: Cannot read properties of undefined (reading 'json')
[2025-08-26 08:13:43] ERROR: ❌ Error en ruta /prendas: Cannot read properties of undefined (reading 'status')
[2025-08-26 08:13:43] ERROR: ❌ Error al obtener catálogo de tipos de lugar: Cannot read properties of undefined (reading 'json')
[2025-08-26 08:13:43] ERROR: ❌ Error en ruta /tipos-lugar: Cannot read properties of undefined (reading 'status')
[2025-08-26 08:13:43] ERROR: ❌ Error al obtener catálogo de partes del cuerpo: Cannot read properties of undefined (reading 'json')
[2025-08-26 08:13:43] ERROR: ❌ Error en ruta /partes-cuerpo: Cannot read properties of undefined (reading 'status')
[2025-08-26 08:13:43] ERROR: ❌ Error al obtener catálogo de prendas: Cannot read properties of undefined (reading 'json')
[2025-08-26 08:13:43] ERROR: ❌ Error en ruta /prendas: Cannot read properties of undefined (reading 'status')
[2025-08-26 08:13:43] ERROR: ❌ Error al obtener catálogo de tipos de lugar: Cannot read properties of undefined (reading 'json')
[2025-08-26 08:13:43] ERROR: ❌ Error en ruta /tipos-lugar: Cannot read properties of undefined (reading 'status')
[2025-08-26 08:13:43] ERROR: ❌ Error al obtener catálogo de partes del cuerpo: Cannot read properties of undefined (reading 'json')
[2025-08-26 08:13:43] ERROR: ❌ Error en ruta /partes-cuerpo: Cannot read properties of undefined (reading 'status')
[2025-08-26 08:13:43] ERROR: ❌ Error al obtener catálogo de prendas: Cannot read properties of undefined (reading 'json')
[2025-08-26 08:13:43] ERROR: ❌ Error en ruta /prendas: Cannot read properties of undefined (reading 'status')
[2025-08-26 08:15:32] ERROR: ❌ Error al crear ficha: Cannot destructure property 'nombre' of 'req.body' as it is undefined.
[2025-08-26 08:16:20] ERROR: ❌ Error al crear ficha: Cannot destructure property 'nombre' of 'req.body' as it is undefined.
[2025-08-26 08:16:20] ERROR: ❌ Error en la ruta POST /api/fichas: Cannot read properties of undefined (reading 'status')
[2025-08-26 08:21:17] ERROR: ❌ Error en el servicio de matching: SQLITE_ERROR: no such table: hallazgo_caracteristicas
[2025-08-26 08:21:17] ERROR: POST /api/fichas - SQLITE_ERROR: cannot rollback - no transaction is active
[2025-08-26 08:22:12] ERROR: ❌ Error en el servicio de matching: SQLITE_ERROR: no such table: hallazgo_caracteristicas
[2025-08-26 08:22:12] ERROR: POST /api/fichas - SQLITE_ERROR: cannot rollback - no transaction is active
[2025-08-27 13:37:06] ERROR: ❌ Error en el servicio de matching: SQLITE_ERROR: no such column: h.id_usuario_reporte
[2025-08-27 13:37:06] ERROR: POST /api/fichas - SQLITE_ERROR: cannot rollback - no transaction is active
[2025-08-27 14:35:16] ERROR: ❌ Error en el servicio de matching: SQLITE_ERROR: no such column: h.id_usuario_creador
[2025-08-27 14:35:16] ERROR: POST /api/fichas - SQLITE_ERROR: cannot rollback - no transaction is active
[2025-08-27 17:18:35] ERROR: ❌ Error en el servicio de matching: SQLITE_ERROR: no such column: h.id_usuario_creador
[2025-08-27 17:18:35] ERROR: POST /api/fichas - SQLITE_ERROR: cannot rollback - no transaction is active
[2025-08-27 18:20:02] ERROR: ❌ Error en el servicio de matching: SQLITE_ERROR: no such column: h.id_usuario_creador
[2025-08-27 18:20:02] ERROR: POST /api/fichas - SQLITE_ERROR: cannot rollback - no transaction is active
[2025-08-27 18:33:45] ERROR: ❌ Error en el servicio de matching: SQLITE_ERROR: no such column: h.foto
[2025-08-27 18:33:45] ERROR: POST /api/fichas - SQLITE_ERROR: cannot rollback - no transaction is active
[2025-08-27 18:38:59] ERROR: ❌ Error en el servicio de matching: SQLITE_ERROR: no such column: h.estado
[2025-08-27 18:38:59] ERROR: POST /api/fichas - SQLITE_ERROR: cannot rollback - no transaction is active
[2025-08-27 18:41:49] ERROR: ❌ Error en el servicio de matching: SQLITE_ERROR: no such column: hrf.id_rasgo
[2025-08-27 18:41:49] ERROR: POST /api/fichas - SQLITE_ERROR: cannot rollback - no transaction is active
[2025-08-27 18:45:39] ERROR: ❌ Error en el servicio de matching: SQLITE_ERROR: no such column: hrf.tipo_rasgo
[2025-08-27 18:45:39] ERROR: POST /api/fichas - SQLITE_ERROR: cannot rollback - no transaction is active
[2025-08-27 18:49:02] ERROR: ❌ Error en el servicio de matching: SQLITE_ERROR: no such column: hrf.descripcion_detalle
[2025-08-27 18:49:02] ERROR: POST /api/fichas - SQLITE_ERROR: cannot rollback - no transaction is active
[2025-08-28 14:40:11] ERROR: ❌ Error al obtener todas las fichas: Cannot read properties of undefined (reading 'json')
[2025-08-28 14:40:11] ERROR: ❌ Error al obtener todas las fichas: Cannot read properties of undefined (reading 'json')
[2025-08-28 14:40:25] ERROR: ❌ Error al obtener todas las fichas: Cannot read properties of undefined (reading 'json')
[2025-08-28 14:40:25] ERROR: ❌ Error al obtener todas las fichas: Cannot read properties of undefined (reading 'json')
[2025-08-28 14:47:42] ERROR: ❌ Error al obtener todas las fichas: Cannot read properties of undefined (reading 'json')
[2025-08-28 14:47:42] ERROR: ❌ Error al obtener todas las fichas: Cannot read properties of undefined (reading 'json')
[2025-08-28 16:31:03] ERROR: ❌ Error al obtener todas las fichas: Cannot read properties of undefined (reading 'json')
[2025-08-28 16:31:03] ERROR: ❌ Error al obtener todas las fichas: Cannot read properties of undefined (reading 'json')
[2025-08-28 16:32:15] ERROR: ❌ Error al obtener todas las fichas: Cannot read properties of undefined (reading 'json')
[2025-08-28 16:32:15] ERROR: ❌ Error al obtener todas las fichas: Cannot read properties of undefined (reading 'json')
[2025-08-28 16:41:29] ERROR: ❌ Error al obtener todas las fichas: Cannot read properties of undefined (reading 'json')
[2025-08-28 16:41:29] ERROR: ❌ Error en la ruta GET /api/fichas: Cannot read properties of undefined (reading 'status')
[2025-08-28 16:41:29] ERROR: ❌ Error al obtener todas las fichas: Cannot read properties of undefined (reading 'json')
[2025-08-28 16:41:29] ERROR: ❌ Error en la ruta GET /api/fichas: Cannot read properties of undefined (reading 'status')
[2025-08-28 16:42:20] ERROR: ❌ Error al obtener todas las fichas: Cannot read properties of undefined (reading 'json')
[2025-08-28 16:42:20] ERROR: ❌ Error en la ruta GET /api/fichas: Cannot read properties of undefined (reading 'status')
[2025-08-28 16:42:20] ERROR: ❌ Error al obtener todas las fichas: Cannot read properties of undefined (reading 'json')
[2025-08-28 16:42:20] ERROR: ❌ Error en la ruta GET /api/fichas: Cannot read properties of undefined (reading 'status')
[2025-08-28 17:00:28] ERROR: ❌ Error al obtener la ficha por ID: Cannot destructure property 'id' of 'req.params' as it is undefined.
[2025-08-28 17:00:28] ERROR: ❌ Error al obtener la ficha por ID: Cannot destructure property 'id' of 'req.params' as it is undefined.
[2025-08-28 17:00:34] ERROR: ❌ Error al actualizar ficha: Cannot destructure property 'id' of 'req.params' as it is undefined.
[2025-08-28 17:05:36] ERROR: ❌ Error al obtener la ficha por ID: Cannot destructure property 'id' of 'req.params' as it is undefined.
[2025-08-28 17:05:36] ERROR: ❌ Error al obtener la ficha por ID: Cannot destructure property 'id' of 'req.params' as it is undefined.
[2025-08-28 17:06:22] ERROR: ❌ Error al actualizar ficha: Cannot destructure property 'id' of 'req.params' as it is undefined.
[2025-08-28 17:07:14] ERROR: ❌ Error al actualizar ficha: SQLITE_CONSTRAINT: NOT NULL constraint failed: fichas_desaparicion.estado_ficha
[2025-08-28 17:45:27] ERROR: ❌ Error al obtener la ficha por ID: Cannot destructure property 'id' of 'req.params' as it is undefined.
[2025-08-28 17:45:27] ERROR: ❌ Error al obtener la ficha por ID: Cannot destructure property 'id' of 'req.params' as it is undefined.
[2025-08-28 18:07:39] ERROR: ❌ Error al obtener la ficha por ID: Cannot destructure property 'id' of 'req.params' as it is undefined.
[2025-08-28 18:07:40] ERROR: ❌ Error al obtener la ficha por ID: Cannot destructure property 'id' of 'req.params' as it is undefined.
[2025-08-28 19:53:14] ERROR: ❌ Error al obtener la ficha por ID: Cannot destructure property 'id' of 'req.params' as it is undefined.
[2025-08-28 19:53:14] ERROR: ❌ Error al obtener la ficha por ID: Cannot destructure property 'id' of 'req.params' as it is undefined.
[2025-08-28 20:08:25] ERROR: ❌ Error al obtener la ficha por ID: Cannot destructure property 'id' of 'req.params' as it is undefined.
[2025-08-28 20:08:25] ERROR: ❌ Error al obtener la ficha por ID: Cannot destructure property 'id' of 'req.params' as it is undefined.
[2025-08-28 20:18:15] ERROR: ❌ Error al eliminar ficha: Cannot destructure property 'id' of 'req.params' as it is undefined.
[2025-08-29 11:05:15] ERROR: ❌ Error al crear hallazgo: SQLITE_CONSTRAINT: NOT NULL constraint failed: hallazgos.id_usuario_buscador
[2025-08-29 11:05:15] ERROR: POST /api/hallazgos - Error interno del servidor al crear el hallazgo.
[2025-08-29 14:15:22] ERROR: ❌ Error al crear hallazgo: SQLITE_CONSTRAINT: NOT NULL constraint failed: hallazgos.id_usuario_buscador
[2025-08-29 14:15:22] ERROR: POST /api/hallazgos - Error interno del servidor al crear el hallazgo.
[2025-08-29 14:22:52] ERROR: ❌ Error al crear hallazgo: SQLITE_CONSTRAINT: NOT NULL constraint failed: hallazgos.id_usuario_buscador
[2025-08-29 14:22:52] ERROR: POST /api/hallazgos - Error interno del servidor al crear el hallazgo.
[2025-08-29 14:26:32] ERROR: ❌ Error al crear hallazgo: SQLITE_CONSTRAINT: NOT NULL constraint failed: hallazgos.id_usuario_buscador
[2025-08-29 14:26:32] ERROR: POST /api/hallazgos - Error interno del servidor al crear el hallazgo.
[2025-08-29 15:37:43] ERROR: ❌ Error al crear hallazgo: SQLITE_CONSTRAINT: NOT NULL constraint failed: hallazgos.id_usuario_buscador
[2025-08-29 15:37:43] ERROR: POST /api/hallazgos - Error interno del servidor al crear el hallazgo.
[2025-08-29 15:37:49] ERROR: ❌ Error al crear hallazgo: SQLITE_CONSTRAINT: NOT NULL constraint failed: hallazgos.id_usuario_buscador
[2025-08-29 15:37:49] ERROR: POST /api/hallazgos - Error interno del servidor al crear el hallazgo.
[2025-08-29 15:48:41] ERROR: ❌ Error al crear hallazgo: SQLITE_CONSTRAINT: NOT NULL constraint failed: hallazgos.id_usuario_buscador
[2025-08-29 15:48:41] ERROR: POST /api/hallazgos - Error interno del servidor al crear el hallazgo.
[2025-08-29 17:14:17] ERROR: ❌ Error al crear hallazgo: SQLITE_CONSTRAINT: NOT NULL constraint failed: hallazgos.id_usuario_buscador
[2025-08-29 17:14:17] ERROR: POST /api/hallazgos - Error interno del servidor al crear el hallazgo.
[2025-08-29 17:18:56] ERROR: ❌ Error al crear hallazgo: SQLITE_CONSTRAINT: NOT NULL constraint failed: hallazgos.id_usuario_buscador
[2025-08-29 17:18:56] ERROR: POST /api/hallazgos - Error interno del servidor al crear el hallazgo.
[2025-08-29 17:21:00] ERROR: ❌ Error al crear hallazgo: SQLITE_CONSTRAINT: NOT NULL constraint failed: hallazgos.id_usuario_buscador
[2025-08-29 17:21:00] ERROR: POST /api/hallazgos - Error interno del servidor al crear el hallazgo.
[2025-08-29 17:22:22] ERROR: ❌ Error al crear hallazgo: SQLITE_CONSTRAINT: NOT NULL constraint failed: hallazgos.id_usuario_buscador
[2025-08-29 17:22:22] ERROR: POST /api/hallazgos - Error interno del servidor al crear el hallazgo.
[2025-08-29 17:27:43] ERROR: ❌ Error al crear hallazgo: SQLITE_CONSTRAINT: NOT NULL constraint failed: hallazgos.id_usuario_buscador
[2025-08-29 17:27:43] ERROR: POST /api/hallazgos - Error interno del servidor al crear el hallazgo.
[2025-08-29 17:33:26] ERROR: ❌ Error al crear hallazgo: SQLITE_ERROR: table hallazgo_caracteristicas has no column named descripcion_detalle
[2025-08-29 17:34:51] ERROR: ❌ Error al crear hallazgo: SQLITE_ERROR: table hallazgo_caracteristicas has no column named descripcion_detalle
[2025-08-29 17:50:29] ERROR: ❌ Error al crear hallazgo: SQLITE_ERROR: table hallazgo_caracteristicas has no column named descripcion_detalle
[2025-08-29 17:54:53] ERROR: ❌ Error al crear hallazgo: SQLITE_ERROR: table hallazgo_caracteristicas has no column named descripcion_detalle
[2025-08-29 17:57:24] ERROR: ❌ Error al crear hallazgo: SQLITE_ERROR: table hallazgo_caracteristicas has no column named descripcion_detalle
[2025-08-29 17:58:37] ERROR: ❌ Error al crear hallazgo: SQLITE_ERROR: table hallazgo_caracteristicas has no column named descripcion_detalle
[2025-08-29 17:59:13] ERROR: ❌ Error al crear hallazgo: SQLITE_ERROR: table hallazgo_caracteristicas has no column named descripcion_detalle
[2025-08-29 18:07:34] ERROR: ❌ Error al buscar coincidencias para hallazgo: SQLITE_ERROR: no such column: fc.descripcion_detalle
[2025-08-29 19:49:41] ERROR: ❌ Error al buscar coincidencias para hallazgo: SQLITE_ERROR: no such column: fc.descripcion_detalle
[2025-08-31 10:51:23] ERROR: ❌ Error al crear hallazgo: SQLITE_ERROR: table hallazgos has no column named nombre
[2025-08-31 10:56:41] ERROR: ❌ Error en el servicio de matching: SQLITE_ERROR: no such column: hv.foto_evidencia
[2025-08-31 10:56:41] ERROR: POST /api/fichas - SQLITE_ERROR: cannot rollback - no transaction is active
[2025-08-31 11:11:59] ERROR: ❌ Error en el servicio de matching: SQLITE_ERROR: no such column: hv.foto_evidencia
[2025-08-31 11:11:59] ERROR: POST /api/fichas - SQLITE_ERROR: cannot rollback - no transaction is active
[2025-08-31 11:19:17] ERROR: ❌ Error al buscar coincidencias para hallazgo: SQLITE_ERROR: no such table: ficha_caracteristicas
[2025-08-31 11:33:12] ERROR: ❌ Error al buscar coincidencias para hallazgo: SQLITE_ERROR: no such table: ficha_caracteristicas
[2025-08-31 20:21:02] ERROR: ❌ Error en el servicio de matching: Cannot read properties of undefined (reading 'estado')
[2025-08-31 20:21:02] ERROR: ❌ Error al obtener coincidencias del usuario: Cannot read properties of undefined (reading 'estado')
[2025-08-31 20:21:02] ERROR: ❌ Error al obtener estadísticas del feed: SQLITE_ERROR: no such column: fecha_encontrado
[2025-08-31 20:21:02] ERROR: ❌ Error al obtener mensajes del administrador: SQLITE_ERROR: no such column: titulo
[2025-08-31 20:21:02] ERROR: ❌ Error en el servicio de matching: Cannot read properties of undefined (reading 'estado')
[2025-08-31 20:21:02] ERROR: ❌ Error al obtener coincidencias del usuario: Cannot read properties of undefined (reading 'estado')
[2025-08-31 20:21:02] ERROR: ❌ Error al obtener estadísticas del feed: SQLITE_ERROR: no such column: fecha_encontrado
[2025-08-31 20:21:02] ERROR: ❌ Error al obtener mensajes del administrador: SQLITE_ERROR: no such column: titulo
[2025-08-31 20:21:32] ERROR: ❌ Error en el servicio de matching: Cannot read properties of undefined (reading 'estado')
[2025-08-31 20:21:32] ERROR: ❌ Error al obtener coincidencias del usuario: Cannot read properties of undefined (reading 'estado')
[2025-08-31 20:21:32] ERROR: ❌ Error al obtener estadísticas del feed: SQLITE_ERROR: no such column: fecha_encontrado
[2025-08-31 20:21:32] ERROR: ❌ Error al obtener mensajes del administrador: SQLITE_ERROR: no such column: titulo
[2025-08-31 20:21:32] ERROR: ❌ Error en el servicio de matching: Cannot read properties of undefined (reading 'estado')
[2025-08-31 20:21:32] ERROR: ❌ Error al obtener coincidencias del usuario: Cannot read properties of undefined (reading 'estado')
[2025-08-31 20:21:32] ERROR: ❌ Error al obtener estadísticas del feed: SQLITE_ERROR: no such column: fecha_encontrado
[2025-08-31 20:21:32] ERROR: ❌ Error al obtener mensajes del administrador: SQLITE_ERROR: no such column: titulo
[2025-09-01 08:16:17] ERROR: ❌ Error en el servicio de matching: Cannot read properties of undefined (reading 'estado')
[2025-09-01 08:16:17] ERROR: ❌ Error al obtener coincidencias del usuario: Cannot read properties of undefined (reading 'estado')
[2025-09-01 08:16:17] ERROR: ❌ Error al obtener mensajes del administrador: SQLITE_ERROR: no such column: titulo
[2025-09-01 08:16:18] ERROR: ❌ Error en el servicio de matching: Cannot read properties of undefined (reading 'estado')
[2025-09-01 08:16:18] ERROR: ❌ Error al obtener coincidencias del usuario: Cannot read properties of undefined (reading 'estado')
[2025-09-01 08:16:18] ERROR: ❌ Error al obtener mensajes del administrador: SQLITE_ERROR: no such column: titulo
[2025-09-01 08:22:29] ERROR: ❌ Error en el servicio de matching: Cannot read properties of undefined (reading 'estado')
[2025-09-01 08:22:29] ERROR: ❌ Error al obtener coincidencias del usuario: Cannot read properties of undefined (reading 'estado')
[2025-09-01 08:22:29] ERROR: ❌ Error en el servicio de matching: Cannot read properties of undefined (reading 'estado')
[2025-09-01 08:22:29] ERROR: ❌ Error al obtener coincidencias del usuario: Cannot read properties of undefined (reading 'estado')
[2025-09-02 14:52:39] ERROR: ❌ Error al iniciar la app: SQLITE_ERROR: near ")": syntax error
[2025-09-02 14:53:45] ERROR: ❌ Error al iniciar la app: SQLITE_ERROR: near ")": syntax error
[2025-09-02 14:56:37] ERROR: ❌ Error al iniciar la app: SQLITE_ERROR: near ")": syntax error
[2025-09-03 19:49:43] ERROR: ❌ Error al iniciar la app: WebSocket.Server is not a constructor
[2025-09-05 10:49:52] ERROR: ❌ Error al buscar coincidencias para hallazgo: Cannot read properties of undefined (reading 'toLowerCase')
[2025-09-05 11:13:30] ERROR: ❌ Error al buscar coincidencias para hallazgo: Cannot read properties of undefined (reading 'toLowerCase')
[2025-09-05 18:55:16] ERROR: ❌ Error al buscar hallazgos para el feed: Cannot access 'hallazgosSql' before initialization
[2025-09-05 18:55:23] ERROR: ❌ Error al buscar hallazgos para el feed: Cannot access 'hallazgosSql' before initialization
[2025-09-06 13:29:19] ERROR: ❌ Error al iniciar la app: SQLITE_ERROR: Cannot add a UNIQUE column
[2025-09-06 14:15:28] ERROR: ❌ Error al iniciar la app: SQLITE_ERROR: Cannot add a UNIQUE column
[2025-09-06 14:15:47] ERROR: ❌ Error al iniciar la app: SQLITE_ERROR: Cannot add a UNIQUE column
[2025-09-06 14:16:01] ERROR: ❌ Error al iniciar la app: SQLITE_ERROR: Cannot add a UNIQUE column
[2025-09-06 14:16:21] ERROR: ❌ Error al iniciar la app: SQLITE_ERROR: Cannot add a UNIQUE column
[2025-09-06 14:16:40] ERROR: ❌ Error al iniciar la app: SQLITE_ERROR: Cannot add a UNIQUE column
[2025-09-06 14:47:22] ERROR: ❌ Error al iniciar la app: SQLITE_ERROR: near "/": syntax error
[2025-09-11 15:47:06] ERROR: ❌ Error al obtener mensajes del administrador: SQLITE_ERROR: no such column: estado
[2025-09-11 15:47:06] ERROR: ❌ Error al obtener mensajes del administrador: SQLITE_ERROR: no such column: estado
[2025-09-11 15:47:06] ERROR: ❌ Error al obtener mensajes del administrador: SQLITE_ERROR: no such column: estado
[2025-09-11 15:47:06] ERROR: ❌ Error al obtener mensajes del administrador: SQLITE_ERROR: no such column: estado
[2025-09-11 15:47:18] ERROR: ❌ Error al obtener mensajes del administrador: SQLITE_ERROR: no such column: estado
[2025-09-11 15:47:18] ERROR: ❌ Error al obtener mensajes del administrador: SQLITE_ERROR: no such column: estado
[2025-09-11 15:47:18] ERROR: ❌ Error al obtener mensajes del administrador: SQLITE_ERROR: no such column: estado
[2025-09-11 15:47:18] ERROR: ❌ Error al obtener mensajes del administrador: SQLITE_ERROR: no such column: estado
[2025-09-11 15:53:27] ERROR: ❌ Error al obtener mensajes del administrador: SQLITE_ERROR: no such column: estado
[2025-09-11 15:53:27] ERROR: ❌ Error al obtener mensajes del administrador: SQLITE_ERROR: no such column: estado
[2025-09-11 15:53:27] ERROR: ❌ Error al obtener mensajes del administrador: SQLITE_ERROR: no such column: estado
[2025-09-11 15:53:27] ERROR: ❌ Error al obtener mensajes del administrador: SQLITE_ERROR: no such column: estado
[2025-09-11 17:41:18] ERROR: ❌ Error al obtener los reportes pendientes: SQLITE_ERROR: no such column: mr.id_reporte
[2025-09-11 17:41:18] ERROR: ❌ Error en el controlador getReports: SQLITE_ERROR: no such column: mr.id_reporte
[2025-09-11 17:41:27] ERROR: ❌ Error al obtener los reportes pendientes: SQLITE_ERROR: no such column: mr.id_reporte
[2025-09-11 17:41:27] ERROR: ❌ Error en el controlador getReports: SQLITE_ERROR: no such column: mr.id_reporte
[2025-09-11 17:41:38] ERROR: ❌ Error al obtener los reportes pendientes: SQLITE_ERROR: no such column: mr.id_reporte
[2025-09-11 17:41:38] ERROR: ❌ Error en el controlador getReports: SQLITE_ERROR: no such column: mr.id_reporte
[2025-09-11 17:41:38] ERROR: ❌ Error al obtener los reportes pendientes: SQLITE_ERROR: no such column: mr.id_reporte
[2025-09-11 17:41:38] ERROR: ❌ Error en el controlador getReports: SQLITE_ERROR: no such column: mr.id_reporte
[2025-09-11 17:45:03] ERROR: ❌ Error al obtener los reportes pendientes: SQLITE_ERROR: no such column: mr.id_reporte
[2025-09-11 17:45:03] ERROR: ❌ Error en el controlador getReports: SQLITE_ERROR: no such column: mr.id_reporte
[2025-09-11 17:45:06] ERROR: ❌ Error al obtener los reportes pendientes: SQLITE_ERROR: no such column: mr.id_reporte
[2025-09-11 17:45:06] ERROR: ❌ Error en el controlador getReports: SQLITE_ERROR: no such column: mr.id_reporte
[2025-09-11 17:45:06] ERROR: ❌ Error al obtener los reportes pendientes: SQLITE_ERROR: no such column: mr.id_reporte
[2025-09-11 17:45:06] ERROR: ❌ Error en el controlador getReports: SQLITE_ERROR: no such column: mr.id_reporte
[2025-09-11 17:46:00] ERROR: ❌ Error al obtener los reportes pendientes: SQLITE_ERROR: no such column: mr.id_reporte
[2025-09-11 17:46:00] ERROR: ❌ Error en el controlador getReports: SQLITE_ERROR: no such column: mr.id_reporte
[2025-09-11 17:46:17] ERROR: ❌ Error al obtener los reportes pendientes: SQLITE_ERROR: no such column: mr.id_reporte
[2025-09-11 17:46:17] ERROR: ❌ Error en el controlador getReports: SQLITE_ERROR: no such column: mr.id_reporte
[2025-09-11 17:46:31] ERROR: ❌ Error al obtener los reportes pendientes: SQLITE_ERROR: no such column: mr.id_reporte
[2025-09-11 17:46:31] ERROR: ❌ Error en el controlador getReports: SQLITE_ERROR: no such column: mr.id_reporte
[2025-09-11 17:46:34] ERROR: ❌ Error al obtener los reportes pendientes: SQLITE_ERROR: no such column: mr.id_reporte
[2025-09-11 17:46:34] ERROR: ❌ Error en el controlador getReports: SQLITE_ERROR: no such column: mr.id_reporte
[2025-09-11 17:46:34] ERROR: ❌ Error al obtener los reportes pendientes: SQLITE_ERROR: no such column: mr.id_reporte
[2025-09-11 17:46:34] ERROR: ❌ Error en el controlador getReports: SQLITE_ERROR: no such column: mr.id_reporte
[2025-09-11 17:48:39] ERROR: ❌ Error al obtener los reportes pendientes: SQLITE_ERROR: no such column: mr.motivo
[2025-09-11 17:48:39] ERROR: ❌ Error en el controlador getReports: SQLITE_ERROR: no such column: mr.motivo
[2025-09-11 17:48:39] ERROR: ❌ Error al obtener los reportes pendientes: SQLITE_ERROR: no such column: mr.motivo
[2025-09-11 17:48:39] ERROR: ❌ Error en el controlador getReports: SQLITE_ERROR: no such column: mr.motivo
[2025-09-11 17:55:10] ERROR: ❌ Error al obtener los reportes pendientes: SQLITE_ERROR: no such column: mr.id_reporte
[2025-09-11 17:55:10] ERROR: ❌ Error en el controlador getReports: SQLITE_ERROR: no such column: mr.id_reporte
[2025-09-11 17:55:10] ERROR: ❌ Error al obtener los reportes pendientes: SQLITE_ERROR: no such column: mr.id_reporte
[2025-09-11 17:55:10] ERROR: ❌ Error en el controlador getReports: SQLITE_ERROR: no such column: mr.id_reporte
[2025-09-15 18:08:19] ERROR: ❌ Error al obtener los hallazgos del usuario: Cannot read properties of null (reading 'data')
[2025-09-15 18:08:19] ERROR: ❌ Error al obtener los hallazgos del usuario: Cannot read properties of null (reading 'data')
[2025-09-15 18:08:29] ERROR: ❌ Error al obtener los hallazgos del usuario: Cannot read properties of null (reading 'data')
[2025-09-15 18:08:46] ERROR: ❌ Error al obtener los hallazgos del usuario: Cannot read properties of null (reading 'data')
[2025-09-15 18:08:46] ERROR: ❌ Error al obtener los hallazgos del usuario: Cannot read properties of null (reading 'data')
[2025-09-15 18:11:08] ERROR: ❌ Error al obtener los hallazgos del usuario: Cannot read properties of null (reading 'data')
[2025-09-15 18:11:08] ERROR: ❌ Error al obtener los hallazgos del usuario: Cannot read properties of null (reading 'data')
[2025-09-15 19:17:17] ERROR: ❌ Error al obtener los hallazgos del usuario: Cannot read properties of null (reading 'data')
[2025-09-15 19:17:17] ERROR: ❌ Error al obtener los hallazgos del usuario: Cannot read properties of null (reading 'data')
[2025-09-15 19:17:31] ERROR: ❌ Error al obtener los hallazgos del usuario: Cannot read properties of null (reading 'data')
[2025-09-15 19:17:31] ERROR: ❌ Error al obtener los hallazgos del usuario: Cannot read properties of null (reading 'data')
[2025-09-15 19:18:09] ERROR: ❌ Error al obtener los hallazgos del usuario: Cannot read properties of null (reading 'data')
[2025-09-15 19:18:09] ERROR: ❌ Error al obtener los hallazgos del usuario: Cannot read properties of null (reading 'data')
[2025-09-15 19:26:43] ERROR: ❌ Error al obtener los hallazgos del usuario: hallazgosDB is not defined
[2025-09-15 19:26:43] ERROR: ❌ Error al obtener los hallazgos del usuario: hallazgosDB is not defined
[2025-09-17 08:44:12] ERROR: ❌ Error en el servicio de matching: Cannot read properties of undefined (reading 'id_usuario_creador')
[2025-09-17 08:44:12] ERROR: POST /api/fichas - SQLITE_ERROR: cannot rollback - no transaction is active
[2025-09-17 08:54:13] ERROR: ❌ Error en el servicio de matching: Cannot read properties of undefined (reading 'id_usuario_creador')
[2025-09-17 08:54:13] ERROR: POST /api/fichas - SQLITE_ERROR: cannot rollback - no transaction is active
[2025-09-17 09:08:38] ERROR: ❌ Error fatal en el servicio de matching: hallazgosQueries is not defined
[2025-09-17 09:18:30] ERROR: ❌ Error al actualizar ficha: SQLITE_ERROR: no such column: tipo_lugar
[2025-09-17 09:22:19] ERROR: ❌ Error fatal en el servicio de matching: hallazgosQueries is not defined
