[2025-07-23 12:58:26] ERROR: uncaughtException: app is not defined
ReferenceError: app is not defined
    at file:///home/alex1986/test_gastos_bot/gastos_bot/backend/routes/estadoServicio.js:21:1
    at ModuleJob.run (node:internal/modules/esm/module_job:263:25)
    at async ModuleLoader.import (node:internal/modules/esm/loader:540:24)
    at async asyncRunEntryPointWithESMLoader (node:internal/modules/run_main:117:5)
[2025-07-23 12:58:48] ERROR: uncaughtException: app is not defined
ReferenceError: app is not defined
    at file:///home/alex1986/test_gastos_bot/gastos_bot/backend/routes/estadoServicio.js:21:1
    at ModuleJob.run (node:internal/modules/esm/module_job:263:25)
    at async ModuleLoader.import (node:internal/modules/esm/loader:540:24)
    at async asyncRunEntryPointWithESMLoader (node:internal/modules/run_main:117:5)
[2025-07-25 19:40:50] ERROR: uncaughtException: authMiddleware is not defined
ReferenceError: authMiddleware is not defined
    at file:///home/alex1986/test_gastos_bot/gastos_bot/backend/routes/cancelaciones.js:9:26
    at ModuleJob.run (node:internal/modules/esm/module_job:263:25)
    at async ModuleLoader.import (node:internal/modules/esm/loader:540:24)
    at async asyncRunEntryPointWithESMLoader (node:internal/modules/run_main:117:5)
[2025-07-25 20:00:51] ERROR: uncaughtException: authMiddleware is not defined
ReferenceError: authMiddleware is not defined
    at file:///home/alex1986/test_gastos_bot/gastos_bot/backend/routes/cancelaciones.js:14:17
    at ModuleJob.run (node:internal/modules/esm/module_job:263:25)
    at async ModuleLoader.import (node:internal/modules/esm/loader:540:24)
    at async asyncRunEntryPointWithESMLoader (node:internal/modules/run_main:117:5)
[2025-07-26 08:01:44] ERROR: uncaughtException: db is not defined
ReferenceError: db is not defined
    at file:///home/alex1986/test_gastos_bot/gastos_bot/backend/db/users/initDb.js:112:29
    at ModuleJob.run (node:internal/modules/esm/module_job:263:25)
    at async ModuleLoader.import (node:internal/modules/esm/loader:540:24)
    at async asyncRunEntryPointWithESMLoader (node:internal/modules/run_main:117:5)
[2025-07-30 16:59:24] ERROR: uncaughtException: verificarToken is not defined
ReferenceError: verificarToken is not defined
    at file:///home/alex1986/test_gastos_bot/gastos_bot/backend/routes/admin.js:35:26
    at ModuleJob.run (node:internal/modules/esm/module_job:263:25)
    at async ModuleLoader.import (node:internal/modules/esm/loader:540:24)
    at async asyncRunEntryPointWithESMLoader (node:internal/modules/run_main:117:5)
[2025-07-30 17:04:14] ERROR: uncaughtException: verificarToken is not defined
ReferenceError: verificarToken is not defined
    at file:///home/alex1986/test_gastos_bot/gastos_bot/backend/routes/admin.js:35:26
    at ModuleJob.run (node:internal/modules/esm/module_job:263:25)
    at async ModuleLoader.import (node:internal/modules/esm/loader:540:24)
    at async asyncRunEntryPointWithESMLoader (node:internal/modules/run_main:117:5)
[2025-08-01 07:57:58] ERROR: uncaughtException: getFacturasRecientesController is not defined
ReferenceError: getFacturasRecientesController is not defined
    at file:///home/alex1986/test_gastos_bot/gastos_bot/backend/routes/admin.js:53:50
    at ModuleJob.run (node:internal/modules/esm/module_job:263:25)
    at async ModuleLoader.import (node:internal/modules/esm/loader:540:24)
    at async asyncRunEntryPointWithESMLoader (node:internal/modules/run_main:117:5)
[2025-08-01 07:58:08] ERROR: uncaughtException: argument handler is required
TypeError: argument handler is required
    at Route.<computed> [as get] (/home/alex1986/test_gastos_bot/gastos_bot/backend/node_modules/router/lib/route.js:221:13)
    at Router.<computed> [as get] (/home/alex1986/test_gastos_bot/gastos_bot/backend/node_modules/router/index.js:448:19)
    at file:///home/alex1986/test_gastos_bot/gastos_bot/backend/routes/admin.js:53:8
    at ModuleJob.run (node:internal/modules/esm/module_job:263:25)
    at async ModuleLoader.import (node:internal/modules/esm/loader:540:24)
    at async asyncRunEntryPointWithESMLoader (node:internal/modules/run_main:117:5)
[2025-08-01 07:58:26] ERROR: uncaughtException: argument handler is required
TypeError: argument handler is required
    at Route.<computed> [as get] (/home/alex1986/test_gastos_bot/gastos_bot/backend/node_modules/router/lib/route.js:221:13)
    at Router.<computed> [as get] (/home/alex1986/test_gastos_bot/gastos_bot/backend/node_modules/router/index.js:448:19)
    at file:///home/alex1986/test_gastos_bot/gastos_bot/backend/routes/admin.js:54:8
    at ModuleJob.run (node:internal/modules/esm/module_job:263:25)
    at async ModuleLoader.import (node:internal/modules/esm/loader:540:24)
    at async asyncRunEntryPointWithESMLoader (node:internal/modules/run_main:117:5)
[2025-08-03 13:07:04] ERROR: uncaughtException: argument handler must be a function
TypeError: argument handler must be a function
    at Route.<computed> [as get] (/home/alex1986/test_gastos_bot/gastos_bot/backend/node_modules/router/lib/route.js:228:15)
    at Router.<computed> [as get] (/home/alex1986/test_gastos_bot/gastos_bot/backend/node_modules/router/index.js:448:19)
    at file:///home/alex1986/test_gastos_bot/gastos_bot/backend/routes/usuarios.js:17:8
    at ModuleJob.run (node:internal/modules/esm/module_job:263:25)
    at async ModuleLoader.import (node:internal/modules/esm/loader:540:24)
    at async asyncRunEntryPointWithESMLoader (node:internal/modules/run_main:117:5)
[2025-08-03 13:07:13] ERROR: uncaughtException: argument handler must be a function
TypeError: argument handler must be a function
    at Route.<computed> [as get] (/home/alex1986/test_gastos_bot/gastos_bot/backend/node_modules/router/lib/route.js:228:15)
    at Router.<computed> [as get] (/home/alex1986/test_gastos_bot/gastos_bot/backend/node_modules/router/index.js:448:19)
    at file:///home/alex1986/test_gastos_bot/gastos_bot/backend/routes/usuarios.js:17:8
    at ModuleJob.run (node:internal/modules/esm/module_job:263:25)
    at async ModuleLoader.import (node:internal/modules/esm/loader:540:24)
    at async asyncRunEntryPointWithESMLoader (node:internal/modules/run_main:117:5)
[2025-08-03 13:07:31] ERROR: uncaughtException: argument handler must be a function
TypeError: argument handler must be a function
    at Route.<computed> [as get] (/home/alex1986/test_gastos_bot/gastos_bot/backend/node_modules/router/lib/route.js:228:15)
    at Router.<computed> [as get] (/home/alex1986/test_gastos_bot/gastos_bot/backend/node_modules/router/index.js:448:19)
    at file:///home/alex1986/test_gastos_bot/gastos_bot/backend/routes/usuarios.js:17:8
    at ModuleJob.run (node:internal/modules/esm/module_job:263:25)
    at async ModuleLoader.import (node:internal/modules/esm/loader:540:24)
    at async asyncRunEntryPointWithESMLoader (node:internal/modules/run_main:117:5)
[2025-08-04 13:24:24] ERROR: uncaughtException: loginAdmin is not defined
ReferenceError: loginAdmin is not defined
    at file:///home/alex1986/test_gastos_bot/gastos_bot/backend/routes/admin.js:22:23
    at ModuleJob.run (node:internal/modules/esm/module_job:263:25)
    at async ModuleLoader.import (node:internal/modules/esm/loader:540:24)
    at async asyncRunEntryPointWithESMLoader (node:internal/modules/run_main:117:5)
[2025-08-08 18:54:51] ERROR: uncaughtException: __dirname is not defined in ES module scope
This file is being treated as an ES module because it has a '.js' file extension and '/home/alex1986/test_gastos_bot/gastos_bot/backend/package.json' contains "type": "module". To treat it as a CommonJS script, rename it to use the '.cjs' file extension.
ReferenceError: __dirname is not defined in ES module scope
This file is being treated as an ES module because it has a '.js' file extension and '/home/alex1986/test_gastos_bot/gastos_bot/backend/package.json' contains "type": "module". To treat it as a CommonJS script, rename it to use the '.cjs' file extension.
    at file:///home/alex1986/test_gastos_bot/gastos_bot/backend/whatsapp/services/flows/facturacion/commerces/ocr/detectTicketData.js:12:34
    at ModuleJob.run (node:internal/modules/esm/module_job:263:25)
    at async ModuleLoader.import (node:internal/modules/esm/loader:540:24)
    at async asyncRunEntryPointWithESMLoader (node:internal/modules/run_main:117:5)
[2025-08-08 18:55:34] ERROR: uncaughtException: __dirname is not defined in ES module scope
This file is being treated as an ES module because it has a '.js' file extension and '/home/alex1986/test_gastos_bot/gastos_bot/backend/package.json' contains "type": "module". To treat it as a CommonJS script, rename it to use the '.cjs' file extension.
ReferenceError: __dirname is not defined in ES module scope
This file is being treated as an ES module because it has a '.js' file extension and '/home/alex1986/test_gastos_bot/gastos_bot/backend/package.json' contains "type": "module". To treat it as a CommonJS script, rename it to use the '.cjs' file extension.
    at file:///home/alex1986/test_gastos_bot/gastos_bot/backend/whatsapp/services/flows/facturacion/commerces/ocr/detectTicketData.js:12:34
    at ModuleJob.run (node:internal/modules/esm/module_job:263:25)
    at async ModuleLoader.import (node:internal/modules/esm/loader:540:24)
    at async asyncRunEntryPointWithESMLoader (node:internal/modules/run_main:117:5)
[2025-08-08 18:56:28] ERROR: uncaughtException: __dirname is not defined in ES module scope
This file is being treated as an ES module because it has a '.js' file extension and '/home/alex1986/test_gastos_bot/gastos_bot/backend/package.json' contains "type": "module". To treat it as a CommonJS script, rename it to use the '.cjs' file extension.
ReferenceError: __dirname is not defined in ES module scope
This file is being treated as an ES module because it has a '.js' file extension and '/home/alex1986/test_gastos_bot/gastos_bot/backend/package.json' contains "type": "module". To treat it as a CommonJS script, rename it to use the '.cjs' file extension.
    at file:///home/alex1986/test_gastos_bot/gastos_bot/backend/whatsapp/services/flows/facturacion/commerces/ocr/detectTicketData.js:12:34
    at ModuleJob.run (node:internal/modules/esm/module_job:263:25)
    at async ModuleLoader.import (node:internal/modules/esm/loader:540:24)
    at async asyncRunEntryPointWithESMLoader (node:internal/modules/run_main:117:5)
[2025-08-23 07:51:02] ERROR: uncaughtException: path is not defined
ReferenceError: path is not defined
    at file:///home/alex1986/mix-rastros-de-esperanza/gastos_bot/backend/db/users/insertCatalogos.js:236:13
    at ModuleJob.run (node:internal/modules/esm/module_job:263:25)
    at async ModuleLoader.import (node:internal/modules/esm/loader:540:24)
    at async asyncRunEntryPointWithESMLoader (node:internal/modules/run_main:117:5)
[2025-08-23 07:51:17] ERROR: uncaughtException: path is not defined
ReferenceError: path is not defined
    at file:///home/alex1986/mix-rastros-de-esperanza/gastos_bot/backend/db/users/insertCatalogos.js:236:13
    at ModuleJob.run (node:internal/modules/esm/module_job:263:25)
    at async ModuleLoader.import (node:internal/modules/esm/loader:540:24)
    at async asyncRunEntryPointWithESMLoader (node:internal/modules/run_main:117:5)
[2025-08-23 07:54:18] ERROR: uncaughtException: path is not defined
ReferenceError: path is not defined
    at file:///home/alex1986/mix-rastros-de-esperanza/gastos_bot/backend/db/users/insertCatalogos.js:236:13
    at ModuleJob.run (node:internal/modules/esm/module_job:263:25)
    at async ModuleLoader.import (node:internal/modules/esm/loader:540:24)
    at async asyncRunEntryPointWithESMLoader (node:internal/modules/run_main:117:5)
[2025-08-23 07:55:53] ERROR: uncaughtException: path is not defined
ReferenceError: path is not defined
    at file:///home/alex1986/mix-rastros-de-esperanza/gastos_bot/backend/db/users/insertCatalogos.js:236:13
    at ModuleJob.run (node:internal/modules/esm/module_job:263:25)
    at async ModuleLoader.import (node:internal/modules/esm/loader:540:24)
    at async asyncRunEntryPointWithESMLoader (node:internal/modules/run_main:117:5)
[2025-08-23 07:56:16] ERROR: uncaughtException: path is not defined
ReferenceError: path is not defined
    at file:///home/alex1986/mix-rastros-de-esperanza/gastos_bot/backend/db/users/insertCatalogos.js:236:13
    at ModuleJob.run (node:internal/modules/esm/module_job:263:25)
    at async ModuleLoader.import (node:internal/modules/esm/loader:540:24)
    at async asyncRunEntryPointWithESMLoader (node:internal/modules/run_main:117:5)
[2025-08-23 07:56:27] ERROR: uncaughtException: path is not defined
ReferenceError: path is not defined
    at file:///home/alex1986/mix-rastros-de-esperanza/gastos_bot/backend/db/users/insertCatalogos.js:236:13
    at ModuleJob.run (node:internal/modules/esm/module_job:263:25)
    at async ModuleLoader.import (node:internal/modules/esm/loader:540:24)
    at async asyncRunEntryPointWithESMLoader (node:internal/modules/run_main:117:5)
[2025-08-23 07:57:08] ERROR: uncaughtException: path is not defined
ReferenceError: path is not defined
    at file:///home/alex1986/mix-rastros-de-esperanza/gastos_bot/backend/db/users/insertCatalogos.js:236:13
    at ModuleJob.run (node:internal/modules/esm/module_job:263:25)
    at async ModuleLoader.import (node:internal/modules/esm/loader:540:24)
    at async asyncRunEntryPointWithESMLoader (node:internal/modules/run_main:117:5)
[2025-08-23 07:57:21] ERROR: uncaughtException: path is not defined
ReferenceError: path is not defined
    at file:///home/alex1986/mix-rastros-de-esperanza/gastos_bot/backend/db/users/insertCatalogos.js:236:13
    at ModuleJob.run (node:internal/modules/esm/module_job:263:25)
    at async ModuleLoader.import (node:internal/modules/esm/loader:540:24)
    at async asyncRunEntryPointWithESMLoader (node:internal/modules/run_main:117:5)
[2025-08-23 08:00:25] ERROR: uncaughtException: path is not defined
ReferenceError: path is not defined
    at file:///home/alex1986/mix-rastros-de-esperanza/gastos_bot/backend/db/users/insertCatalogos.js:236:13
    at ModuleJob.run (node:internal/modules/esm/module_job:263:25)
    at async ModuleLoader.import (node:internal/modules/esm/loader:540:24)
    at async asyncRunEntryPointWithESMLoader (node:internal/modules/run_main:117:5)
[2025-08-23 08:02:44] ERROR: uncaughtException: path is not defined
ReferenceError: path is not defined
    at file:///home/alex1986/mix-rastros-de-esperanza/gastos_bot/backend/db/users/insertCatalogos.js:236:13
    at ModuleJob.run (node:internal/modules/esm/module_job:263:25)
    at async ModuleLoader.import (node:internal/modules/esm/loader:540:24)
    at async asyncRunEntryPointWithESMLoader (node:internal/modules/run_main:117:5)
[2025-08-23 08:04:17] ERROR: uncaughtException: path is not defined
ReferenceError: path is not defined
    at file:///home/alex1986/mix-rastros-de-esperanza/gastos_bot/backend/db/users/insertCatalogos.js:236:13
    at ModuleJob.run (node:internal/modules/esm/module_job:263:25)
    at async ModuleLoader.import (node:internal/modules/esm/loader:540:24)
    at async asyncRunEntryPointWithESMLoader (node:internal/modules/run_main:117:5)
[2025-08-23 08:04:42] ERROR: uncaughtException: path is not defined
ReferenceError: path is not defined
    at file:///home/alex1986/mix-rastros-de-esperanza/gastos_bot/backend/db/users/insertCatalogos.js:236:13
    at ModuleJob.run (node:internal/modules/esm/module_job:263:25)
    at async ModuleLoader.import (node:internal/modules/esm/loader:540:24)
    at async asyncRunEntryPointWithESMLoader (node:internal/modules/run_main:117:5)
[2025-08-23 08:10:03] ERROR: uncaughtException: path is not defined
ReferenceError: path is not defined
    at file:///home/alex1986/mix-rastros-de-esperanza/gastos_bot/backend/db/users/insertCatalogos.js:236:13
    at ModuleJob.run (node:internal/modules/esm/module_job:263:25)
    at async ModuleLoader.import (node:internal/modules/esm/loader:540:24)
    at async asyncRunEntryPointWithESMLoader (node:internal/modules/run_main:117:5)
[2025-08-23 08:10:05] ERROR: uncaughtException: path is not defined
ReferenceError: path is not defined
    at file:///home/alex1986/mix-rastros-de-esperanza/gastos_bot/backend/db/users/insertCatalogos.js:236:13
    at ModuleJob.run (node:internal/modules/esm/module_job:263:25)
    at async ModuleLoader.import (node:internal/modules/esm/loader:540:24)
    at async asyncRunEntryPointWithESMLoader (node:internal/modules/run_main:117:5)
[2025-08-23 08:10:51] ERROR: uncaughtException: path is not defined
ReferenceError: path is not defined
    at file:///home/alex1986/mix-rastros-de-esperanza/gastos_bot/backend/db/users/insertCatalogos.js:236:13
    at ModuleJob.run (node:internal/modules/esm/module_job:263:25)
    at async ModuleLoader.import (node:internal/modules/esm/loader:540:24)
    at async asyncRunEntryPointWithESMLoader (node:internal/modules/run_main:117:5)
[2025-08-23 08:11:17] ERROR: uncaughtException: path is not defined
ReferenceError: path is not defined
    at file:///home/alex1986/mix-rastros-de-esperanza/gastos_bot/backend/db/users/insertCatalogos.js:236:13
    at ModuleJob.run (node:internal/modules/esm/module_job:263:25)
    at async ModuleLoader.import (node:internal/modules/esm/loader:540:24)
    at async asyncRunEntryPointWithESMLoader (node:internal/modules/run_main:117:5)
[2025-08-23 08:11:27] ERROR: uncaughtException: path is not defined
ReferenceError: path is not defined
    at file:///home/alex1986/mix-rastros-de-esperanza/gastos_bot/backend/db/users/insertCatalogos.js:236:13
    at ModuleJob.run (node:internal/modules/esm/module_job:263:25)
    at async ModuleLoader.import (node:internal/modules/esm/loader:540:24)
    at async asyncRunEntryPointWithESMLoader (node:internal/modules/run_main:117:5)
[2025-08-23 08:14:37] ERROR: uncaughtException: path is not defined
ReferenceError: path is not defined
    at file:///home/alex1986/mix-rastros-de-esperanza/gastos_bot/backend/db/users/insertCatalogos.js:236:13
    at ModuleJob.run (node:internal/modules/esm/module_job:263:25)
    at async ModuleLoader.import (node:internal/modules/esm/loader:540:24)
    at async asyncRunEntryPointWithESMLoader (node:internal/modules/run_main:117:5)
[2025-08-23 08:14:45] ERROR: uncaughtException: path is not defined
ReferenceError: path is not defined
    at file:///home/alex1986/mix-rastros-de-esperanza/gastos_bot/backend/db/users/insertCatalogos.js:236:13
    at ModuleJob.run (node:internal/modules/esm/module_job:263:25)
    at async ModuleLoader.import (node:internal/modules/esm/loader:540:24)
    at async asyncRunEntryPointWithESMLoader (node:internal/modules/run_main:117:5)
[2025-08-23 08:22:43] ERROR: uncaughtException: path is not defined
ReferenceError: path is not defined
    at file:///home/alex1986/mix-rastros-de-esperanza/gastos_bot/backend/db/users/insertCatalogos.js:236:13
    at ModuleJob.run (node:internal/modules/esm/module_job:263:25)
    at async ModuleLoader.import (node:internal/modules/esm/loader:540:24)
    at async asyncRunEntryPointWithESMLoader (node:internal/modules/run_main:117:5)
[2025-08-23 08:26:04] ERROR: uncaughtException: path is not defined
ReferenceError: path is not defined
    at file:///home/alex1986/mix-rastros-de-esperanza/gastos_bot/backend/db/users/insertCatalogos.js:236:13
    at ModuleJob.run (node:internal/modules/esm/module_job:263:25)
    at async ModuleLoader.import (node:internal/modules/esm/loader:540:24)
    at async asyncRunEntryPointWithESMLoader (node:internal/modules/run_main:117:5)
[2025-08-23 08:27:00] ERROR: uncaughtException: path is not defined
ReferenceError: path is not defined
    at file:///home/alex1986/mix-rastros-de-esperanza/gastos_bot/backend/db/users/insertCatalogos.js:236:13
    at ModuleJob.run (node:internal/modules/esm/module_job:263:25)
    at async ModuleLoader.import (node:internal/modules/esm/loader:540:24)
    at async asyncRunEntryPointWithESMLoader (node:internal/modules/run_main:117:5)
[2025-08-23 08:27:07] ERROR: uncaughtException: path is not defined
ReferenceError: path is not defined
    at file:///home/alex1986/mix-rastros-de-esperanza/gastos_bot/backend/db/users/insertCatalogos.js:236:13
    at ModuleJob.run (node:internal/modules/esm/module_job:263:25)
    at async ModuleLoader.import (node:internal/modules/esm/loader:540:24)
    at async asyncRunEntryPointWithESMLoader (node:internal/modules/run_main:117:5)
[2025-08-23 08:27:13] ERROR: uncaughtException: path is not defined
ReferenceError: path is not defined
    at file:///home/alex1986/mix-rastros-de-esperanza/gastos_bot/backend/db/users/insertCatalogos.js:236:13
    at ModuleJob.run (node:internal/modules/esm/module_job:263:25)
    at async ModuleLoader.import (node:internal/modules/esm/loader:540:24)
    at async asyncRunEntryPointWithESMLoader (node:internal/modules/run_main:117:5)
[2025-08-23 08:27:22] ERROR: uncaughtException: path is not defined
ReferenceError: path is not defined
    at file:///home/alex1986/mix-rastros-de-esperanza/gastos_bot/backend/db/users/insertCatalogos.js:236:13
    at ModuleJob.run (node:internal/modules/esm/module_job:263:25)
    at async ModuleLoader.import (node:internal/modules/esm/loader:540:24)
    at async asyncRunEntryPointWithESMLoader (node:internal/modules/run_main:117:5)
[2025-08-23 08:27:31] ERROR: uncaughtException: path is not defined
ReferenceError: path is not defined
    at file:///home/alex1986/mix-rastros-de-esperanza/gastos_bot/backend/db/users/insertCatalogos.js:236:13
    at ModuleJob.run (node:internal/modules/esm/module_job:263:25)
    at async ModuleLoader.import (node:internal/modules/esm/loader:540:24)
    at async asyncRunEntryPointWithESMLoader (node:internal/modules/run_main:117:5)
[2025-08-23 08:27:39] ERROR: uncaughtException: path is not defined
ReferenceError: path is not defined
    at file:///home/alex1986/mix-rastros-de-esperanza/gastos_bot/backend/db/users/insertCatalogos.js:236:13
    at ModuleJob.run (node:internal/modules/esm/module_job:263:25)
    at async ModuleLoader.import (node:internal/modules/esm/loader:540:24)
    at async asyncRunEntryPointWithESMLoader (node:internal/modules/run_main:117:5)
[2025-08-23 08:30:24] ERROR: uncaughtException: path is not defined
ReferenceError: path is not defined
    at file:///home/alex1986/mix-rastros-de-esperanza/gastos_bot/backend/db/users/insertCatalogos.js:236:13
    at ModuleJob.run (node:internal/modules/esm/module_job:263:25)
    at async ModuleLoader.import (node:internal/modules/esm/loader:540:24)
    at async asyncRunEntryPointWithESMLoader (node:internal/modules/run_main:117:5)
[2025-08-23 13:57:47] ERROR: uncaughtException: path is not defined
ReferenceError: path is not defined
    at file:///home/alex1986/mix-rastros-de-esperanza/gastos_bot/backend/db/users/insertCatalogos.js:236:13
    at ModuleJob.run (node:internal/modules/esm/module_job:263:25)
    at async ModuleLoader.import (node:internal/modules/esm/loader:540:24)
    at async asyncRunEntryPointWithESMLoader (node:internal/modules/run_main:117:5)
[2025-08-23 14:05:34] ERROR: uncaughtException: path is not defined
ReferenceError: path is not defined
    at file:///home/alex1986/mix-rastros-de-esperanza/gastos_bot/backend/db/users/insertCatalogos.js:236:13
    at ModuleJob.run (node:internal/modules/esm/module_job:263:25)
    at async ModuleLoader.import (node:internal/modules/esm/loader:540:24)
    at async asyncRunEntryPointWithESMLoader (node:internal/modules/run_main:117:5)
[2025-08-23 14:06:34] ERROR: uncaughtException: path is not defined
ReferenceError: path is not defined
    at file:///home/alex1986/mix-rastros-de-esperanza/gastos_bot/backend/db/users/insertCatalogos.js:236:13
    at ModuleJob.run (node:internal/modules/esm/module_job:263:25)
    at async ModuleLoader.import (node:internal/modules/esm/loader:540:24)
    at async asyncRunEntryPointWithESMLoader (node:internal/modules/run_main:117:5)
[2025-08-23 14:08:14] ERROR: uncaughtException: path is not defined
ReferenceError: path is not defined
    at file:///home/alex1986/mix-rastros-de-esperanza/gastos_bot/backend/db/users/insertCatalogos.js:236:13
    at ModuleJob.run (node:internal/modules/esm/module_job:263:25)
    at async ModuleLoader.import (node:internal/modules/esm/loader:540:24)
    at async asyncRunEntryPointWithESMLoader (node:internal/modules/run_main:117:5)
[2025-08-23 14:08:48] ERROR: uncaughtException: path is not defined
ReferenceError: path is not defined
    at file:///home/alex1986/mix-rastros-de-esperanza/gastos_bot/backend/db/users/insertCatalogos.js:236:13
    at ModuleJob.run (node:internal/modules/esm/module_job:263:25)
    at async ModuleLoader.import (node:internal/modules/esm/loader:540:24)
    at async asyncRunEntryPointWithESMLoader (node:internal/modules/run_main:117:5)
[2025-08-23 14:09:36] ERROR: uncaughtException: path is not defined
ReferenceError: path is not defined
    at file:///home/alex1986/mix-rastros-de-esperanza/gastos_bot/backend/db/users/insertCatalogos.js:236:13
    at ModuleJob.run (node:internal/modules/esm/module_job:263:25)
    at async ModuleLoader.import (node:internal/modules/esm/loader:540:24)
    at async asyncRunEntryPointWithESMLoader (node:internal/modules/run_main:117:5)
[2025-08-23 14:13:04] ERROR: uncaughtException: path is not defined
ReferenceError: path is not defined
    at file:///home/alex1986/mix-rastros-de-esperanza/gastos_bot/backend/db/users/insertCatalogos.js:236:13
    at ModuleJob.run (node:internal/modules/esm/module_job:263:25)
    at async ModuleLoader.import (node:internal/modules/esm/loader:540:24)
    at async asyncRunEntryPointWithESMLoader (node:internal/modules/run_main:117:5)
[2025-08-23 18:46:41] ERROR: uncaughtException: argument handler must be a function
TypeError: argument handler must be a function
    at Route.<computed> [as get] (/home/alex1986/mix-rastros-de-esperanza/gastos_bot/backend/node_modules/router/lib/route.js:228:15)
    at Router.<computed> [as get] (/home/alex1986/mix-rastros-de-esperanza/gastos_bot/backend/node_modules/router/index.js:448:19)
    at file:///home/alex1986/mix-rastros-de-esperanza/gastos_bot/backend/routes/usuarios.js:11:8
    at ModuleJob.run (node:internal/modules/esm/module_job:263:25)
    at async ModuleLoader.import (node:internal/modules/esm/loader:540:24)
    at async asyncRunEntryPointWithESMLoader (node:internal/modules/run_main:117:5)
[2025-08-23 18:47:05] ERROR: uncaughtException: argument handler must be a function
TypeError: argument handler must be a function
    at Route.<computed> [as get] (/home/alex1986/mix-rastros-de-esperanza/gastos_bot/backend/node_modules/router/lib/route.js:228:15)
    at Router.<computed> [as get] (/home/alex1986/mix-rastros-de-esperanza/gastos_bot/backend/node_modules/router/index.js:448:19)
    at file:///home/alex1986/mix-rastros-de-esperanza/gastos_bot/backend/routes/usuarios.js:11:8
    at ModuleJob.run (node:internal/modules/esm/module_job:263:25)
    at async ModuleLoader.import (node:internal/modules/esm/loader:540:24)
    at async asyncRunEntryPointWithESMLoader (node:internal/modules/run_main:117:5)
[2025-08-23 18:47:36] ERROR: uncaughtException: argument handler must be a function
TypeError: argument handler must be a function
    at Route.<computed> [as get] (/home/alex1986/mix-rastros-de-esperanza/gastos_bot/backend/node_modules/router/lib/route.js:228:15)
    at Router.<computed> [as get] (/home/alex1986/mix-rastros-de-esperanza/gastos_bot/backend/node_modules/router/index.js:448:19)
    at file:///home/alex1986/mix-rastros-de-esperanza/gastos_bot/backend/routes/usuarios.js:11:8
    at ModuleJob.run (node:internal/modules/esm/module_job:263:25)
    at async ModuleLoader.import (node:internal/modules/esm/loader:540:24)
    at async asyncRunEntryPointWithESMLoader (node:internal/modules/run_main:117:5)
[2025-08-23 18:50:38] ERROR: uncaughtException: argument handler must be a function
TypeError: argument handler must be a function
    at Route.<computed> [as get] (/home/alex1986/mix-rastros-de-esperanza/gastos_bot/backend/node_modules/router/lib/route.js:228:15)
    at Router.<computed> [as get] (/home/alex1986/mix-rastros-de-esperanza/gastos_bot/backend/node_modules/router/index.js:448:19)
    at file:///home/alex1986/mix-rastros-de-esperanza/gastos_bot/backend/routes/usuarios.js:11:8
    at ModuleJob.run (node:internal/modules/esm/module_job:263:25)
    at async ModuleLoader.import (node:internal/modules/esm/loader:540:24)
    at async asyncRunEntryPointWithESMLoader (node:internal/modules/run_main:117:5)
[2025-08-23 18:50:44] ERROR: uncaughtException: argument handler must be a function
TypeError: argument handler must be a function
    at Route.<computed> [as get] (/home/alex1986/mix-rastros-de-esperanza/gastos_bot/backend/node_modules/router/lib/route.js:228:15)
    at Router.<computed> [as get] (/home/alex1986/mix-rastros-de-esperanza/gastos_bot/backend/node_modules/router/index.js:448:19)
    at file:///home/alex1986/mix-rastros-de-esperanza/gastos_bot/backend/routes/usuarios.js:11:8
    at ModuleJob.run (node:internal/modules/esm/module_job:263:25)
    at async ModuleLoader.import (node:internal/modules/esm/loader:540:24)
    at async asyncRunEntryPointWithESMLoader (node:internal/modules/run_main:117:5)
[2025-08-23 18:50:49] ERROR: uncaughtException: argument handler must be a function
TypeError: argument handler must be a function
    at Route.<computed> [as get] (/home/alex1986/mix-rastros-de-esperanza/gastos_bot/backend/node_modules/router/lib/route.js:228:15)
    at Router.<computed> [as get] (/home/alex1986/mix-rastros-de-esperanza/gastos_bot/backend/node_modules/router/index.js:448:19)
    at file:///home/alex1986/mix-rastros-de-esperanza/gastos_bot/backend/routes/usuarios.js:11:8
    at ModuleJob.run (node:internal/modules/esm/module_job:263:25)
    at async ModuleLoader.import (node:internal/modules/esm/loader:540:24)
    at async asyncRunEntryPointWithESMLoader (node:internal/modules/run_main:117:5)
[2025-08-23 18:50:56] ERROR: uncaughtException: argument handler must be a function
TypeError: argument handler must be a function
    at Route.<computed> [as get] (/home/alex1986/mix-rastros-de-esperanza/gastos_bot/backend/node_modules/router/lib/route.js:228:15)
    at Router.<computed> [as get] (/home/alex1986/mix-rastros-de-esperanza/gastos_bot/backend/node_modules/router/index.js:448:19)
    at file:///home/alex1986/mix-rastros-de-esperanza/gastos_bot/backend/routes/usuarios.js:11:8
    at ModuleJob.run (node:internal/modules/esm/module_job:263:25)
    at async ModuleLoader.import (node:internal/modules/esm/loader:540:24)
    at async asyncRunEntryPointWithESMLoader (node:internal/modules/run_main:117:5)
[2025-08-23 18:51:09] ERROR: uncaughtException: argument handler must be a function
TypeError: argument handler must be a function
    at Route.<computed> [as get] (/home/alex1986/mix-rastros-de-esperanza/gastos_bot/backend/node_modules/router/lib/route.js:228:15)
    at Router.<computed> [as get] (/home/alex1986/mix-rastros-de-esperanza/gastos_bot/backend/node_modules/router/index.js:448:19)
    at file:///home/alex1986/mix-rastros-de-esperanza/gastos_bot/backend/routes/usuarios.js:11:8
    at ModuleJob.run (node:internal/modules/esm/module_job:263:25)
    at async ModuleLoader.import (node:internal/modules/esm/loader:540:24)
    at async asyncRunEntryPointWithESMLoader (node:internal/modules/run_main:117:5)
[2025-08-23 18:54:30] ERROR: uncaughtException: argument handler must be a function
TypeError: argument handler must be a function
    at Route.<computed> [as get] (/home/alex1986/mix-rastros-de-esperanza/gastos_bot/backend/node_modules/router/lib/route.js:228:15)
    at Router.<computed> [as get] (/home/alex1986/mix-rastros-de-esperanza/gastos_bot/backend/node_modules/router/index.js:448:19)
    at file:///home/alex1986/mix-rastros-de-esperanza/gastos_bot/backend/routes/usuarios.js:11:8
    at ModuleJob.run (node:internal/modules/esm/module_job:263:25)
    at async ModuleLoader.import (node:internal/modules/esm/loader:540:24)
    at async asyncRunEntryPointWithESMLoader (node:internal/modules/run_main:117:5)
[2025-08-23 18:57:26] ERROR: uncaughtException: argument handler must be a function
TypeError: argument handler must be a function
    at Route.<computed> [as get] (/home/alex1986/mix-rastros-de-esperanza/gastos_bot/backend/node_modules/router/lib/route.js:228:15)
    at Router.<computed> [as get] (/home/alex1986/mix-rastros-de-esperanza/gastos_bot/backend/node_modules/router/index.js:448:19)
    at file:///home/alex1986/mix-rastros-de-esperanza/gastos_bot/backend/routes/usuarios.js:11:8
    at ModuleJob.run (node:internal/modules/esm/module_job:263:25)
    at async ModuleLoader.import (node:internal/modules/esm/loader:540:24)
    at async asyncRunEntryPointWithESMLoader (node:internal/modules/run_main:117:5)
[2025-08-31 20:03:31] ERROR: uncaughtException: router is not defined
ReferenceError: router is not defined
    at file:///home/alex1986/mix-rastros-de-esperanza/gastos_bot/backend/routes/feedRoutes.js:7:1
    at ModuleJob.run (node:internal/modules/esm/module_job:263:25)
    at async ModuleLoader.import (node:internal/modules/esm/loader:540:24)
    at async asyncRunEntryPointWithESMLoader (node:internal/modules/run_main:117:5)
[2025-08-31 20:04:00] ERROR: uncaughtException: router is not defined
ReferenceError: router is not defined
    at file:///home/alex1986/mix-rastros-de-esperanza/gastos_bot/backend/routes/feedRoutes.js:8:1
    at ModuleJob.run (node:internal/modules/esm/module_job:263:25)
    at async ModuleLoader.import (node:internal/modules/esm/loader:540:24)
    at async asyncRunEntryPointWithESMLoader (node:internal/modules/run_main:117:5)
[2025-08-31 20:04:24] ERROR: uncaughtException: auth is not defined
ReferenceError: auth is not defined
    at file:///home/alex1986/mix-rastros-de-esperanza/gastos_bot/backend/routes/feedRoutes.js:10:31
    at ModuleJob.run (node:internal/modules/esm/module_job:263:25)
    at async ModuleLoader.import (node:internal/modules/esm/loader:540:24)
    at async asyncRunEntryPointWithESMLoader (node:internal/modules/run_main:117:5)
